<?xml version="1.0" encoding="utf-8"?><testsuites name="pytest tests"><testsuite name="pytest" errors="0" failures="0" skipped="0" tests="77" time="32.773" timestamp="2026-05-16T18:31:51.728001+00:00" hostname="agent-env-542b8ab2-8e98-4fed-a55f-672a78fcb0a9"><testcase classname="tests.test_a1fieldpro" name="test_health" time="0.145" /><testcase classname="tests.test_a1fieldpro" name="test_login_owner_sets_cookie" time="0.345" /><testcase classname="tests.test_a1fieldpro" name="test_login_invalid" time="0.327" /><testcase classname="tests.test_a1fieldpro" name="test_me_returns_user_and_company" time="0.444" /><testcase classname="tests.test_a1fieldpro" name="test_me_unauthenticated" time="0.161" /><testcase classname="tests.test_a1fieldpro" name="test_logout_clears_cookie" time="0.684" /><testcase classname="tests.test_a1fieldpro" name="test_register_creates_company_and_owner" time="0.516" /><testcase classname="tests.test_a1fieldpro" name="test_list_jobs_seeded" time="0.075" /><testcase classname="tests.test_a1fieldpro" name="test_jobs_mine_for_technician" time="0.520" /><testcase classname="tests.test_a1fieldpro" name="test_job_crud" time="0.373" /><testcase classname="tests.test_a1fieldpro" name="test_technician_cannot_delete_job" time="0.202" /><testcase classname="tests.test_a1fieldpro" name="test_dashboard_stats" time="0.099" /><testcase classname="tests.test_a1fieldpro" name="test_team_list" time="0.070" /><testcase classname="tests.test_a1fieldpro" name="test_team_create_and_delete" time="0.356" /><testcase classname="tests.test_a1fieldpro" name="test_tech_cannot_create_team" time="0.069" /><testcase classname="tests.test_a1fieldpro" name="test_customers_create_list" time="0.134" /><testcase classname="tests.test_a1fieldpro" name="test_multi_tenant_isolation" time="0.508" /><testcase classname="tests.test_a1fieldpro" name="test_payment_checkout" time="0.826" /><testcase classname="tests.test_phase1" name="test_patch_scheduled_at_promotes_unscheduled" time="0.658" /><testcase classname="tests.test_phase1" name="test_photo_upload_and_delete" time="0.594" /><testcase classname="tests.test_phase1" name="test_photo_upload_rejects_non_image" time="0.230" /><testcase classname="tests.test_phase1" name="test_signature_save" time="0.401" /><testcase classname="tests.test_phase1" name="test_signature_invalid_base64" time="0.225" /><testcase classname="tests.test_phase1" name="test_files_unauthenticated_rejected" time="0.163" /><testcase classname="tests.test_phase1" name="test_files_cross_tenant_forbidden" time="0.155" /><testcase classname="tests.test_phase1" name="test_files_serves_own_photo" time="0.536" /><testcase classname="tests.test_phase1" name="test_public_company_returns_no_owner_id" time="0.157" /><testcase classname="tests.test_phase1" name="test_public_company_404" time="0.170" /><testcase classname="tests.test_phase1" name="test_public_booking_creates_unscheduled_job" time="0.324" /><testcase classname="tests.test_phase1" name="test_public_booking_invalid_company" time="0.169" /><testcase classname="tests.test_phase2" name="test_companies_me_returns_company" time="0.455" /><testcase classname="tests.test_phase2" name="test_patch_branding_owner" time="0.140" /><testcase classname="tests.test_phase2" name="test_patch_branding_non_owner_forbidden" time="0.452" /><testcase classname="tests.test_phase2" name="test_patch_branding_unauthenticated" time="0.150" /><testcase classname="tests.test_phase2" name="test_upload_logo_owner" time="0.271" /><testcase classname="tests.test_phase2" name="test_upload_logo_non_owner_forbidden" time="0.067" /><testcase classname="tests.test_phase2" name="test_invoice_pdf_unauthenticated" time="0.141" /><testcase classname="tests.test_phase2" name="test_invoice_pdf_returns_pdf" time="0.203" /><testcase classname="tests.test_phase2" name="test_invoice_pdf_paid_stamp" time="0.204" /><testcase classname="tests.test_phase2" name="test_invoice_pdf_cross_tenant_404" time="0.448" /><testcase classname="tests.test_phase2b.TestSuperAdminSeed" name="test_super_admin_login" time="0.375" /><testcase classname="tests.test_phase2b.TestMFAFlow" name="test_mfa_setup_returns_secret_and_qr" time="0.411" /><testcase classname="tests.test_phase2b.TestMFAFlow" name="test_mfa_enable_with_valid_code_and_login_required_then_accepted" time="2.310" /><testcase classname="tests.test_phase2b.TestMFAFlow" name="test_mfa_disable_wrong_password_rejected" time="0.773" /><testcase classname="tests.test_phase2b.TestPasswordReset" name="test_forgot_known_returns_reset_url" time="0.290" /><testcase classname="tests.test_phase2b.TestPasswordReset" name="test_forgot_unknown_returns_ok_no_url" time="0.124" /><testcase classname="tests.test_phase2b.TestPasswordReset" name="test_reset_with_valid_token_revokes_sessions" time="1.823" /><testcase classname="tests.test_phase2b.TestPasswordReset" name="test_reset_invalid_token" time="0.112" /><testcase classname="tests.test_phase2b.TestSessions" name="test_list_sessions_marks_current" time="0.383" /><testcase classname="tests.test_phase2b.TestSessions" name="test_revoke_session_blocks_access" time="0.989" /><testcase classname="tests.test_phase2b.TestActivity" name="test_owner_can_read_activity" time="0.381" /><testcase classname="tests.test_phase2b.TestActivity" name="test_tech_cannot_read_activity" time="0.376" /><testcase classname="tests.test_phase2b.TestActivity" name="test_unauth_activity" time="0.098" /><testcase classname="tests.test_phase2b.TestUsersAdmin" name="test_owner_lists_only_own_company" time="0.415" /><testcase classname="tests.test_phase2b.TestUsersAdmin" name="test_super_admin_all_tenants" time="0.382" /><testcase classname="tests.test_phase2b.TestUsersAdmin" name="test_owner_can_change_role_of_non_owner" time="0.515" /><testcase classname="tests.test_phase2b.TestUsersAdmin" name="test_owner_cannot_modify_owner" time="0.787" /><testcase classname="tests.test_phase2b.TestUsersAdmin" name="test_cross_tenant_edit_blocked" time="0.709" /><testcase classname="tests.test_phase2b.TestInvite" name="test_owner_can_invite_dispatcher" time="0.837" /><testcase classname="tests.test_phase2b.TestInvite" name="test_invite_duplicate_email_rejected" time="0.835" /><testcase classname="tests.test_phase2b.TestInvite" name="test_owner_cannot_invite_super_admin" time="0.398" /><testcase classname="tests.test_phase2b.TestInvite" name="test_tech_cannot_invite" time="0.375" /><testcase classname="tests.test_phase2b.TestConfigRoles" name="test_roles_endpoint" time="0.525" /><testcase classname="tests.test_phase2c.TestRegistrationVerify" name="test_register_sets_email_verified_false" time="0.382" /><testcase classname="tests.test_phase2c.TestRegistrationVerify" name="test_verify_endpoint_with_invalid_token" time="0.127" /><testcase classname="tests.test_phase2c.TestRegistrationVerify" name="test_verify_resend_and_then_verify" time="0.751" /><testcase classname="tests.test_phase2c.TestRegistrationVerify" name="test_verify_resend_requires_auth" time="0.138" /><testcase classname="tests.test_phase2c.TestGoogleExchange" name="test_google_exchange_bad_session_returns_400" time="0.188" /><testcase classname="tests.test_phase2c.TestGoogleExchange" name="test_google_exchange_happy_path_creates_customer" time="0.521" /><testcase classname="tests.test_phase2c.TestPortal" name="test_portal_jobs_forbidden_for_owner" time="0.375" /><testcase classname="tests.test_phase2c.TestPortal" name="test_portal_companies_forbidden_for_tech" time="0.370" /><testcase classname="tests.test_phase2c.TestPortal" name="test_portal_jobs_unauth" time="0.103" /><testcase classname="tests.test_phase2c.TestPortal" name="test_portal_flow_with_booking_and_customer" time="1.293" /><testcase classname="tests.test_phase2c.TestBookingEmail" name="test_booking_creates_job_with_customer_email" time="0.550" /><testcase classname="tests.test_phase2c.TestBookingEmail" name="test_booking_without_email_still_works" time="0.543" /><testcase classname="tests.test_phase2c.TestRegression" name="test_login_still_works" time="0.401" /><testcase classname="tests.test_phase2c.TestRegression" name="test_super_admin_login" time="0.422" /></testsuite></testsuites>