<?xml version="1.0" encoding="utf-8"?><testsuites name="pytest tests"><testsuite name="pytest" errors="0" failures="0" skipped="0" tests="94" time="37.619" timestamp="2026-05-16T19:06:53.199713+00:00" hostname="agent-env-542b8ab2-8e98-4fed-a55f-672a78fcb0a9"><testcase classname="backend.tests.test_a1fieldpro" name="test_health" time="0.168" /><testcase classname="backend.tests.test_a1fieldpro" name="test_login_owner_sets_cookie" time="0.402" /><testcase classname="backend.tests.test_a1fieldpro" name="test_login_invalid" time="0.343" /><testcase classname="backend.tests.test_a1fieldpro" name="test_me_returns_user_and_company" time="0.474" /><testcase classname="backend.tests.test_a1fieldpro" name="test_me_unauthenticated" time="0.142" /><testcase classname="backend.tests.test_a1fieldpro" name="test_logout_clears_cookie" time="0.496" /><testcase classname="backend.tests.test_a1fieldpro" name="test_register_creates_company_and_owner" time="0.445" /><testcase classname="backend.tests.test_a1fieldpro" name="test_list_jobs_seeded" time="0.054" /><testcase classname="backend.tests.test_a1fieldpro" name="test_jobs_mine_for_technician" time="0.483" /><testcase classname="backend.tests.test_a1fieldpro" name="test_job_crud" time="0.290" /><testcase classname="backend.tests.test_a1fieldpro" name="test_technician_cannot_delete_job" time="0.171" /><testcase classname="backend.tests.test_a1fieldpro" name="test_dashboard_stats" time="0.065" /><testcase classname="backend.tests.test_a1fieldpro" name="test_team_list" time="0.063" /><testcase classname="backend.tests.test_a1fieldpro" name="test_team_create_and_delete" time="0.350" /><testcase classname="backend.tests.test_a1fieldpro" name="test_tech_cannot_create_team" time="0.048" /><testcase classname="backend.tests.test_a1fieldpro" name="test_customers_create_list" time="0.115" /><testcase classname="backend.tests.test_a1fieldpro" name="test_multi_tenant_isolation" time="0.382" /><testcase classname="backend.tests.test_a1fieldpro" name="test_payment_checkout" time="0.585" /><testcase classname="backend.tests.test_phase1" name="test_patch_scheduled_at_promotes_unscheduled" time="0.492" /><testcase classname="backend.tests.test_phase1" name="test_photo_upload_and_delete" time="0.452" /><testcase classname="backend.tests.test_phase1" name="test_photo_upload_rejects_non_image" time="0.156" /><testcase classname="backend.tests.test_phase1" name="test_signature_save" time="0.340" /><testcase classname="backend.tests.test_phase1" name="test_signature_invalid_base64" time="0.153" /><testcase classname="backend.tests.test_phase1" name="test_files_unauthenticated_rejected" time="0.102" /><testcase classname="backend.tests.test_phase1" name="test_files_cross_tenant_forbidden" time="0.102" /><testcase classname="backend.tests.test_phase1" name="test_files_serves_own_photo" time="0.426" /><testcase classname="backend.tests.test_phase1" name="test_public_company_returns_no_owner_id" time="0.103" /><testcase classname="backend.tests.test_phase1" name="test_public_company_404" time="0.106" /><testcase classname="backend.tests.test_phase1" name="test_public_booking_creates_unscheduled_job" time="0.204" /><testcase classname="backend.tests.test_phase1" name="test_public_booking_invalid_company" time="0.113" /><testcase classname="backend.tests.test_phase2" name="test_companies_me_returns_company" time="0.450" /><testcase classname="backend.tests.test_phase2" name="test_patch_branding_owner" time="0.095" /><testcase classname="backend.tests.test_phase2" name="test_patch_branding_non_owner_forbidden" time="0.375" /><testcase classname="backend.tests.test_phase2" name="test_patch_branding_unauthenticated" time="0.105" /><testcase classname="backend.tests.test_phase2" name="test_upload_logo_owner" time="0.237" /><testcase classname="backend.tests.test_phase2" name="test_upload_logo_non_owner_forbidden" time="0.048" /><testcase classname="backend.tests.test_phase2" name="test_invoice_pdf_unauthenticated" time="0.114" /><testcase classname="backend.tests.test_phase2" name="test_invoice_pdf_returns_pdf" time="0.171" /><testcase classname="backend.tests.test_phase2" name="test_invoice_pdf_paid_stamp" time="0.164" /><testcase classname="backend.tests.test_phase2" name="test_invoice_pdf_cross_tenant_404" time="0.483" /><testcase classname="backend.tests.test_phase2b.TestSuperAdminSeed" name="test_super_admin_login" time="0.412" /><testcase classname="backend.tests.test_phase2b.TestMFAFlow" name="test_mfa_setup_returns_secret_and_qr" time="0.422" /><testcase classname="backend.tests.test_phase2b.TestMFAFlow" name="test_mfa_enable_with_valid_code_and_login_required_then_accepted" time="2.063" /><testcase classname="backend.tests.test_phase2b.TestMFAFlow" name="test_mfa_disable_wrong_password_rejected" time="0.660" /><testcase classname="backend.tests.test_phase2b.TestPasswordReset" name="test_forgot_known_returns_reset_url" time="0.347" /><testcase classname="backend.tests.test_phase2b.TestPasswordReset" name="test_forgot_unknown_returns_ok_no_url" time="0.150" /><testcase classname="backend.tests.test_phase2b.TestPasswordReset" name="test_reset_with_valid_token_revokes_sessions" time="1.029" /><testcase classname="backend.tests.test_phase2b.TestPasswordReset" name="test_reset_invalid_token" time="0.130" /><testcase classname="backend.tests.test_phase2b.TestSessions" name="test_list_sessions_marks_current" time="0.407" /><testcase classname="backend.tests.test_phase2b.TestSessions" name="test_revoke_session_blocks_access" time="0.809" /><testcase classname="backend.tests.test_phase2b.TestActivity" name="test_owner_can_read_activity" time="0.464" /><testcase classname="backend.tests.test_phase2b.TestActivity" name="test_tech_cannot_read_activity" time="0.394" /><testcase classname="backend.tests.test_phase2b.TestActivity" name="test_unauth_activity" time="0.123" /><testcase classname="backend.tests.test_phase2b.TestUsersAdmin" name="test_owner_lists_only_own_company" time="0.401" /><testcase classname="backend.tests.test_phase2b.TestUsersAdmin" name="test_super_admin_all_tenants" time="0.386" /><testcase classname="backend.tests.test_phase2b.TestUsersAdmin" name="test_owner_can_change_role_of_non_owner" time="0.465" /><testcase classname="backend.tests.test_phase2b.TestUsersAdmin" name="test_owner_cannot_modify_owner" time="0.764" /><testcase classname="backend.tests.test_phase2b.TestUsersAdmin" name="test_cross_tenant_edit_blocked" time="0.724" /><testcase classname="backend.tests.test_phase2b.TestInvite" name="test_owner_can_invite_dispatcher" time="0.863" /><testcase classname="backend.tests.test_phase2b.TestInvite" name="test_invite_duplicate_email_rejected" time="0.805" /><testcase classname="backend.tests.test_phase2b.TestInvite" name="test_owner_cannot_invite_super_admin" time="0.408" /><testcase classname="backend.tests.test_phase2b.TestInvite" name="test_tech_cannot_invite" time="0.386" /><testcase classname="backend.tests.test_phase2b.TestConfigRoles" name="test_roles_endpoint" time="0.491" /><testcase classname="backend.tests.test_phase2c.TestRegistrationVerify" name="test_register_sets_email_verified_false" time="0.353" /><testcase classname="backend.tests.test_phase2c.TestRegistrationVerify" name="test_verify_endpoint_with_invalid_token" time="0.096" /><testcase classname="backend.tests.test_phase2c.TestRegistrationVerify" name="test_verify_resend_and_then_verify" time="0.764" /><testcase classname="backend.tests.test_phase2c.TestRegistrationVerify" name="test_verify_resend_requires_auth" time="0.102" /><testcase classname="backend.tests.test_phase2c.TestGoogleExchange" name="test_google_exchange_bad_session_returns_400" time="0.218" /><testcase classname="backend.tests.test_phase2c.TestGoogleExchange" name="test_google_exchange_happy_path_creates_customer" time="0.737" /><testcase classname="backend.tests.test_phase2c.TestPortal" name="test_portal_jobs_forbidden_for_owner" time="0.400" /><testcase classname="backend.tests.test_phase2c.TestPortal" name="test_portal_companies_forbidden_for_tech" time="0.383" /><testcase classname="backend.tests.test_phase2c.TestPortal" name="test_portal_jobs_unauth" time="0.105" /><testcase classname="backend.tests.test_phase2c.TestPortal" name="test_portal_flow_with_booking_and_customer" time="1.276" /><testcase classname="backend.tests.test_phase2c.TestBookingEmail" name="test_booking_creates_job_with_customer_email" time="0.510" /><testcase classname="backend.tests.test_phase2c.TestBookingEmail" name="test_booking_without_email_still_works" time="0.486" /><testcase classname="backend.tests.test_phase2c.TestRegression" name="test_login_still_works" time="0.414" /><testcase classname="backend.tests.test_phase2c.TestRegression" name="test_super_admin_login" time="0.370" /><testcase classname="backend.tests.test_phase_crm.TestCustomers" name="test_create_persists_status_and_tags" time="0.433" /><testcase classname="backend.tests.test_phase_crm.TestCustomers" name="test_patch_updates_fields" time="0.159" /><testcase classname="backend.tests.test_phase_crm.TestCustomers" name="test_search_q_matches_name_phone_email_address" time="0.163" /><testcase classname="backend.tests.test_phase_crm.TestCustomers" name="test_filter_by_status" time="0.162" /><testcase classname="backend.tests.test_phase_crm.TestCustomers" name="test_filter_by_tag" time="0.106" /><testcase classname="backend.tests.test_phase_crm.TestCustomers" name="test_tenant_isolation_customer" time="0.489" /><testcase classname="backend.tests.test_phase_crm.TestProperties" name="test_create_list_delete_property" time="0.267" /><testcase classname="backend.tests.test_phase_crm.TestProperties" name="test_create_property_unknown_customer_returns_404" time="0.054" /><testcase classname="backend.tests.test_phase_crm.TestEquipment" name="test_equipment_requires_valid_property_in_same_customer" time="0.459" /><testcase classname="backend.tests.test_phase_crm.TestCommunicationsAndJobAutoLog" name="test_create_and_list_manual_communication" time="0.149" /><testcase classname="backend.tests.test_phase_crm.TestCommunicationsAndJobAutoLog" name="test_job_created_auto_logs_system_communication" time="0.155" /><testcase classname="backend.tests.test_phase_crm.TestCommunicationsAndJobAutoLog" name="test_job_completed_auto_logs" time="0.207" /><testcase classname="backend.tests.test_phase_crm.TestTimeline" name="test_timeline_merges_and_sorts" time="0.465" /><testcase classname="backend.tests.test_phase_crm.TestFiles" name="test_upload_list_delete_file" time="0.371" /><testcase classname="backend.tests.test_phase_crm.TestAISummary" name="test_summary_returns_model_or_fallback" time="3.844" /><testcase classname="backend.tests.test_phase_crm.TestTenantIsolation" name="test_other_tenant_cannot_see_customer_subresources" time="0.415" /><testcase classname="backend.tests.test_phase_crm.TestRegression" name="test_me" time="0.097" /></testsuite></testsuites>