<?xml version="1.0" encoding="utf-8"?><testsuites name="pytest tests"><testsuite name="pytest" errors="0" failures="0" skipped="0" tests="17" time="8.685" timestamp="2026-05-16T19:06:39.515293+00:00" hostname="agent-env-542b8ab2-8e98-4fed-a55f-672a78fcb0a9"><testcase classname="backend.tests.test_phase_crm.TestCustomers" name="test_create_persists_status_and_tags" time="0.813" /><testcase classname="backend.tests.test_phase_crm.TestCustomers" name="test_patch_updates_fields" time="0.172" /><testcase classname="backend.tests.test_phase_crm.TestCustomers" name="test_search_q_matches_name_phone_email_address" time="0.184" /><testcase classname="backend.tests.test_phase_crm.TestCustomers" name="test_filter_by_status" time="0.155" /><testcase classname="backend.tests.test_phase_crm.TestCustomers" name="test_filter_by_tag" time="0.117" /><testcase classname="backend.tests.test_phase_crm.TestCustomers" name="test_tenant_isolation_customer" time="0.691" /><testcase classname="backend.tests.test_phase_crm.TestProperties" name="test_create_list_delete_property" time="0.258" /><testcase classname="backend.tests.test_phase_crm.TestProperties" name="test_create_property_unknown_customer_returns_404" time="0.051" /><testcase classname="backend.tests.test_phase_crm.TestEquipment" name="test_equipment_requires_valid_property_in_same_customer" time="0.491" /><testcase classname="backend.tests.test_phase_crm.TestCommunicationsAndJobAutoLog" name="test_create_and_list_manual_communication" time="0.162" /><testcase classname="backend.tests.test_phase_crm.TestCommunicationsAndJobAutoLog" name="test_job_created_auto_logs_system_communication" time="0.176" /><testcase classname="backend.tests.test_phase_crm.TestCommunicationsAndJobAutoLog" name="test_job_completed_auto_logs" time="0.222" /><testcase classname="backend.tests.test_phase_crm.TestTimeline" name="test_timeline_merges_and_sorts" time="0.427" /><testcase classname="backend.tests.test_phase_crm.TestFiles" name="test_upload_list_delete_file" time="0.408" /><testcase classname="backend.tests.test_phase_crm.TestAISummary" name="test_summary_returns_model_or_fallback" time="3.722" /><testcase classname="backend.tests.test_phase_crm.TestTenantIsolation" name="test_other_tenant_cannot_see_customer_subresources" time="0.376" /><testcase classname="backend.tests.test_phase_crm.TestRegression" name="test_me" time="0.068" /></testsuite></testsuites>