<?xml version="1.0" encoding="utf-8"?><testsuites name="pytest tests"><testsuite name="pytest" errors="0" failures="0" skipped="2" tests="21" time="2.920" timestamp="2026-05-23T17:14:29.450934+00:00" hostname="agent-env-542b8ab2-8e98-4fed-a55f-672a78fcb0a9"><testcase classname="backend.tests.test_iteration_22_financing.TestLadderAndCalc" name="test_ladder" time="0.496" /><testcase classname="backend.tests.test_iteration_22_financing.TestLadderAndCalc" name="test_calculate" time="0.057" /><testcase classname="backend.tests.test_iteration_22_financing.TestApplicationFlow" name="test_create_application" time="0.054" /><testcase classname="backend.tests.test_iteration_22_financing.TestApplicationFlow" name="test_list_strips_token" time="0.066" /><testcase classname="backend.tests.test_iteration_22_financing.TestApplicationFlow" name="test_public_view" time="0.118" /><testcase classname="backend.tests.test_iteration_22_financing.TestApplicationFlow" name="test_submit_without_consent_400" time="0.120" /><testcase classname="backend.tests.test_iteration_22_financing.TestApplicationFlow" name="test_submit_excellent_approved" time="0.155" /><testcase classname="backend.tests.test_iteration_22_financing.TestApplicationFlow" name="test_buydown_quote" time="0.063" /><testcase classname="backend.tests.test_iteration_22_financing.TestApplicationFlow" name="test_buydown_apply" time="0.122" /><testcase classname="backend.tests.test_iteration_22_financing.TestApplicationFlow" name="test_sign_application" time="0.115" /><testcase classname="backend.tests.test_iteration_22_financing.TestApplicationFlow" name="test_disbursement_advances_to_funded" time="0.107" /><testcase classname="backend.tests.test_iteration_22_financing.TestDecisionSanity" name="test_fair_dti" time="0.215" /><testcase classname="backend.tests.test_iteration_22_financing.TestRentals" name="test_create_rental_autocalc" time="0.062" /><testcase classname="backend.tests.test_iteration_22_financing.TestRentals" name="test_create_rental_defaults" time="0.057" /><testcase classname="backend.tests.test_iteration_22_financing.TestDashboard" name="test_dashboard_rollup" time="0.055" /><testcase classname="backend.tests.test_iteration_22_financing.TestAdmin" name="test_owner_blocked_from_admin_list" time="0.054" /><testcase classname="backend.tests.test_iteration_22_financing.TestAdmin" name="test_super_admin_list" time="0.401" /><testcase classname="backend.tests.test_iteration_22_financing.TestAdmin" name="test_super_admin_metrics" time="0.055" /><testcase classname="backend.tests.test_iteration_22_financing.TestAdmin" name="test_admin_override_decision" time="0.227" /><testcase classname="backend.tests.test_iteration_22_financing.TestEstimateFinance" name="test_estimate_finance_idempotent" time="0.107"><skipped type="pytest.skip" message="estimate create failed: 422 {&quot;detail&quot;:[{&quot;type&quot;:&quot;missing&quot;,&quot;loc&quot;:[&quot;body&quot;,&quot;title&quot;],&quot;msg&quot;:&quot;Field required&quot;,&quot;input&quot;:{&quot;customer_id&quot;:&quot;e92a6886-03d5-4846-9418-dbe557b58359&quot;,&quot;customer_name&quot;:&quot;TEST_FinanceCust&quot;,&quot;tiers&quot;:[{&quot;key&quot;:&quot;good&quot;,&quot;name&quot;:&quot;Good&quot;,&quot;line_items&quot;:[{&quot;description&quot;:&quot;Service&quot;,&quot;qty&quot;:1,&quot;unit_price&quot;:5000}]}]},&quot;url&quot;:&quot;https://errors.pydantic.dev/2.13/v/missing&quot;}]}">/app/backend/tests/test_iteration_22_financing.py:380: estimate create failed: 422 {"detail":[{"type":"missing","loc":["body","title"],"msg":"Field required","input":{"customer_id":"e92a6886-03d5-4846-9418-dbe557b58359","customer_name":"TEST_FinanceCust","tiers":[{"key":"good","name":"Good","line_items":[{"description":"Service","qty":1,"unit_price":5000}]}]},"url":"https://errors.pydantic.dev/2.13/v/missing"}]}</skipped></testcase><testcase classname="backend.tests.test_iteration_22_financing.TestEstimateFinance" name="test_estimate_finance_too_small_400" time="0.107"><skipped type="pytest.skip" message="Skipped">/app/backend/tests/test_iteration_22_financing.py:423: Skipped</skipped></testcase></testsuite></testsuites>