<?xml version="1.0" encoding="utf-8"?><testsuites name="pytest tests"><testsuite name="pytest" errors="0" failures="0" skipped="0" tests="38" time="5.858" timestamp="2026-05-23T14:41:35.824509+00:00" hostname="agent-env-542b8ab2-8e98-4fed-a55f-672a78fcb0a9"><testcase classname="backend.tests.test_mobile_endpoints.TestShifts" name="test_clock_in_starts_shift" time="0.540" /><testcase classname="backend.tests.test_mobile_endpoints.TestShifts" name="test_clock_in_double_returns_already" time="0.047" /><testcase classname="backend.tests.test_mobile_endpoints.TestShifts" name="test_active_shift_returns_record" time="0.049" /><testcase classname="backend.tests.test_mobile_endpoints.TestShifts" name="test_add_break_increments" time="0.096" /><testcase classname="backend.tests.test_mobile_endpoints.TestShifts" name="test_clock_out_computes_total" time="0.048" /><testcase classname="backend.tests.test_mobile_endpoints.TestShifts" name="test_clock_out_without_active_400" time="0.050" /><testcase classname="backend.tests.test_mobile_endpoints.TestShifts" name="test_break_without_active_400" time="0.045" /><testcase classname="backend.tests.test_mobile_endpoints.TestShifts" name="test_active_returns_null_after_clock_out" time="0.047" /><testcase classname="backend.tests.test_mobile_endpoints.TestShifts" name="test_history_returns_list_with_recent_shift" time="0.048" /><testcase classname="backend.tests.test_mobile_endpoints.TestJobTime" name="test_start_timer" time="0.149" /><testcase classname="backend.tests.test_mobile_endpoints.TestJobTime" name="test_start_concurrent_blocks" time="0.050" /><testcase classname="backend.tests.test_mobile_endpoints.TestJobTime" name="test_summary_shows_active_for_me" time="0.046" /><testcase classname="backend.tests.test_mobile_endpoints.TestJobTime" name="test_stop_timer_returns_duration" time="1.048" /><testcase classname="backend.tests.test_mobile_endpoints.TestJobTime" name="test_stop_without_active_400" time="0.046" /><testcase classname="backend.tests.test_mobile_endpoints.TestJobTime" name="test_time_404_for_missing_job" time="0.049" /><testcase classname="backend.tests.test_mobile_endpoints.TestChecklists" name="test_list_includes_created" time="0.095" /><testcase classname="backend.tests.test_mobile_endpoints.TestChecklists" name="test_update_template_items_keeps_ids" time="0.046" /><testcase classname="backend.tests.test_mobile_endpoints.TestChecklists" name="test_apply_to_job_resets_checklist" time="0.050" /><testcase classname="backend.tests.test_mobile_endpoints.TestChecklists" name="test_toggle_item_completed_and_uncomplete" time="0.142" /><testcase classname="backend.tests.test_mobile_endpoints.TestChecklists" name="test_toggle_invalid_item_404" time="0.048" /><testcase classname="backend.tests.test_mobile_endpoints.TestChecklists" name="test_apply_missing_template_404" time="0.093" /><testcase classname="backend.tests.test_mobile_endpoints.TestMaterials" name="test_search_finds_by_name" time="0.103" /><testcase classname="backend.tests.test_mobile_endpoints.TestMaterials" name="test_search_finds_by_sku" time="0.046" /><testcase classname="backend.tests.test_mobile_endpoints.TestMaterials" name="test_update_material" time="0.047" /><testcase classname="backend.tests.test_mobile_endpoints.TestMaterials" name="test_add_to_job_by_material_id_decrements_stock" time="0.149" /><testcase classname="backend.tests.test_mobile_endpoints.TestMaterials" name="test_add_custom_material" time="0.049" /><testcase classname="backend.tests.test_mobile_endpoints.TestMaterials" name="test_add_to_job_requires_name_or_id" time="0.052" /><testcase classname="backend.tests.test_mobile_endpoints.TestMaterials" name="test_remove_entry" time="0.162" /><testcase classname="backend.tests.test_mobile_endpoints.TestMediaAndNotes" name="test_voice_note_add" time="0.050" /><testcase classname="backend.tests.test_mobile_endpoints.TestMediaAndNotes" name="test_voice_note_rejects_empty" time="0.046" /><testcase classname="backend.tests.test_mobile_endpoints.TestMediaAndNotes" name="test_voice_note_truncated_to_2000" time="0.050" /><testcase classname="backend.tests.test_mobile_endpoints.TestMediaAndNotes" name="test_photo_upload_form_fields" time="0.319" /><testcase classname="backend.tests.test_mobile_endpoints.TestMediaAndNotes" name="test_video_rejects_non_video_content_type" time="0.111" /><testcase classname="backend.tests.test_mobile_endpoints.TestMediaAndNotes" name="test_video_upload_happy_path" time="0.340" /><testcase classname="backend.tests.test_mobile_endpoints.TestMediaAndNotes" name="test_video_delete_404_when_missing" time="0.046" /><testcase classname="backend.tests.test_mobile_endpoints.TestTenantIsolation" name="test_cross_tenant_template_404" time="0.658" /><testcase classname="backend.tests.test_mobile_endpoints.TestTenantIsolation" name="test_cross_tenant_material_404" time="0.343" /><testcase classname="backend.tests.test_mobile_endpoints.TestTenantIsolation" name="test_cross_tenant_shifts_isolated" time="0.325" /></testsuite></testsuites>