<?xml version="1.0" encoding="utf-8"?><testsuites name="pytest tests"><testsuite name="pytest" errors="0" failures="0" skipped="0" tests="181" time="74.670" timestamp="2026-05-17T06:48:06.395573+00:00" hostname="agent-env-542b8ab2-8e98-4fed-a55f-672a78fcb0a9"><testcase classname="tests.test_a1fieldpro" name="test_health" time="0.141" /><testcase classname="tests.test_a1fieldpro" name="test_login_owner_sets_cookie" time="0.355" /><testcase classname="tests.test_a1fieldpro" name="test_login_invalid" time="0.320" /><testcase classname="tests.test_a1fieldpro" name="test_me_returns_user_and_company" time="0.421" /><testcase classname="tests.test_a1fieldpro" name="test_me_unauthenticated" time="0.125" /><testcase classname="tests.test_a1fieldpro" name="test_logout_clears_cookie" time="0.482" /><testcase classname="tests.test_a1fieldpro" name="test_register_creates_company_and_owner" time="0.381" /><testcase classname="tests.test_a1fieldpro" name="test_list_jobs_seeded" time="0.045" /><testcase classname="tests.test_a1fieldpro" name="test_jobs_mine_for_technician" time="0.428" /><testcase classname="tests.test_a1fieldpro" name="test_job_crud" time="0.249" /><testcase classname="tests.test_a1fieldpro" name="test_technician_cannot_delete_job" time="0.144" /><testcase classname="tests.test_a1fieldpro" name="test_dashboard_stats" time="0.050" /><testcase classname="tests.test_a1fieldpro" name="test_team_list" time="0.045" /><testcase classname="tests.test_a1fieldpro" name="test_team_create_and_delete" time="0.352" /><testcase classname="tests.test_a1fieldpro" name="test_tech_cannot_create_team" time="0.046" /><testcase classname="tests.test_a1fieldpro" name="test_customers_create_list" time="0.097" /><testcase classname="tests.test_a1fieldpro" name="test_multi_tenant_isolation" time="0.388" /><testcase classname="tests.test_a1fieldpro" name="test_payment_checkout" time="0.731" /><testcase classname="tests.test_iteration_10.TestRegressionSmoke" name="test_auth_me" time="0.390" /><testcase classname="tests.test_iteration_10.TestRegressionSmoke" name="test_list_jobs" time="0.051" /><testcase classname="tests.test_iteration_10.TestRegressionSmoke" name="test_list_customers" time="0.053" /><testcase classname="tests.test_iteration_10.TestRegressionSmoke" name="test_list_users" time="0.053" /><testcase classname="tests.test_iteration_10.TestRegressionSmoke" name="test_activity_feed" time="0.052" /><testcase classname="tests.test_iteration_10.TestRegressionSmoke" name="test_roles_config" time="0.059" /><testcase classname="tests.test_iteration_10.TestInviteVerifyGate" name="test_unverified_owner_invite_blocked" time="0.434" /><testcase classname="tests.test_iteration_10.TestInviteVerifyGate" name="test_verified_demo_owner_can_invite" time="0.496" /><testcase classname="tests.test_iteration_10.TestRecurringJobs" name="test_list_recurring_empty_ok" time="0.050" /><testcase classname="tests.test_iteration_10.TestRecurringJobs" name="test_create_monthly_autofills_interval" time="0.055" /><testcase classname="tests.test_iteration_10.TestRecurringJobs" name="test_create_custom_requires_interval" time="0.049" /><testcase classname="tests.test_iteration_10.TestRecurringJobs" name="test_create_custom_with_interval" time="0.058" /><testcase classname="tests.test_iteration_10.TestRecurringJobs" name="test_create_all_cadences" time="0.263" /><testcase classname="tests.test_iteration_10.TestRecurringJobs" name="test_patch_updates_interval_when_cadence_changes" time="0.119" /><testcase classname="tests.test_iteration_10.TestRecurringJobs" name="test_patch_custom_changes_interval" time="0.126" /><testcase classname="tests.test_iteration_10.TestRecurringJobs" name="test_patch_no_fields_400" time="0.106" /><testcase classname="tests.test_iteration_10.TestRecurringJobs" name="test_patch_not_found" time="0.050" /><testcase classname="tests.test_iteration_10.TestRecurringJobs" name="test_run_force_materializes" time="0.163" /><testcase classname="tests.test_iteration_10.TestRecurringJobs" name="test_get_jobs_materializes_due" time="0.110" /><testcase classname="tests.test_iteration_10.TestRecurringJobs" name="test_activity_events_logged" time="0.161" /><testcase classname="tests.test_iteration_10.TestRecurringJobs" name="test_delete_owner_ok" time="0.154" /><testcase classname="tests.test_iteration_10.TestRecurringJobs" name="test_delete_dispatcher_ok" time="0.429" /><testcase classname="tests.test_iteration_10.TestRecurringJobs" name="test_delete_technician_forbidden" time="0.442" /><testcase classname="tests.test_iteration_10.TestRecurringJobs" name="test_run_not_found" time="0.048" /><testcase classname="tests.test_iteration_10.TestCSVExports" name="test_export_owner_ok[jobs-id]" time="0.049" /><testcase classname="tests.test_iteration_10.TestCSVExports" name="test_export_owner_ok[customers-id]" time="0.052" /><testcase classname="tests.test_iteration_10.TestCSVExports" name="test_export_owner_ok[payments-id]" time="0.048" /><testcase classname="tests.test_iteration_10.TestCSVExports" name="test_export_technician_forbidden" time="0.178" /><testcase classname="tests.test_iteration_10.TestCSVExports" name="test_export_dispatcher_forbidden" time="0.043" /><testcase classname="tests.test_iteration_10.TestCSVExports" name="test_export_date_filter" time="0.048" /><testcase classname="tests.test_iteration_10.TestRouteOptimize" name="test_optimize_dry_run_returns_plan_no_write" time="0.298" /><testcase classname="tests.test_iteration_10.TestRouteOptimize" name="test_optimize_writes_and_logs" time="0.356" /><testcase classname="tests.test_iteration_10.TestRouteOptimize" name="test_optimize_technician_forbidden" time="0.239" /><testcase classname="tests.test_iteration_10.TestRouteOptimize" name="test_optimize_dispatcher_allowed" time="0.244" /><testcase classname="tests.test_iteration_10.TestRouteOptimize" name="test_optimize_no_jobs_returns_empty" time="0.243" /><testcase classname="tests.test_iteration_8.TestPasswordStrength" name="test_register_short_password_422" time="0.122" /><testcase classname="tests.test_iteration_8.TestPasswordStrength" name="test_register_no_letter_password_422" time="0.121" /><testcase classname="tests.test_iteration_8.TestPasswordStrength" name="test_register_no_digit_password_422" time="0.122" /><testcase classname="tests.test_iteration_8.TestPasswordStrength" name="test_register_valid_password_200" time="0.318" /><testcase classname="tests.test_iteration_8.TestPasswordStrength" name="test_reset_invalid_password_422" time="0.088" /><testcase classname="tests.test_iteration_8.TestBrandingHexPattern" name="test_patch_branding_invalid_word" time="0.424" /><testcase classname="tests.test_iteration_8.TestBrandingHexPattern" name="test_patch_branding_short_hex" time="0.100" /><testcase classname="tests.test_iteration_8.TestBrandingHexPattern" name="test_patch_branding_invalid_chars" time="0.097" /><testcase classname="tests.test_iteration_8.TestBrandingHexPattern" name="test_patch_branding_valid_hex" time="0.110" /><testcase classname="tests.test_iteration_8.TestCheckoutEmailGate" name="test_checkout_unverified_user_403" time="0.532" /><testcase classname="tests.test_iteration_8.TestCheckoutEmailGate" name="test_checkout_verified_owner_returns_url" time="0.770" /><testcase classname="tests.test_iteration_8.TestJobActivityEvents" name="test_jobs_created_activity_logged" time="0.710" /><testcase classname="tests.test_iteration_8.TestJobActivityEvents" name="test_jobs_status_change_activity_logged[scheduled]" time="0.812" /><testcase classname="tests.test_iteration_8.TestJobActivityEvents" name="test_jobs_status_change_activity_logged[in_progress]" time="0.894" /><testcase classname="tests.test_iteration_8.TestJobActivityEvents" name="test_jobs_status_change_activity_logged[completed]" time="0.803" /><testcase classname="tests.test_iteration_8.TestJobActivityEvents" name="test_jobs_status_change_activity_logged[cancelled]" time="0.803" /><testcase classname="tests.test_iteration_8.TestPublicBookingFullJob" name="test_public_booking_returns_job_object" time="0.110" /><testcase classname="tests.test_iteration_8.TestRegressionSmoke" name="test_login_demo" time="0.000" /><testcase classname="tests.test_iteration_8.TestRegressionSmoke" name="test_auth_me" time="0.101" /><testcase classname="tests.test_iteration_8.TestRegressionSmoke" name="test_list_jobs" time="0.106" /><testcase classname="tests.test_iteration_8.TestRegressionSmoke" name="test_list_customers_paginated" time="0.102" /><testcase classname="tests.test_iteration_8.TestRegressionSmoke" name="test_dashboard_stats" time="0.107" /><testcase classname="tests.test_iteration_8.TestRegressionSmoke" name="test_activity_feed" time="0.102" /><testcase classname="tests.test_iteration_8.TestRegressionSmoke" name="test_sessions_list" time="0.096" /><testcase classname="tests.test_iteration_8.TestRegressionSmoke" name="test_users_list" time="0.145" /><testcase classname="tests.test_iteration_8.TestRegressionSmoke" name="test_invoice_pdf" time="0.326" /><testcase classname="tests.test_iteration_9.TestRegressionAfterRefactor" name="test_root_api" time="0.109" /><testcase classname="tests.test_iteration_9.TestRegressionAfterRefactor" name="test_login_demo_owner" time="0.368" /><testcase classname="tests.test_iteration_9.TestRegressionAfterRefactor" name="test_login_superadmin" time="0.379" /><testcase classname="tests.test_iteration_9.TestRegressionAfterRefactor" name="test_jobs_list" time="0.373" /><testcase classname="tests.test_iteration_9.TestRegressionAfterRefactor" name="test_dashboard_stats" time="0.395" /><testcase classname="tests.test_iteration_9.TestRegressionAfterRefactor" name="test_activity_endpoint" time="0.367" /><testcase classname="tests.test_iteration_9.TestRegressionAfterRefactor" name="test_sessions_list" time="0.375" /><testcase classname="tests.test_iteration_9.TestEmailSentActivity" name="test_forgot_emits_email_sent_activity" time="2.272" /><testcase classname="tests.test_iteration_9.TestPortalRate" name="test_rate_forbidden_for_non_customer" time="1.046" /><testcase classname="tests.test_iteration_9.TestPortalRate" name="test_rate_404_for_foreign_job" time="0.771" /><testcase classname="tests.test_iteration_9.TestPortalRate" name="test_rate_400_when_not_completed" time="0.401" /><testcase classname="tests.test_iteration_9.TestPortalRate" name="test_rate_422_invalid_rating" time="0.611" /><testcase classname="tests.test_iteration_9.TestPortalRate" name="test_rate_200_persists_and_logs_activity" time="0.421" /><testcase classname="tests.test_iteration_9.TestPortalTipCheckout" name="test_tip_checkout_forbidden_for_non_customer" time="0.401" /><testcase classname="tests.test_iteration_9.TestPortalTipCheckout" name="test_tip_checkout_404_for_foreign_job" time="0.366" /><testcase classname="tests.test_iteration_9.TestPortalTipCheckout" name="test_tip_checkout_400_on_non_completed" time="0.382" /><testcase classname="tests.test_iteration_9.TestPortalTipCheckout" name="test_tip_checkout_400_on_non_positive_amount" time="0.414" /><testcase classname="tests.test_iteration_9.TestPortalTipCheckout" name="test_tip_checkout_200_returns_url_and_inserts_tx" time="0.834" /><testcase classname="tests.test_iteration_9.TestPortalPaymentStatus" name="test_status_404_for_foreign_tx" time="0.383" /><testcase classname="tests.test_iteration_9.TestPortalPaymentStatus" name="test_status_returns_paid_tx_when_already_processed" time="0.398" /><testcase classname="tests.test_iteration_9.TestPortalPaymentStatus" name="test_status_requires_customer_role" time="0.372" /><testcase classname="tests.test_iteration_9.TestPublicCompanyIndustry" name="test_industry_present" time="0.479" /><testcase classname="tests.test_iteration_9.TestPublicCompanyIndustry" name="test_public_company_404" time="0.101" /><testcase classname="tests.test_iteration_9.TestV16RulesStillEnforced" name="test_hex_color_regex_enforced" time="0.448" /><testcase classname="tests.test_iteration_9.TestV16RulesStillEnforced" name="test_password_strength_register" time="0.212" /><testcase classname="tests.test_iteration_9.TestV16RulesStillEnforced" name="test_email_verify_gate_before_checkout" time="0.771" /><testcase classname="tests.test_phase1" name="test_patch_scheduled_at_promotes_unscheduled" time="0.462" /><testcase classname="tests.test_phase1" name="test_photo_upload_and_delete" time="0.581" /><testcase classname="tests.test_phase1" name="test_photo_upload_rejects_non_image" time="0.173" /><testcase classname="tests.test_phase1" name="test_signature_save" time="5.481" /><testcase classname="tests.test_phase1" name="test_signature_invalid_base64" time="0.138" /><testcase classname="tests.test_phase1" name="test_files_unauthenticated_rejected" time="0.129" /><testcase classname="tests.test_phase1" name="test_files_cross_tenant_forbidden" time="0.087" /><testcase classname="tests.test_phase1" name="test_files_serves_own_photo" time="0.459" /><testcase classname="tests.test_phase1" name="test_public_company_returns_no_owner_id" time="0.106" /><testcase classname="tests.test_phase1" name="test_public_company_404" time="0.098" /><testcase classname="tests.test_phase1" name="test_public_booking_creates_unscheduled_job" time="0.270" /><testcase classname="tests.test_phase1" name="test_public_booking_invalid_company" time="0.100" /><testcase classname="tests.test_phase2" name="test_companies_me_returns_company" time="0.384" /><testcase classname="tests.test_phase2" name="test_patch_branding_owner" time="0.118" /><testcase classname="tests.test_phase2" name="test_patch_branding_non_owner_forbidden" time="0.390" /><testcase classname="tests.test_phase2" name="test_patch_branding_unauthenticated" time="0.097" /><testcase classname="tests.test_phase2" name="test_upload_logo_owner" time="0.229" /><testcase classname="tests.test_phase2" name="test_upload_logo_non_owner_forbidden" time="0.052" /><testcase classname="tests.test_phase2" name="test_invoice_pdf_unauthenticated" time="0.109" /><testcase classname="tests.test_phase2" name="test_invoice_pdf_returns_pdf" time="0.109" /><testcase classname="tests.test_phase2" name="test_invoice_pdf_paid_stamp" time="0.158" /><testcase classname="tests.test_phase2" name="test_invoice_pdf_cross_tenant_404" time="0.431" /><testcase classname="tests.test_phase2b.TestSuperAdminSeed" name="test_super_admin_login" time="0.406" /><testcase classname="tests.test_phase2b.TestMFAFlow" name="test_mfa_setup_returns_secret_and_qr" time="0.412" /><testcase classname="tests.test_phase2b.TestMFAFlow" name="test_mfa_enable_with_valid_code_and_login_required_then_accepted" time="2.008" /><testcase classname="tests.test_phase2b.TestMFAFlow" name="test_mfa_disable_wrong_password_rejected" time="0.659" /><testcase classname="tests.test_phase2b.TestPasswordReset" name="test_forgot_known_returns_reset_url" time="0.279" /><testcase classname="tests.test_phase2b.TestPasswordReset" name="test_forgot_unknown_returns_ok_no_url" time="0.100" /><testcase classname="tests.test_phase2b.TestPasswordReset" name="test_reset_with_valid_token_revokes_sessions" time="0.989" /><testcase classname="tests.test_phase2b.TestPasswordReset" name="test_reset_invalid_token" time="0.099" /><testcase classname="tests.test_phase2b.TestSessions" name="test_list_sessions_marks_current" time="0.368" /><testcase classname="tests.test_phase2b.TestSessions" name="test_revoke_session_blocks_access" time="0.800" /><testcase classname="tests.test_phase2b.TestActivity" name="test_owner_can_read_activity" time="0.429" /><testcase classname="tests.test_phase2b.TestActivity" name="test_tech_cannot_read_activity" time="0.379" /><testcase classname="tests.test_phase2b.TestActivity" name="test_unauth_activity" time="0.108" /><testcase classname="tests.test_phase2b.TestUsersAdmin" name="test_owner_lists_only_own_company" time="0.362" /><testcase classname="tests.test_phase2b.TestUsersAdmin" name="test_super_admin_all_tenants" time="0.379" /><testcase classname="tests.test_phase2b.TestUsersAdmin" name="test_owner_can_change_role_of_non_owner" time="0.479" /><testcase classname="tests.test_phase2b.TestUsersAdmin" name="test_owner_cannot_modify_owner" time="0.741" /><testcase classname="tests.test_phase2b.TestUsersAdmin" name="test_cross_tenant_edit_blocked" time="0.704" /><testcase classname="tests.test_phase2b.TestInvite" name="test_owner_can_invite_dispatcher" time="0.850" /><testcase classname="tests.test_phase2b.TestInvite" name="test_invite_duplicate_email_rejected" time="0.815" /><testcase classname="tests.test_phase2b.TestInvite" name="test_owner_cannot_invite_super_admin" time="0.379" /><testcase classname="tests.test_phase2b.TestInvite" name="test_tech_cannot_invite" time="0.366" /><testcase classname="tests.test_phase2b.TestConfigRoles" name="test_roles_endpoint" time="0.506" /><testcase classname="tests.test_phase2c.TestRegistrationVerify" name="test_register_sets_email_verified_false" time="0.330" /><testcase classname="tests.test_phase2c.TestRegistrationVerify" name="test_verify_endpoint_with_invalid_token" time="0.122" /><testcase classname="tests.test_phase2c.TestRegistrationVerify" name="test_verify_resend_and_then_verify" time="0.708" /><testcase classname="tests.test_phase2c.TestRegistrationVerify" name="test_verify_resend_requires_auth" time="0.102" /><testcase classname="tests.test_phase2c.TestGoogleExchange" name="test_google_exchange_bad_session_returns_400" time="0.188" /><testcase classname="tests.test_phase2c.TestGoogleExchange" name="test_google_exchange_happy_path_creates_customer" time="0.253" /><testcase classname="tests.test_phase2c.TestPortal" name="test_portal_jobs_forbidden_for_owner" time="0.391" /><testcase classname="tests.test_phase2c.TestPortal" name="test_portal_companies_forbidden_for_tech" time="0.376" /><testcase classname="tests.test_phase2c.TestPortal" name="test_portal_jobs_unauth" time="0.101" /><testcase classname="tests.test_phase2c.TestPortal" name="test_portal_flow_with_booking_and_customer" time="1.258" /><testcase classname="tests.test_phase2c.TestBookingEmail" name="test_booking_creates_job_with_customer_email" time="0.479" /><testcase classname="tests.test_phase2c.TestBookingEmail" name="test_booking_without_email_still_works" time="0.484" /><testcase classname="tests.test_phase2c.TestRegression" name="test_login_still_works" time="0.365" /><testcase classname="tests.test_phase2c.TestRegression" name="test_super_admin_login" time="0.364" /><testcase classname="tests.test_phase_crm.TestCustomers" name="test_create_persists_status_and_tags" time="0.454" /><testcase classname="tests.test_phase_crm.TestCustomers" name="test_patch_updates_fields" time="0.212" /><testcase classname="tests.test_phase_crm.TestCustomers" name="test_search_q_matches_name_phone_email_address" time="0.214" /><testcase classname="tests.test_phase_crm.TestCustomers" name="test_filter_by_status" time="0.252" /><testcase classname="tests.test_phase_crm.TestCustomers" name="test_filter_by_tag" time="0.111" /><testcase classname="tests.test_phase_crm.TestCustomers" name="test_tenant_isolation_customer" time="0.503" /><testcase classname="tests.test_phase_crm.TestProperties" name="test_create_list_delete_property" time="0.420" /><testcase classname="tests.test_phase_crm.TestProperties" name="test_create_property_unknown_customer_returns_404" time="0.043" /><testcase classname="tests.test_phase_crm.TestEquipment" name="test_equipment_requires_valid_property_in_same_customer" time="0.561" /><testcase classname="tests.test_phase_crm.TestCommunicationsAndJobAutoLog" name="test_create_and_list_manual_communication" time="0.170" /><testcase classname="tests.test_phase_crm.TestCommunicationsAndJobAutoLog" name="test_job_created_auto_logs_system_communication" time="0.214" /><testcase classname="tests.test_phase_crm.TestCommunicationsAndJobAutoLog" name="test_job_completed_auto_logs" time="0.259" /><testcase classname="tests.test_phase_crm.TestTimeline" name="test_timeline_merges_and_sorts" time="0.397" /><testcase classname="tests.test_phase_crm.TestFiles" name="test_upload_list_delete_file" time="0.485" /><testcase classname="tests.test_phase_crm.TestAISummary" name="test_summary_returns_model_or_fallback" time="9.305" /><testcase classname="tests.test_phase_crm.TestTenantIsolation" name="test_other_tenant_cannot_see_customer_subresources" time="0.369" /><testcase classname="tests.test_phase_crm.TestRegression" name="test_me" time="0.054" /></testsuite></testsuites>