<?xml version="1.0" encoding="utf-8"?><testsuites name="pytest tests"><testsuite name="pytest" errors="0" failures="0" skipped="0" tests="37" time="5.355" timestamp="2026-05-23T16:32:16.652286+00:00" hostname="agent-env-542b8ab2-8e98-4fed-a55f-672a78fcb0a9"><testcase classname="backend.tests.test_iteration_19.TestBranding" name="test_get_branding" time="0.838" /><testcase classname="backend.tests.test_iteration_19.TestBranding" name="test_patch_branding_full_fields" time="0.099" /><testcase classname="backend.tests.test_iteration_19.TestBranding" name="test_patch_branding_invalid_hex" time="0.047" /><testcase classname="backend.tests.test_iteration_19.TestBranding" name="test_patch_branding_custom_domain_unique" time="0.853" /><testcase classname="backend.tests.test_iteration_19.TestBranding" name="test_branding_audit_log" time="0.051" /><testcase classname="backend.tests.test_iteration_19.TestBranding" name="test_public_branding_by_company_id" time="0.170" /><testcase classname="backend.tests.test_iteration_19.TestBranding" name="test_public_branding_by_domain" time="0.115" /><testcase classname="backend.tests.test_iteration_19.TestBranding" name="test_public_branding_missing_params" time="0.158" /><testcase classname="backend.tests.test_iteration_19.TestBranding" name="test_tech_cannot_patch_branding" time="0.387" /><testcase classname="backend.tests.test_iteration_19.TestSubscription" name="test_plans_catalog" time="0.124" /><testcase classname="backend.tests.test_iteration_19.TestSubscription" name="test_my_subscription" time="0.056" /><testcase classname="backend.tests.test_iteration_19.TestSubscription" name="test_change_plan_owner" time="0.048" /><testcase classname="backend.tests.test_iteration_19.TestSubscription" name="test_checkout_dev_mode" time="0.149" /><testcase classname="backend.tests.test_iteration_19.TestSubscription" name="test_tech_cannot_change_plan" time="0.052" /><testcase classname="backend.tests.test_iteration_19.TestBranches" name="test_list_branches_owner" time="0.051" /><testcase classname="backend.tests.test_iteration_19.TestBranches" name="test_create_branch_pro" time="0.104" /><testcase classname="backend.tests.test_iteration_19.TestBranches" name="test_patch_branch" time="0.050" /><testcase classname="backend.tests.test_iteration_19.TestBranches" name="test_branch_metrics" time="0.050" /><testcase classname="backend.tests.test_iteration_19.TestBranches" name="test_branch_plan_gate_starter" time="0.167" /><testcase classname="backend.tests.test_iteration_19.TestBranches" name="test_delete_branch" time="0.050" /><testcase classname="backend.tests.test_iteration_19.TestMessageTemplates" name="test_list_auto_seeds_defaults" time="0.054" /><testcase classname="backend.tests.test_iteration_19.TestMessageTemplates" name="test_template_variables" time="0.048" /><testcase classname="backend.tests.test_iteration_19.TestMessageTemplates" name="test_patch_template" time="0.179" /><testcase classname="backend.tests.test_iteration_19.TestMessageTemplates" name="test_preview_renders_variables" time="0.051" /><testcase classname="backend.tests.test_iteration_19.TestMessageTemplates" name="test_cannot_delete_system_default" time="0.099" /><testcase classname="backend.tests.test_iteration_19.TestApiKeys" name="test_list_api_keys" time="0.049" /><testcase classname="backend.tests.test_iteration_19.TestApiKeys" name="test_create_api_key_pro" time="0.099" /><testcase classname="backend.tests.test_iteration_19.TestApiKeys" name="test_revoke_api_key" time="0.099" /><testcase classname="backend.tests.test_iteration_19.TestApiKeys" name="test_api_key_plan_gate_starter" time="0.185" /><testcase classname="backend.tests.test_iteration_19.TestTenants" name="test_list_tenants_super" time="0.374" /><testcase classname="backend.tests.test_iteration_19.TestTenants" name="test_owner_403_on_tenants" time="0.048" /><testcase classname="backend.tests.test_iteration_19.TestTenants" name="test_platform_metrics" time="0.060" /><testcase classname="backend.tests.test_iteration_19.TestTenants" name="test_export_tenant" time="0.065" /><testcase classname="backend.tests.test_iteration_19.TestTenants" name="test_owner_403_on_export" time="0.048" /><testcase classname="backend.tests.test_iteration_19.TestRegression" name="test_dashboard" time="0.049" /><testcase classname="backend.tests.test_iteration_19.TestRegression" name="test_jobs_list" time="0.050" /><testcase classname="backend.tests.test_iteration_19.TestRegression" name="test_customers_list" time="0.051" /></testsuite></testsuites>