<?xml version="1.0" encoding="utf-8"?><testsuites name="pytest tests"><testsuite name="pytest" errors="0" failures="0" skipped="0" tests="19" time="11.423" timestamp="2026-05-17T08:03:14.956503+00:00" hostname="agent-env-542b8ab2-8e98-4fed-a55f-672a78fcb0a9"><testcase classname="tests.test_iteration_13.TestTechStatus" name="test_update_status_persists" time="0.958" /><testcase classname="tests.test_iteration_13.TestTechStatus" name="test_invalid_status_422" time="0.116" /><testcase classname="tests.test_iteration_13.TestTechStatus" name="test_status_requires_auth" time="0.095" /><testcase classname="tests.test_iteration_13.TestLocation" name="test_update_location_ok" time="0.102" /><testcase classname="tests.test_iteration_13.TestLocation" name="test_location_out_of_range_422" time="0.413" /><testcase classname="tests.test_iteration_13.TestLocation" name="test_team_locations_no_id_and_has_fields" time="0.429" /><testcase classname="tests.test_iteration_13.TestLocation" name="test_team_locations_scoped_to_company" time="0.532" /><testcase classname="tests.test_iteration_13.TestJobPriority" name="test_create_job_with_priority" time="0.220" /><testcase classname="tests.test_iteration_13.TestJobPriority" name="test_default_priority_normal" time="0.196" /><testcase classname="tests.test_iteration_13.TestJobPriority" name="test_patch_priority_valid" time="0.631" /><testcase classname="tests.test_iteration_13.TestJobPriority" name="test_patch_priority_invalid" time="0.332" /><testcase classname="tests.test_iteration_13.TestJobPriority" name="test_patch_priority_404_cross_tenant" time="0.647" /><testcase classname="tests.test_iteration_13.TestJobPriority" name="test_patch_priority_404_missing" time="0.108" /><testcase classname="tests.test_iteration_13.TestWebSocket" name="test_ws_rejects_bad_token" time="0.157" /><testcase classname="tests.test_iteration_13.TestWebSocket" name="test_ws_rejects_missing_token" time="0.144" /><testcase classname="tests.test_iteration_13.TestWebSocket" name="test_ws_hello_and_broadcast_job_created" time="0.407" /><testcase classname="tests.test_iteration_13.TestWebSocket" name="test_ws_broadcast_job_updated_and_priority" time="0.596" /><testcase classname="tests.test_iteration_13.TestWebSocket" name="test_ws_broadcast_user_status_and_location" time="0.382" /><testcase classname="tests.test_iteration_13.TestWebSocket" name="test_ws_no_cross_tenant_leak" time="4.884" /></testsuite></testsuites>