<?xml version="1.0" encoding="utf-8"?><testsuites name="pytest tests"><testsuite name="pytest" errors="0" failures="0" skipped="0" tests="20" time="2.039" timestamp="2026-05-23T18:23:23.559219+00:00" hostname="agent-env-542b8ab2-8e98-4fed-a55f-672a78fcb0a9"><testcase classname="backend.tests.test_iteration_25_analytics.TestOwnerAnalytics" name="test_overview" time="0.492" /><testcase classname="backend.tests.test_iteration_25_analytics.TestOwnerAnalytics" name="test_revenue_day" time="0.051" /><testcase classname="backend.tests.test_iteration_25_analytics.TestOwnerAnalytics" name="test_revenue_week" time="0.054" /><testcase classname="backend.tests.test_iteration_25_analytics.TestOwnerAnalytics" name="test_revenue_month" time="0.056" /><testcase classname="backend.tests.test_iteration_25_analytics.TestOwnerAnalytics" name="test_technicians" time="0.053" /><testcase classname="backend.tests.test_iteration_25_analytics.TestOwnerAnalytics" name="test_marketing" time="0.058" /><testcase classname="backend.tests.test_iteration_25_analytics.TestOwnerAnalytics" name="test_calls" time="0.054" /><testcase classname="backend.tests.test_iteration_25_analytics.TestOwnerAnalytics" name="test_financing_conversion" time="0.054" /><testcase classname="backend.tests.test_iteration_25_analytics.TestOwnerAnalytics" name="test_memberships" time="0.055" /><testcase classname="backend.tests.test_iteration_25_analytics.TestOwnerAnalytics" name="test_leaderboard_revenue" time="0.053" /><testcase classname="backend.tests.test_iteration_25_analytics.TestOwnerAnalytics" name="test_leaderboard_jobs" time="0.052" /><testcase classname="backend.tests.test_iteration_25_analytics.TestOwnerAnalytics" name="test_leaderboard_rating" time="0.052" /><testcase classname="backend.tests.test_iteration_25_analytics.TestOwnerAnalytics" name="test_realtime" time="0.057" /><testcase classname="backend.tests.test_iteration_25_analytics.TestOwnerAnalytics" name="test_export_csv_revenue" time="0.054" /><testcase classname="backend.tests.test_iteration_25_analytics.TestOwnerAnalytics" name="test_export_csv_technicians" time="0.055" /><testcase classname="backend.tests.test_iteration_25_analytics.TestOwnerAnalytics" name="test_export_csv_marketing" time="0.056" /><testcase classname="backend.tests.test_iteration_25_analytics.TestOwnerAnalytics" name="test_export_csv_financing" time="0.059" /><testcase classname="backend.tests.test_iteration_25_analytics.TestOwnerAnalytics" name="test_export_csv_leaderboard" time="0.064" /><testcase classname="backend.tests.test_iteration_25_analytics.TestTenantIsolation" name="test_super_admin_overview" time="0.408" /><testcase classname="backend.tests.test_iteration_25_analytics.TestTenantIsolation" name="test_unauthenticated_blocked" time="0.110" /></testsuite></testsuites>