<?xml version="1.0" encoding="utf-8"?><testsuites name="pytest tests"><testsuite name="pytest" errors="0" failures="0" skipped="0" tests="6" time="1.051" timestamp="2026-05-23T16:52:12.800743+00:00" hostname="agent-env-542b8ab2-8e98-4fed-a55f-672a78fcb0a9"><testcase classname="backend.tests.test_public_branding" name="test_public_branding_includes_logo_and_favicon_url_fields" time="0.180" /><testcase classname="backend.tests.test_public_branding" name="test_public_branding_unknown_company_returns_friendly_payload" time="0.106" /><testcase classname="backend.tests.test_public_branding" name="test_public_asset_invalid_kind_returns_404" time="0.119" /><testcase classname="backend.tests.test_public_branding" name="test_public_asset_unknown_company_returns_404" time="0.113" /><testcase classname="backend.tests.test_public_branding" name="test_public_asset_logo_when_present" time="0.362" /><testcase classname="backend.tests.test_public_branding" name="test_pricing_plans_still_returns_4" time="0.104" /></testsuite></testsuites>