<?xml version="1.0" encoding="utf-8"?><testsuites name="pytest tests"><testsuite name="pytest" errors="0" failures="1" skipped="0" tests="20" time="19.733" timestamp="2026-05-23T15:26:45.111658+00:00" hostname="agent-env-542b8ab2-8e98-4fed-a55f-672a78fcb0a9"><testcase classname="backend.tests.test_ai_endpoints.TestEstimateGenerator" name="test_generate_estimate_shape" time="6.041"><failure message="AssertionError: assert False is True&#10; +  where False = &lt;built-in method get of dict object at 0xfe6a74a8ce80&gt;('taxable')&#10; +    where &lt;built-in method get of dict object at 0xfe6a74a8ce80&gt; = {'description': '10-Year Manufacturer Warranty', 'kind': 'service', 'qty': 1, 'taxable': False, ...}.get">backend/tests/test_ai_endpoints.py:84: in test_generate_estimate_shape
    assert li.get("taxable") is True
E   AssertionError: assert False is True
E    +  where False = &lt;built-in method get of dict object at 0xfe6a74a8ce80&gt;('taxable')
E    +    where &lt;built-in method get of dict object at 0xfe6a74a8ce80&gt; = {'description': '10-Year Manufacturer Warranty', 'kind': 'service', 'qty': 1, 'taxable': False, ...}.get</failure></testcase><testcase classname="backend.tests.test_ai_endpoints.TestEstimateGenerator" name="test_generate_estimate_empty_prompt" time="0.170" /><testcase classname="backend.tests.test_ai_endpoints.TestCallSummary" name="test_summarize_call_basic" time="1.307" /><testcase classname="backend.tests.test_ai_endpoints.TestCallSummary" name="test_summarize_call_empty_notes" time="0.109" /><testcase classname="backend.tests.test_ai_endpoints.TestTechNotesPolish" name="test_polish_basic" time="1.023" /><testcase classname="backend.tests.test_ai_endpoints.TestTechNotesPolish" name="test_polish_empty_rejected" time="0.127" /><testcase classname="backend.tests.test_ai_endpoints.TestJobSummary" name="test_summary_for_existing_job" time="1.605" /><testcase classname="backend.tests.test_ai_endpoints.TestJobSummary" name="test_summary_unknown_job_404" time="0.121" /><testcase classname="backend.tests.test_ai_endpoints.TestUpsell" name="test_upsell_shape" time="5.270" /><testcase classname="backend.tests.test_ai_endpoints.TestMaintenance" name="test_scan_small_limit" time="0.188" /><testcase classname="backend.tests.test_ai_endpoints.TestMaintenance" name="test_list_suggestions" time="0.113" /><testcase classname="backend.tests.test_ai_endpoints.TestMaintenance" name="test_dismiss_suggestion" time="0.233" /><testcase classname="backend.tests.test_ai_endpoints.TestDispatcher" name="test_dispatcher_ask" time="1.006" /><testcase classname="backend.tests.test_ai_endpoints.TestDispatcher" name="test_dispatcher_empty_question" time="0.126" /><testcase classname="backend.tests.test_ai_endpoints.TestPublicChatbot" name="test_chatbot_no_auth" time="1.251" /><testcase classname="backend.tests.test_ai_endpoints.TestPublicChatbot" name="test_chatbot_invalid_company" time="0.109" /><testcase classname="backend.tests.test_ai_endpoints.TestAiLogs" name="test_logs_for_owner" time="0.110" /><testcase classname="backend.tests.test_ai_endpoints.TestAiLogs" name="test_logs_forbidden_for_dispatcher" time="0.463" /><testcase classname="backend.tests.test_ai_endpoints.TestTenantIsolation" name="test_job_summary_other_tenant_returns_404" time="0.129" /><testcase classname="backend.tests.test_ai_endpoints.TestTenantIsolation" name="test_upsell_other_tenant_returns_404" time="0.107" /></testsuite></testsuites>