<?xml version="1.0" encoding="utf-8"?><testsuites name="pytest tests"><testsuite name="pytest" errors="0" failures="0" skipped="0" tests="14" time="3.514" timestamp="2026-06-11T14:37:59.660044+00:00" hostname="agent-env-542b8ab2-8e98-4fed-a55f-672a78fcb0a9"><testcase classname="backend.tests.test_iteration_31_checklists_pdf.TestTemplatesRegression" name="test_create_list_update_delete" time="0.771" /><testcase classname="backend.tests.test_iteration_31_checklists_pdf.TestPerJobChecklist" name="test_apply_and_toggle" time="0.258" /><testcase classname="backend.tests.test_iteration_31_checklists_pdf.TestPerJobChecklist" name="test_get_returns_items" time="0.205" /><testcase classname="backend.tests.test_iteration_31_checklists_pdf.TestPerJobChecklist" name="test_add_item_empty_title_400" time="0.082" /><testcase classname="backend.tests.test_iteration_31_checklists_pdf.TestPerJobChecklist" name="test_add_update_delete_per_job_item" time="0.406" /><testcase classname="backend.tests.test_iteration_31_checklists_pdf.TestPerJobChecklist" name="test_template_not_mutated_by_per_job_edits" time="0.365" /><testcase classname="backend.tests.test_iteration_31_checklists_pdf.TestPerJobChecklist" name="test_clear_checklist" time="0.204" /><testcase classname="backend.tests.test_iteration_31_checklists_pdf.TestTenantIsolation" name="test_other_tenant_cannot_access_job_checklist" time="0.824" /><testcase classname="backend.tests.test_iteration_31_checklists_pdf.TestAnalyticsPdfExport" name="test_pdf_export[overview]" time="0.061" /><testcase classname="backend.tests.test_iteration_31_checklists_pdf.TestAnalyticsPdfExport" name="test_pdf_export[revenue]" time="0.055" /><testcase classname="backend.tests.test_iteration_31_checklists_pdf.TestAnalyticsPdfExport" name="test_pdf_export[technicians]" time="0.054" /><testcase classname="backend.tests.test_iteration_31_checklists_pdf.TestAnalyticsPdfExport" name="test_pdf_export[marketing]" time="0.058" /><testcase classname="backend.tests.test_iteration_31_checklists_pdf.TestAnalyticsPdfExport" name="test_pdf_export[financing]" time="0.055" /><testcase classname="backend.tests.test_iteration_31_checklists_pdf.TestAnalyticsPdfExport" name="test_pdf_export[leaderboard]" time="0.053" /></testsuite></testsuites>