<?xml version="1.0" encoding="utf-8"?><testsuites name="pytest tests"><testsuite name="pytest" errors="0" failures="0" skipped="0" tests="88" time="15.497" timestamp="2026-05-31T15:42:51.198483+00:00" hostname="agent-env-542b8ab2-8e98-4fed-a55f-672a78fcb0a9"><testcase classname="tests.test_iteration_19.TestBranding" name="test_get_branding" time="0.480" /><testcase classname="tests.test_iteration_19.TestBranding" name="test_patch_branding_full_fields" time="0.103" /><testcase classname="tests.test_iteration_19.TestBranding" name="test_patch_branding_invalid_hex" time="0.051" /><testcase classname="tests.test_iteration_19.TestBranding" name="test_patch_branding_custom_domain_unique" time="0.873" /><testcase classname="tests.test_iteration_19.TestBranding" name="test_branding_audit_log" time="0.049" /><testcase classname="tests.test_iteration_19.TestBranding" name="test_public_branding_by_company_id" time="0.150" /><testcase classname="tests.test_iteration_19.TestBranding" name="test_public_branding_by_domain" time="0.130" /><testcase classname="tests.test_iteration_19.TestBranding" name="test_public_branding_missing_params" time="0.139" /><testcase classname="tests.test_iteration_19.TestBranding" name="test_tech_cannot_patch_branding" time="0.436" /><testcase classname="tests.test_iteration_19.TestSubscription" name="test_plans_catalog" time="0.101" /><testcase classname="tests.test_iteration_19.TestSubscription" name="test_my_subscription" time="0.047" /><testcase classname="tests.test_iteration_19.TestSubscription" name="test_change_plan_owner" time="0.049" /><testcase classname="tests.test_iteration_19.TestSubscription" name="test_checkout_dev_mode" time="0.149" /><testcase classname="tests.test_iteration_19.TestSubscription" name="test_tech_cannot_change_plan" time="0.063" /><testcase classname="tests.test_iteration_19.TestBranches" name="test_list_branches_owner" time="0.064" /><testcase classname="tests.test_iteration_19.TestBranches" name="test_create_branch_pro" time="0.101" /><testcase classname="tests.test_iteration_19.TestBranches" name="test_patch_branch" time="0.052" /><testcase classname="tests.test_iteration_19.TestBranches" name="test_branch_metrics" time="0.055" /><testcase classname="tests.test_iteration_19.TestBranches" name="test_branch_plan_gate_starter" time="0.148" /><testcase classname="tests.test_iteration_19.TestBranches" name="test_delete_branch" time="0.053" /><testcase classname="tests.test_iteration_19.TestMessageTemplates" name="test_list_auto_seeds_defaults" time="0.306" /><testcase classname="tests.test_iteration_19.TestMessageTemplates" name="test_template_variables" time="0.047" /><testcase classname="tests.test_iteration_19.TestMessageTemplates" name="test_patch_template" time="0.153" /><testcase classname="tests.test_iteration_19.TestMessageTemplates" name="test_preview_renders_variables" time="0.051" /><testcase classname="tests.test_iteration_19.TestMessageTemplates" name="test_cannot_delete_system_default" time="0.108" /><testcase classname="tests.test_iteration_19.TestApiKeys" name="test_list_api_keys" time="0.050" /><testcase classname="tests.test_iteration_19.TestApiKeys" name="test_create_api_key_pro" time="0.104" /><testcase classname="tests.test_iteration_19.TestApiKeys" name="test_revoke_api_key" time="0.095" /><testcase classname="tests.test_iteration_19.TestApiKeys" name="test_api_key_plan_gate_starter" time="0.190" /><testcase classname="tests.test_iteration_19.TestTenants" name="test_list_tenants_super" time="0.336" /><testcase classname="tests.test_iteration_19.TestTenants" name="test_owner_403_on_tenants" time="0.048" /><testcase classname="tests.test_iteration_19.TestTenants" name="test_platform_metrics" time="0.054" /><testcase classname="tests.test_iteration_19.TestTenants" name="test_export_tenant" time="0.068" /><testcase classname="tests.test_iteration_19.TestTenants" name="test_owner_403_on_export" time="0.053" /><testcase classname="tests.test_iteration_19.TestRegression" name="test_dashboard" time="0.052" /><testcase classname="tests.test_iteration_19.TestRegression" name="test_jobs_list" time="0.052" /><testcase classname="tests.test_iteration_19.TestRegression" name="test_customers_list" time="0.050" /><testcase classname="tests.test_iteration_25_analytics.TestOwnerAnalytics" name="test_overview" time="0.411" /><testcase classname="tests.test_iteration_25_analytics.TestOwnerAnalytics" name="test_revenue_day" time="0.054" /><testcase classname="tests.test_iteration_25_analytics.TestOwnerAnalytics" name="test_revenue_week" time="0.053" /><testcase classname="tests.test_iteration_25_analytics.TestOwnerAnalytics" name="test_revenue_month" time="0.054" /><testcase classname="tests.test_iteration_25_analytics.TestOwnerAnalytics" name="test_technicians" time="0.053" /><testcase classname="tests.test_iteration_25_analytics.TestOwnerAnalytics" name="test_marketing" time="0.059" /><testcase classname="tests.test_iteration_25_analytics.TestOwnerAnalytics" name="test_calls" time="0.054" /><testcase classname="tests.test_iteration_25_analytics.TestOwnerAnalytics" name="test_financing_conversion" time="0.056" /><testcase classname="tests.test_iteration_25_analytics.TestOwnerAnalytics" name="test_memberships" time="0.069" /><testcase classname="tests.test_iteration_25_analytics.TestOwnerAnalytics" name="test_leaderboard_revenue" time="0.059" /><testcase classname="tests.test_iteration_25_analytics.TestOwnerAnalytics" name="test_leaderboard_jobs" time="0.054" /><testcase classname="tests.test_iteration_25_analytics.TestOwnerAnalytics" name="test_leaderboard_rating" time="0.053" /><testcase classname="tests.test_iteration_25_analytics.TestOwnerAnalytics" name="test_realtime" time="0.056" /><testcase classname="tests.test_iteration_25_analytics.TestOwnerAnalytics" name="test_export_csv_revenue" time="0.059" /><testcase classname="tests.test_iteration_25_analytics.TestOwnerAnalytics" name="test_export_csv_technicians" time="0.056" /><testcase classname="tests.test_iteration_25_analytics.TestOwnerAnalytics" name="test_export_csv_marketing" time="0.054" /><testcase classname="tests.test_iteration_25_analytics.TestOwnerAnalytics" name="test_export_csv_financing" time="0.053" /><testcase classname="tests.test_iteration_25_analytics.TestOwnerAnalytics" name="test_export_csv_leaderboard" time="0.056" /><testcase classname="tests.test_iteration_25_analytics.TestTenantIsolation" name="test_super_admin_overview" time="0.378" /><testcase classname="tests.test_iteration_25_analytics.TestTenantIsolation" name="test_unauthenticated_blocked" time="0.103" /><testcase classname="tests.test_iteration_26_integrations.TestCatalog" name="test_list_returns_9_providers" time="0.411" /><testcase classname="tests.test_iteration_26_integrations.TestCatalog" name="test_technician_forbidden" time="0.377" /><testcase classname="tests.test_iteration_26_integrations.TestApiTokenIntegrations" name="test_helcim_save_encrypted_redacted" time="0.104" /><testcase classname="tests.test_iteration_26_integrations.TestApiTokenIntegrations" name="test_google_maps_save" time="0.057" /><testcase classname="tests.test_iteration_26_integrations.TestApiTokenIntegrations" name="test_twilio_save" time="0.050" /><testcase classname="tests.test_iteration_26_integrations.TestApiTokenIntegrations" name="test_zoom_save" time="0.050" /><testcase classname="tests.test_iteration_26_integrations.TestApiTokenIntegrations" name="test_oauth_start_graceful_400" time="0.048" /><testcase classname="tests.test_iteration_26_integrations.TestApiTokenIntegrations" name="test_helcim_test_endpoint" time="0.207" /><testcase classname="tests.test_iteration_26_integrations.TestApiTokenIntegrations" name="test_helcim_sync_endpoint" time="0.058" /><testcase classname="tests.test_iteration_26_integrations.TestApiTokenIntegrations" name="test_helcim_delete_and_verify" time="0.093" /><testcase classname="tests.test_iteration_26_integrations.TestApiTokenIntegrations" name="test_technician_cannot_save" time="0.048" /><testcase classname="tests.test_iteration_26_integrations.TestWebhookSubscriptions" name="test_create_returns_secret_once" time="0.048" /><testcase classname="tests.test_iteration_26_integrations.TestWebhookSubscriptions" name="test_list_redacts_secret" time="0.047" /><testcase classname="tests.test_iteration_26_integrations.TestWebhookSubscriptions" name="test_invalid_event_rejected" time="0.049" /><testcase classname="tests.test_iteration_26_integrations.TestWebhookSubscriptions" name="test_test_ping_sends_hmac" time="0.202" /><testcase classname="tests.test_iteration_26_integrations.TestWebhookSubscriptions" name="test_patch_toggle_active" time="0.145" /><testcase classname="tests.test_iteration_26_integrations.TestOutboundDispatch" name="test_job_created_emits_delivery" time="3.609" /><testcase classname="tests.test_iteration_26_integrations.TestOutboundDispatch" name="test_deliveries_sorted_desc" time="0.070" /><testcase classname="tests.test_iteration_26_integrations.TestInboundWebhooks" name="test_stripe_no_secret_graceful" time="0.173" /><testcase classname="tests.test_iteration_26_integrations.TestInboundWebhooks" name="test_quickbooks_logged" time="0.663" /><testcase classname="tests.test_iteration_26_integrations.TestInboundWebhooks" name="test_outlook_validation_token" time="0.316" /><testcase classname="tests.test_iteration_26_integrations.TestInboundWebhooks" name="test_path_no_collision_with_subscriptions" time="0.054" /><testcase classname="tests.test_iteration_26_integrations.TestTenantIsolation" name="test_super_admin_does_not_see_demo_helcim" time="0.533" /><testcase classname="tests.test_iteration_27_hardening" name="test_health_endpoint" time="0.163" /><testcase classname="tests.test_iteration_27_hardening" name="test_readiness_endpoint" time="0.123" /><testcase classname="tests.test_iteration_27_hardening" name="test_metrics_json" time="0.139" /><testcase classname="tests.test_iteration_27_hardening" name="test_metrics_prometheus_format" time="0.146" /><testcase classname="tests.test_iteration_27_hardening" name="test_security_headers_present" time="0.100" /><testcase classname="tests.test_iteration_27_hardening" name="test_request_id_round_trip" time="0.125" /><testcase classname="tests.test_iteration_27_hardening" name="test_gzip_compresses_large_response" time="0.107" /><testcase classname="tests.test_iteration_27_hardening" name="test_rate_limit_disabled_routes_for_options" time="0.064" /></testsuite></testsuites>