<?xml version="1.0" encoding="utf-8"?><testsuites name="pytest tests"><testsuite name="pytest" errors="0" failures="0" skipped="0" tests="26" time="3.935" timestamp="2026-05-17T07:12:34.760832+00:00" hostname="agent-env-542b8ab2-8e98-4fed-a55f-672a78fcb0a9"><testcase classname="tests.test_iteration_11.TestRequirements" name="test_pywebpush_listed" time="0.001" /><testcase classname="tests.test_iteration_11.TestRequirements" name="test_pyvapid_listed" time="0.000" /><testcase classname="tests.test_iteration_11.TestPublicKey" name="test_public_key_no_auth" time="0.263" /><testcase classname="tests.test_iteration_11.TestPublicKey" name="test_public_key_matches_env" time="0.115" /><testcase classname="tests.test_iteration_11.TestSubscribeCrud" name="test_subscribe_requires_auth" time="0.108" /><testcase classname="tests.test_iteration_11.TestSubscribeCrud" name="test_subscribe_creates_row" time="0.491" /><testcase classname="tests.test_iteration_11.TestSubscribeCrud" name="test_subscribe_is_idempotent" time="0.106" /><testcase classname="tests.test_iteration_11.TestSubscribeCrud" name="test_list_my_subscriptions_excludes_keys" time="0.105" /><testcase classname="tests.test_iteration_11.TestSubscribeCrud" name="test_delete_my_subscription" time="0.103" /><testcase classname="tests.test_iteration_11.TestSubscribeCrud" name="test_delete_not_my_subscription_noop" time="0.426" /><testcase classname="tests.test_iteration_11.TestPushTest" name="test_self_send_sent_zero" time="0.094" /><testcase classname="tests.test_iteration_11.TestPushTest" name="test_technician_forbidden_other_user" time="0.047" /><testcase classname="tests.test_iteration_11.TestPushTest" name="test_dispatcher_can_send_to_tech" time="0.425" /><testcase classname="tests.test_iteration_11.TestPushTest" name="test_owner_can_send_to_tech" time="0.045" /><testcase classname="tests.test_iteration_11.TestPushTest" name="test_cross_tenant_404_for_owner" time="0.057" /><testcase classname="tests.test_iteration_11.TestPushTest" name="test_super_admin_bypasses_tenant_guard" time="0.374" /><testcase classname="tests.test_iteration_11.TestJobHooks" name="test_create_job_with_assignment_doesnt_500" time="0.477" /><testcase classname="tests.test_iteration_11.TestJobHooks" name="test_create_job_without_assignment_ok" time="0.120" /><testcase classname="tests.test_iteration_11.TestJobHooks" name="test_create_job_self_assigned_skips_push" time="0.047" /><testcase classname="tests.test_iteration_11.TestJobHooks" name="test_patch_job_reassign_doesnt_500" time="0.138" /><testcase classname="tests.test_iteration_11.TestJobHooks" name="test_patch_job_reschedule_doesnt_500" time="0.106" /><testcase classname="tests.test_iteration_11.TestRegressionSmoke" name="test_login_owner" time="0.000" /><testcase classname="tests.test_iteration_11.TestRegressionSmoke" name="test_auth_me_owner" time="0.047" /><testcase classname="tests.test_iteration_11.TestRegressionSmoke" name="test_jobs_listing" time="0.045" /><testcase classname="tests.test_iteration_11.TestRegressionSmoke" name="test_customers_listing" time="0.047" /><testcase classname="tests.test_iteration_11.TestRegressionSmoke" name="test_dashboard_stats" time="0.052" /></testsuite></testsuites>