<?xml version="1.0" encoding="utf-8"?><testsuites name="pytest tests"><testsuite name="pytest" errors="0" failures="0" skipped="0" tests="16" time="3.211" timestamp="2026-06-11T15:23:40.184514+00:00" hostname="agent-env-542b8ab2-8e98-4fed-a55f-672a78fcb0a9"><testcase classname="backend.tests.test_iteration_32_legal_activity.TestLegalEndpoints" name="test_privacy_html" time="0.169" /><testcase classname="backend.tests.test_iteration_32_legal_activity.TestLegalEndpoints" name="test_terms_html" time="0.108" /><testcase classname="backend.tests.test_iteration_32_legal_activity.TestLegalEndpoints" name="test_privacy_txt" time="0.127" /><testcase classname="backend.tests.test_iteration_32_legal_activity.TestLegalEndpoints" name="test_terms_txt" time="0.106" /><testcase classname="backend.tests.test_iteration_32_legal_activity.TestLegalEndpoints" name="test_nonexistent_slug_404" time="0.238" /><testcase classname="backend.tests.test_iteration_32_legal_activity.TestLegalEndpoints" name="test_legal_no_auth_required" time="0.109" /><testcase classname="backend.tests.test_iteration_32_legal_activity.TestChecklistActivityLog" name="test_add_item_logged" time="0.845" /><testcase classname="backend.tests.test_iteration_32_legal_activity.TestChecklistActivityLog" name="test_update_item_logged" time="0.388" /><testcase classname="backend.tests.test_iteration_32_legal_activity.TestChecklistActivityLog" name="test_delete_item_logged" time="0.345" /><testcase classname="backend.tests.test_iteration_32_legal_activity.TestChecklistActivityLog" name="test_clear_checklist_logged" time="0.343" /><testcase classname="backend.tests.test_iteration_32_legal_activity.TestAnalyticsPdfRegression" name="test_pdf_export[overview]" time="0.076" /><testcase classname="backend.tests.test_iteration_32_legal_activity.TestAnalyticsPdfRegression" name="test_pdf_export[revenue]" time="0.053" /><testcase classname="backend.tests.test_iteration_32_legal_activity.TestAnalyticsPdfRegression" name="test_pdf_export[technicians]" time="0.053" /><testcase classname="backend.tests.test_iteration_32_legal_activity.TestAnalyticsPdfRegression" name="test_pdf_export[marketing]" time="0.055" /><testcase classname="backend.tests.test_iteration_32_legal_activity.TestAnalyticsPdfRegression" name="test_pdf_export[financing]" time="0.053" /><testcase classname="backend.tests.test_iteration_32_legal_activity.TestAnalyticsPdfRegression" name="test_pdf_export[leaderboard]" time="0.053" /></testsuite></testsuites>