<?xml version="1.0" encoding="utf-8"?><testsuites name="pytest tests"><testsuite name="pytest" errors="0" failures="0" skipped="0" tests="26" time="14.121" timestamp="2026-05-17T06:26:51.582111+00:00" hostname="agent-env-542b8ab2-8e98-4fed-a55f-672a78fcb0a9"><testcase classname="tests.test_iteration_9.TestRegressionAfterRefactor" name="test_root_api" time="0.249" /><testcase classname="tests.test_iteration_9.TestRegressionAfterRefactor" name="test_login_demo_owner" time="0.378" /><testcase classname="tests.test_iteration_9.TestRegressionAfterRefactor" name="test_login_superadmin" time="0.411" /><testcase classname="tests.test_iteration_9.TestRegressionAfterRefactor" name="test_jobs_list" time="0.382" /><testcase classname="tests.test_iteration_9.TestRegressionAfterRefactor" name="test_dashboard_stats" time="0.373" /><testcase classname="tests.test_iteration_9.TestRegressionAfterRefactor" name="test_activity_endpoint" time="0.398" /><testcase classname="tests.test_iteration_9.TestRegressionAfterRefactor" name="test_sessions_list" time="0.403" /><testcase classname="tests.test_iteration_9.TestEmailSentActivity" name="test_forgot_emits_email_sent_activity" time="2.238" /><testcase classname="tests.test_iteration_9.TestPortalRate" name="test_rate_forbidden_for_non_customer" time="1.170" /><testcase classname="tests.test_iteration_9.TestPortalRate" name="test_rate_404_for_foreign_job" time="0.778" /><testcase classname="tests.test_iteration_9.TestPortalRate" name="test_rate_400_when_not_completed" time="0.390" /><testcase classname="tests.test_iteration_9.TestPortalRate" name="test_rate_422_invalid_rating" time="0.514" /><testcase classname="tests.test_iteration_9.TestPortalRate" name="test_rate_200_persists_and_logs_activity" time="0.389" /><testcase classname="tests.test_iteration_9.TestPortalTipCheckout" name="test_tip_checkout_forbidden_for_non_customer" time="0.380" /><testcase classname="tests.test_iteration_9.TestPortalTipCheckout" name="test_tip_checkout_404_for_foreign_job" time="0.368" /><testcase classname="tests.test_iteration_9.TestPortalTipCheckout" name="test_tip_checkout_400_on_non_completed" time="0.375" /><testcase classname="tests.test_iteration_9.TestPortalTipCheckout" name="test_tip_checkout_400_on_non_positive_amount" time="0.430" /><testcase classname="tests.test_iteration_9.TestPortalTipCheckout" name="test_tip_checkout_200_returns_url_and_inserts_tx" time="1.045" /><testcase classname="tests.test_iteration_9.TestPortalPaymentStatus" name="test_status_404_for_foreign_tx" time="0.412" /><testcase classname="tests.test_iteration_9.TestPortalPaymentStatus" name="test_status_returns_paid_tx_when_already_processed" time="0.394" /><testcase classname="tests.test_iteration_9.TestPortalPaymentStatus" name="test_status_requires_customer_role" time="0.378" /><testcase classname="tests.test_iteration_9.TestPublicCompanyIndustry" name="test_industry_present" time="0.482" /><testcase classname="tests.test_iteration_9.TestPublicCompanyIndustry" name="test_public_company_404" time="0.139" /><testcase classname="tests.test_iteration_9.TestV16RulesStillEnforced" name="test_hex_color_regex_enforced" time="0.489" /><testcase classname="tests.test_iteration_9.TestV16RulesStillEnforced" name="test_password_strength_register" time="0.240" /><testcase classname="tests.test_iteration_9.TestV16RulesStillEnforced" name="test_email_verify_gate_before_checkout" time="0.813" /></testsuite></testsuites>