<?xml version="1.0" encoding="utf-8"?><testsuites name="pytest tests"><testsuite name="pytest" errors="0" failures="1" skipped="0" tests="241" time="175.365" timestamp="2026-05-17T07:59:30.570110+00:00" hostname="agent-env-542b8ab2-8e98-4fed-a55f-672a78fcb0a9"><testcase classname="tests.test_a1fieldpro" name="test_health" time="0.150" /><testcase classname="tests.test_a1fieldpro" name="test_login_owner_sets_cookie" time="0.329" /><testcase classname="tests.test_a1fieldpro" name="test_login_invalid" time="0.338" /><testcase classname="tests.test_a1fieldpro" name="test_me_returns_user_and_company" time="0.373" /><testcase classname="tests.test_a1fieldpro" name="test_me_unauthenticated" time="0.097" /><testcase classname="tests.test_a1fieldpro" name="test_logout_clears_cookie" time="0.466" /><testcase classname="tests.test_a1fieldpro" name="test_register_creates_company_and_owner" time="0.373" /><testcase classname="tests.test_a1fieldpro" name="test_list_jobs_seeded" time="0.051" /><testcase classname="tests.test_a1fieldpro" name="test_jobs_mine_for_technician" time="0.417" /><testcase classname="tests.test_a1fieldpro" name="test_job_crud" time="0.248" /><testcase classname="tests.test_a1fieldpro" name="test_technician_cannot_delete_job" time="0.146" /><testcase classname="tests.test_a1fieldpro" name="test_dashboard_stats" time="0.049" /><testcase classname="tests.test_a1fieldpro" name="test_team_list" time="0.048" /><testcase classname="tests.test_a1fieldpro" name="test_team_create_and_delete" time="0.335" /><testcase classname="tests.test_a1fieldpro" name="test_tech_cannot_create_team" time="0.048" /><testcase classname="tests.test_a1fieldpro" name="test_customers_create_list" time="0.103" /><testcase classname="tests.test_a1fieldpro" name="test_multi_tenant_isolation" time="0.376" /><testcase classname="tests.test_a1fieldpro" name="test_payment_checkout" time="0.654" /><testcase classname="tests.test_iteration_10.TestRegressionSmoke" name="test_auth_me" time="0.369" /><testcase classname="tests.test_iteration_10.TestRegressionSmoke" name="test_list_jobs" time="0.049" /><testcase classname="tests.test_iteration_10.TestRegressionSmoke" name="test_list_customers" time="0.051" /><testcase classname="tests.test_iteration_10.TestRegressionSmoke" name="test_list_users" time="0.048" /><testcase classname="tests.test_iteration_10.TestRegressionSmoke" name="test_activity_feed" time="0.053" /><testcase classname="tests.test_iteration_10.TestRegressionSmoke" name="test_roles_config" time="0.049" /><testcase classname="tests.test_iteration_10.TestInviteVerifyGate" name="test_unverified_owner_invite_blocked" time="0.433" /><testcase classname="tests.test_iteration_10.TestInviteVerifyGate" name="test_verified_demo_owner_can_invite" time="0.538" /><testcase classname="tests.test_iteration_10.TestRecurringJobs" name="test_list_recurring_empty_ok" time="0.051" /><testcase classname="tests.test_iteration_10.TestRecurringJobs" name="test_create_monthly_autofills_interval" time="0.058" /><testcase classname="tests.test_iteration_10.TestRecurringJobs" name="test_create_custom_requires_interval" time="0.048" /><testcase classname="tests.test_iteration_10.TestRecurringJobs" name="test_create_custom_with_interval" time="0.052" /><testcase classname="tests.test_iteration_10.TestRecurringJobs" name="test_create_all_cadences" time="0.268" /><testcase classname="tests.test_iteration_10.TestRecurringJobs" name="test_patch_updates_interval_when_cadence_changes" time="0.101" /><testcase classname="tests.test_iteration_10.TestRecurringJobs" name="test_patch_custom_changes_interval" time="0.103" /><testcase classname="tests.test_iteration_10.TestRecurringJobs" name="test_patch_no_fields_400" time="0.098" /><testcase classname="tests.test_iteration_10.TestRecurringJobs" name="test_patch_not_found" time="0.048" /><testcase classname="tests.test_iteration_10.TestRecurringJobs" name="test_run_force_materializes" time="0.148" /><testcase classname="tests.test_iteration_10.TestRecurringJobs" name="test_get_jobs_materializes_due" time="0.102" /><testcase classname="tests.test_iteration_10.TestRecurringJobs" name="test_activity_events_logged" time="0.153" /><testcase classname="tests.test_iteration_10.TestRecurringJobs" name="test_delete_owner_ok" time="0.147" /><testcase classname="tests.test_iteration_10.TestRecurringJobs" name="test_delete_dispatcher_ok" time="0.414" /><testcase classname="tests.test_iteration_10.TestRecurringJobs" name="test_delete_technician_forbidden" time="0.420" /><testcase classname="tests.test_iteration_10.TestRecurringJobs" name="test_run_not_found" time="0.050" /><testcase classname="tests.test_iteration_10.TestCSVExports" name="test_export_owner_ok[jobs-id]" time="0.048" /><testcase classname="tests.test_iteration_10.TestCSVExports" name="test_export_owner_ok[customers-id]" time="0.047" /><testcase classname="tests.test_iteration_10.TestCSVExports" name="test_export_owner_ok[payments-id]" time="0.047" /><testcase classname="tests.test_iteration_10.TestCSVExports" name="test_export_technician_forbidden" time="0.141" /><testcase classname="tests.test_iteration_10.TestCSVExports" name="test_export_dispatcher_forbidden" time="0.045" /><testcase classname="tests.test_iteration_10.TestCSVExports" name="test_export_date_filter" time="0.047" /><testcase classname="tests.test_iteration_10.TestRouteOptimize" name="test_optimize_dry_run_returns_plan_no_write" time="0.301" /><testcase classname="tests.test_iteration_10.TestRouteOptimize" name="test_optimize_writes_and_logs" time="0.353" /><testcase classname="tests.test_iteration_10.TestRouteOptimize" name="test_optimize_technician_forbidden" time="0.248" /><testcase classname="tests.test_iteration_10.TestRouteOptimize" name="test_optimize_dispatcher_allowed" time="0.240" /><testcase classname="tests.test_iteration_10.TestRouteOptimize" name="test_optimize_no_jobs_returns_empty" time="0.251" /><testcase classname="tests.test_iteration_11.TestRequirements" name="test_pywebpush_listed" time="0.000" /><testcase classname="tests.test_iteration_11.TestRequirements" name="test_pyvapid_listed" time="0.000" /><testcase classname="tests.test_iteration_11.TestPublicKey" name="test_public_key_no_auth" time="0.162" /><testcase classname="tests.test_iteration_11.TestPublicKey" name="test_public_key_matches_env" time="0.097" /><testcase classname="tests.test_iteration_11.TestSubscribeCrud" name="test_subscribe_requires_auth" time="0.106" /><testcase classname="tests.test_iteration_11.TestSubscribeCrud" name="test_subscribe_creates_row" time="0.436" /><testcase classname="tests.test_iteration_11.TestSubscribeCrud" name="test_subscribe_is_idempotent" time="0.105" /><testcase classname="tests.test_iteration_11.TestSubscribeCrud" name="test_list_my_subscriptions_excludes_keys" time="0.103" /><testcase classname="tests.test_iteration_11.TestSubscribeCrud" name="test_delete_my_subscription" time="0.104" /><testcase classname="tests.test_iteration_11.TestSubscribeCrud" name="test_delete_not_my_subscription_noop" time="0.434" /><testcase classname="tests.test_iteration_11.TestPushTest" name="test_self_send_sent_zero" time="0.120" /><testcase classname="tests.test_iteration_11.TestPushTest" name="test_technician_forbidden_other_user" time="0.051" /><testcase classname="tests.test_iteration_11.TestPushTest" name="test_dispatcher_can_send_to_tech" time="0.443" /><testcase classname="tests.test_iteration_11.TestPushTest" name="test_owner_can_send_to_tech" time="0.052" /><testcase classname="tests.test_iteration_11.TestPushTest" name="test_cross_tenant_404_for_owner" time="0.065" /><testcase classname="tests.test_iteration_11.TestPushTest" name="test_super_admin_bypasses_tenant_guard" time="0.399" /><testcase classname="tests.test_iteration_11.TestJobHooks" name="test_create_job_with_assignment_doesnt_500" time="0.569" /><testcase classname="tests.test_iteration_11.TestJobHooks" name="test_create_job_without_assignment_ok" time="0.050" /><testcase classname="tests.test_iteration_11.TestJobHooks" name="test_create_job_self_assigned_skips_push" time="0.050" /><testcase classname="tests.test_iteration_11.TestJobHooks" name="test_patch_job_reassign_doesnt_500" time="0.154" /><testcase classname="tests.test_iteration_11.TestJobHooks" name="test_patch_job_reschedule_doesnt_500" time="0.110" /><testcase classname="tests.test_iteration_11.TestRegressionSmoke" name="test_login_owner" time="0.000" /><testcase classname="tests.test_iteration_11.TestRegressionSmoke" name="test_auth_me_owner" time="0.052" /><testcase classname="tests.test_iteration_11.TestRegressionSmoke" name="test_jobs_listing" time="0.051" /><testcase classname="tests.test_iteration_11.TestRegressionSmoke" name="test_customers_listing" time="0.054" /><testcase classname="tests.test_iteration_11.TestRegressionSmoke" name="test_dashboard_stats" time="0.058" /><testcase classname="tests.test_iteration_12.TestRatePushHook" name="test_rate_high_returns_ok_and_logs_activity" time="1.295" /><testcase classname="tests.test_iteration_12.TestRatePushHook" name="test_rate_low_still_returns_ok_owner_push_silent_fail" time="0.438" /><testcase classname="tests.test_iteration_12.TestRatePushHook" name="test_rate_with_no_assigned_to_still_ok" time="0.394" /><testcase classname="tests.test_iteration_12.TestPaymentStatusPushHook" name="test_status_short_circuit_on_already_paid_tx" time="0.407" /><testcase classname="tests.test_iteration_12.TestPaymentStatusPushHook" name="test_status_404_for_unknown_session" time="0.380" /><testcase classname="tests.test_iteration_12.TestStripeWebhookSurface" name="test_webhook_bad_signature_returns_400_not_500" time="0.107" /><testcase classname="tests.test_iteration_12.TestPortalTipStatus" name="test_portal_status_already_paid_returns_tx_no_push" time="0.380" /><testcase classname="tests.test_iteration_12.TestRecurringRunPushHook" name="test_force_run_assigned_to_tech_returns_job_and_logs_activity" time="0.395" /><testcase classname="tests.test_iteration_12.TestRecurringRunPushHook" name="test_force_run_self_assigned_no_push_still_ok" time="0.403" /><testcase classname="tests.test_iteration_12.TestLazyMaterializePushHook" name="test_get_jobs_materializes_due_recurring_with_push_silent_fail" time="0.379" /><testcase classname="tests.test_iteration_12.TestLazyMaterializePushHook" name="test_get_recurring_jobs_materializes_due_with_push_silent_fail" time="0.380" /><testcase classname="tests.test_iteration_12.TestRegressionSmoke" name="test_root" time="0.098" /><testcase classname="tests.test_iteration_12.TestRegressionSmoke" name="test_demo_login_and_me" time="0.373" /><testcase classname="tests.test_iteration_12.TestRegressionSmoke" name="test_jobs_list_owner" time="0.372" /><testcase classname="tests.test_iteration_12.TestRegressionSmoke" name="test_recurring_list_owner" time="0.377" /><testcase classname="tests.test_iteration_13.TestTechStatus" name="test_update_status_persists" time="0.878" /><testcase classname="tests.test_iteration_13.TestTechStatus" name="test_invalid_status_422" time="0.106" /><testcase classname="tests.test_iteration_13.TestTechStatus" name="test_status_requires_auth" time="0.109" /><testcase classname="tests.test_iteration_13.TestLocation" name="test_update_location_ok" time="0.100" /><testcase classname="tests.test_iteration_13.TestLocation" name="test_location_out_of_range_422" time="0.411" /><testcase classname="tests.test_iteration_13.TestLocation" name="test_team_locations_no_id_and_has_fields" time="0.447" /><testcase classname="tests.test_iteration_13.TestLocation" name="test_team_locations_scoped_to_company" time="0.534" /><testcase classname="tests.test_iteration_13.TestJobPriority" name="test_create_job_with_priority" time="0.198" /><testcase classname="tests.test_iteration_13.TestJobPriority" name="test_default_priority_normal" time="0.200" /><testcase classname="tests.test_iteration_13.TestJobPriority" name="test_patch_priority_valid" time="32.839" /><testcase classname="tests.test_iteration_13.TestJobPriority" name="test_patch_priority_invalid" time="15.343" /><testcase classname="tests.test_iteration_13.TestJobPriority" name="test_patch_priority_404_cross_tenant" time="0.715" /><testcase classname="tests.test_iteration_13.TestJobPriority" name="test_patch_priority_404_missing" time="0.107" /><testcase classname="tests.test_iteration_13.TestWebSocket" name="test_ws_rejects_bad_token" time="0.151" /><testcase classname="tests.test_iteration_13.TestWebSocket" name="test_ws_rejects_missing_token" time="0.146" /><testcase classname="tests.test_iteration_13.TestWebSocket" name="test_ws_hello_and_broadcast_job_created" time="0.376" /><testcase classname="tests.test_iteration_13.TestWebSocket" name="test_ws_broadcast_job_updated_and_priority" time="0.598" /><testcase classname="tests.test_iteration_13.TestWebSocket" name="test_ws_broadcast_user_status_and_location" time="0.389" /><testcase classname="tests.test_iteration_13.TestWebSocket" name="test_ws_no_cross_tenant_leak" time="4.928" /><testcase classname="tests.test_iteration_8.TestPasswordStrength" name="test_register_short_password_422" time="0.097" /><testcase classname="tests.test_iteration_8.TestPasswordStrength" name="test_register_no_letter_password_422" time="0.099" /><testcase classname="tests.test_iteration_8.TestPasswordStrength" name="test_register_no_digit_password_422" time="0.106" /><testcase classname="tests.test_iteration_8.TestPasswordStrength" name="test_register_valid_password_200" time="0.325" /><testcase classname="tests.test_iteration_8.TestPasswordStrength" name="test_reset_invalid_password_422" time="0.106" /><testcase classname="tests.test_iteration_8.TestBrandingHexPattern" name="test_patch_branding_invalid_word" time="0.431" /><testcase classname="tests.test_iteration_8.TestBrandingHexPattern" name="test_patch_branding_short_hex" time="0.104" /><testcase classname="tests.test_iteration_8.TestBrandingHexPattern" name="test_patch_branding_invalid_chars" time="0.099" /><testcase classname="tests.test_iteration_8.TestBrandingHexPattern" name="test_patch_branding_valid_hex" time="1.117" /><testcase classname="tests.test_iteration_8.TestCheckoutEmailGate" name="test_checkout_unverified_user_403" time="0.534" /><testcase classname="tests.test_iteration_8.TestCheckoutEmailGate" name="test_checkout_verified_owner_returns_url" time="0.728" /><testcase classname="tests.test_iteration_8.TestJobActivityEvents" name="test_jobs_created_activity_logged" time="0.714" /><testcase classname="tests.test_iteration_8.TestJobActivityEvents" name="test_jobs_status_change_activity_logged[scheduled]" time="0.858" /><testcase classname="tests.test_iteration_8.TestJobActivityEvents" name="test_jobs_status_change_activity_logged[in_progress]" time="0.823" /><testcase classname="tests.test_iteration_8.TestJobActivityEvents" name="test_jobs_status_change_activity_logged[completed]" time="0.817" /><testcase classname="tests.test_iteration_8.TestJobActivityEvents" name="test_jobs_status_change_activity_logged[cancelled]" time="0.801" /><testcase classname="tests.test_iteration_8.TestPublicBookingFullJob" name="test_public_booking_returns_job_object" time="0.131" /><testcase classname="tests.test_iteration_8.TestRegressionSmoke" name="test_login_demo" time="0.000" /><testcase classname="tests.test_iteration_8.TestRegressionSmoke" name="test_auth_me" time="0.106" /><testcase classname="tests.test_iteration_8.TestRegressionSmoke" name="test_list_jobs" time="0.104" /><testcase classname="tests.test_iteration_8.TestRegressionSmoke" name="test_list_customers_paginated" time="0.095" /><testcase classname="tests.test_iteration_8.TestRegressionSmoke" name="test_dashboard_stats" time="0.120" /><testcase classname="tests.test_iteration_8.TestRegressionSmoke" name="test_activity_feed" time="0.114" /><testcase classname="tests.test_iteration_8.TestRegressionSmoke" name="test_sessions_list" time="0.106" /><testcase classname="tests.test_iteration_8.TestRegressionSmoke" name="test_users_list" time="0.112" /><testcase classname="tests.test_iteration_8.TestRegressionSmoke" name="test_invoice_pdf" time="0.292" /><testcase classname="tests.test_iteration_9.TestRegressionAfterRefactor" name="test_root_api" time="0.098" /><testcase classname="tests.test_iteration_9.TestRegressionAfterRefactor" name="test_login_demo_owner" time="0.396" /><testcase classname="tests.test_iteration_9.TestRegressionAfterRefactor" name="test_login_superadmin" time="0.373" /><testcase classname="tests.test_iteration_9.TestRegressionAfterRefactor" name="test_jobs_list" time="0.376" /><testcase classname="tests.test_iteration_9.TestRegressionAfterRefactor" name="test_dashboard_stats" time="0.405" /><testcase classname="tests.test_iteration_9.TestRegressionAfterRefactor" name="test_activity_endpoint" time="0.368" /><testcase classname="tests.test_iteration_9.TestRegressionAfterRefactor" name="test_sessions_list" time="0.380" /><testcase classname="tests.test_iteration_9.TestEmailSentActivity" name="test_forgot_emits_email_sent_activity" time="2.348" /><testcase classname="tests.test_iteration_9.TestPortalRate" name="test_rate_forbidden_for_non_customer" time="0.848" /><testcase classname="tests.test_iteration_9.TestPortalRate" name="test_rate_404_for_foreign_job" time="0.747" /><testcase classname="tests.test_iteration_9.TestPortalRate" name="test_rate_400_when_not_completed" time="0.395" /><testcase classname="tests.test_iteration_9.TestPortalRate" name="test_rate_422_invalid_rating" time="0.530" /><testcase classname="tests.test_iteration_9.TestPortalRate" name="test_rate_200_persists_and_logs_activity" time="0.380" /><testcase classname="tests.test_iteration_9.TestPortalTipCheckout" name="test_tip_checkout_forbidden_for_non_customer" time="0.378" /><testcase classname="tests.test_iteration_9.TestPortalTipCheckout" name="test_tip_checkout_404_for_foreign_job" time="0.387" /><testcase classname="tests.test_iteration_9.TestPortalTipCheckout" name="test_tip_checkout_400_on_non_completed" time="0.368" /><testcase classname="tests.test_iteration_9.TestPortalTipCheckout" name="test_tip_checkout_400_on_non_positive_amount" time="0.417" /><testcase classname="tests.test_iteration_9.TestPortalTipCheckout" name="test_tip_checkout_200_returns_url_and_inserts_tx" time="0.793" /><testcase classname="tests.test_iteration_9.TestPortalPaymentStatus" name="test_status_404_for_foreign_tx" time="0.381" /><testcase classname="tests.test_iteration_9.TestPortalPaymentStatus" name="test_status_returns_paid_tx_when_already_processed" time="0.393" /><testcase classname="tests.test_iteration_9.TestPortalPaymentStatus" name="test_status_requires_customer_role" time="0.367" /><testcase classname="tests.test_iteration_9.TestPublicCompanyIndustry" name="test_industry_present" time="0.509" /><testcase classname="tests.test_iteration_9.TestPublicCompanyIndustry" name="test_public_company_404" time="0.105" /><testcase classname="tests.test_iteration_9.TestV16RulesStillEnforced" name="test_hex_color_regex_enforced" time="0.420" /><testcase classname="tests.test_iteration_9.TestV16RulesStillEnforced" name="test_password_strength_register" time="0.197" /><testcase classname="tests.test_iteration_9.TestV16RulesStillEnforced" name="test_email_verify_gate_before_checkout" time="0.758" /><testcase classname="tests.test_phase1" name="test_patch_scheduled_at_promotes_unscheduled" time="0.462" /><testcase classname="tests.test_phase1" name="test_photo_upload_and_delete" time="3.634" /><testcase classname="tests.test_phase1" name="test_photo_upload_rejects_non_image" time="0.147" /><testcase classname="tests.test_phase1" name="test_signature_save" time="0.310" /><testcase classname="tests.test_phase1" name="test_signature_invalid_base64" time="0.139" /><testcase classname="tests.test_phase1" name="test_files_unauthenticated_rejected" time="0.182" /><testcase classname="tests.test_phase1" name="test_files_cross_tenant_forbidden" time="0.097" /><testcase classname="tests.test_phase1" name="test_files_serves_own_photo" time="0.409" /><testcase classname="tests.test_phase1" name="test_public_company_returns_no_owner_id" time="0.104" /><testcase classname="tests.test_phase1" name="test_public_company_404" time="0.100" /><testcase classname="tests.test_phase1" name="test_public_booking_creates_unscheduled_job" time="0.206" /><testcase classname="tests.test_phase1" name="test_public_booking_invalid_company" time="0.107" /><testcase classname="tests.test_phase2" name="test_companies_me_returns_company" time="0.362" /><testcase classname="tests.test_phase2" name="test_patch_branding_owner" time="0.171" /><testcase classname="tests.test_phase2" name="test_patch_branding_non_owner_forbidden" time="0.385" /><testcase classname="tests.test_phase2" name="test_patch_branding_unauthenticated" time="0.107" /><testcase classname="tests.test_phase2" name="test_upload_logo_owner" time="0.245" /><testcase classname="tests.test_phase2" name="test_upload_logo_non_owner_forbidden" time="0.054" /><testcase classname="tests.test_phase2" name="test_invoice_pdf_unauthenticated" time="0.099" /><testcase classname="tests.test_phase2" name="test_invoice_pdf_returns_pdf" time="0.093" /><testcase classname="tests.test_phase2" name="test_invoice_pdf_paid_stamp" time="0.190" /><testcase classname="tests.test_phase2" name="test_invoice_pdf_cross_tenant_404" time="0.439" /><testcase classname="tests.test_phase2b.TestSuperAdminSeed" name="test_super_admin_login" time="0.406" /><testcase classname="tests.test_phase2b.TestMFAFlow" name="test_mfa_setup_returns_secret_and_qr" time="0.417" /><testcase classname="tests.test_phase2b.TestMFAFlow" name="test_mfa_enable_with_valid_code_and_login_required_then_accepted" time="2.098" /><testcase classname="tests.test_phase2b.TestMFAFlow" name="test_mfa_disable_wrong_password_rejected" time="0.690" /><testcase classname="tests.test_phase2b.TestPasswordReset" name="test_forgot_known_returns_reset_url" time="0.305" /><testcase classname="tests.test_phase2b.TestPasswordReset" name="test_forgot_unknown_returns_ok_no_url" time="0.107" /><testcase classname="tests.test_phase2b.TestPasswordReset" name="test_reset_with_valid_token_revokes_sessions" time="1.093" /><testcase classname="tests.test_phase2b.TestPasswordReset" name="test_reset_invalid_token" time="0.099" /><testcase classname="tests.test_phase2b.TestSessions" name="test_list_sessions_marks_current" time="0.385" /><testcase classname="tests.test_phase2b.TestSessions" name="test_revoke_session_blocks_access" time="0.832" /><testcase classname="tests.test_phase2b.TestActivity" name="test_owner_can_read_activity" time="0.374" /><testcase classname="tests.test_phase2b.TestActivity" name="test_tech_cannot_read_activity" time="0.390" /><testcase classname="tests.test_phase2b.TestActivity" name="test_unauth_activity" time="0.129" /><testcase classname="tests.test_phase2b.TestUsersAdmin" name="test_owner_lists_only_own_company" time="0.376" /><testcase classname="tests.test_phase2b.TestUsersAdmin" name="test_super_admin_all_tenants" time="0.382" /><testcase classname="tests.test_phase2b.TestUsersAdmin" name="test_owner_can_change_role_of_non_owner" time="0.517" /><testcase classname="tests.test_phase2b.TestUsersAdmin" name="test_owner_cannot_modify_owner" time="0.744" /><testcase classname="tests.test_phase2b.TestUsersAdmin" name="test_cross_tenant_edit_blocked" time="0.710" /><testcase classname="tests.test_phase2b.TestInvite" name="test_owner_can_invite_dispatcher" time="0.848" /><testcase classname="tests.test_phase2b.TestInvite" name="test_invite_duplicate_email_rejected" time="0.872" /><testcase classname="tests.test_phase2b.TestInvite" name="test_owner_cannot_invite_super_admin" time="0.376" /><testcase classname="tests.test_phase2b.TestInvite" name="test_tech_cannot_invite" time="0.373" /><testcase classname="tests.test_phase2b.TestConfigRoles" name="test_roles_endpoint" time="0.488" /><testcase classname="tests.test_phase2c.TestRegistrationVerify" name="test_register_sets_email_verified_false" time="0.332" /><testcase classname="tests.test_phase2c.TestRegistrationVerify" name="test_verify_endpoint_with_invalid_token" time="0.102" /><testcase classname="tests.test_phase2c.TestRegistrationVerify" name="test_verify_resend_and_then_verify" time="0.713" /><testcase classname="tests.test_phase2c.TestRegistrationVerify" name="test_verify_resend_requires_auth" time="0.100" /><testcase classname="tests.test_phase2c.TestGoogleExchange" name="test_google_exchange_bad_session_returns_400" time="0.209" /><testcase classname="tests.test_phase2c.TestGoogleExchange" name="test_google_exchange_happy_path_creates_customer" time="0.289" /><testcase classname="tests.test_phase2c.TestPortal" name="test_portal_jobs_forbidden_for_owner" time="0.372" /><testcase classname="tests.test_phase2c.TestPortal" name="test_portal_companies_forbidden_for_tech" time="0.371" /><testcase classname="tests.test_phase2c.TestPortal" name="test_portal_jobs_unauth" time="0.094" /><testcase classname="tests.test_phase2c.TestPortal" name="test_portal_flow_with_booking_and_customer" time="1.255" /><testcase classname="tests.test_phase2c.TestBookingEmail" name="test_booking_creates_job_with_customer_email" time="0.480" /><testcase classname="tests.test_phase2c.TestBookingEmail" name="test_booking_without_email_still_works" time="0.621" /><testcase classname="tests.test_phase2c.TestRegression" name="test_login_still_works" time="0.377" /><testcase classname="tests.test_phase2c.TestRegression" name="test_super_admin_login" time="0.375" /><testcase classname="tests.test_phase_crm.TestCustomers" name="test_create_persists_status_and_tags" time="0.428" /><testcase classname="tests.test_phase_crm.TestCustomers" name="test_patch_updates_fields" time="0.138" /><testcase classname="tests.test_phase_crm.TestCustomers" name="test_search_q_matches_name_phone_email_address" time="0.141" /><testcase classname="tests.test_phase_crm.TestCustomers" name="test_filter_by_status" time="0.137" /><testcase classname="tests.test_phase_crm.TestCustomers" name="test_filter_by_tag" time="0.092" /><testcase classname="tests.test_phase_crm.TestCustomers" name="test_tenant_isolation_customer" time="0.471" /><testcase classname="tests.test_phase_crm.TestProperties" name="test_create_list_delete_property" time="0.279" /><testcase classname="tests.test_phase_crm.TestProperties" name="test_create_property_unknown_customer_returns_404" time="0.053" /><testcase classname="tests.test_phase_crm.TestEquipment" name="test_equipment_requires_valid_property_in_same_customer" time="0.418" /><testcase classname="tests.test_phase_crm.TestCommunicationsAndJobAutoLog" name="test_create_and_list_manual_communication" time="0.138" /><testcase classname="tests.test_phase_crm.TestCommunicationsAndJobAutoLog" name="test_job_created_auto_logs_system_communication" time="0.140" /><testcase classname="tests.test_phase_crm.TestCommunicationsAndJobAutoLog" name="test_job_completed_auto_logs" time="0.184" /><testcase classname="tests.test_phase_crm.TestTimeline" name="test_timeline_merges_and_sorts" time="20.156"><failure message="requests.exceptions.ReadTimeout: HTTPSConnectionPool(host='a1-dispatch.preview.emergentagent.com', port=443): Read timed out. (read timeout=20)">/root/.venv/lib/python3.11/site-packages/urllib3/connectionpool.py:534: in _make_request
    response = conn.getresponse()
               ^^^^^^^^^^^^^^^^^^
/root/.venv/lib/python3.11/site-packages/urllib3/connection.py:571: in getresponse
    httplib_response = super().getresponse()
                       ^^^^^^^^^^^^^^^^^^^^^
/usr/local/lib/python3.11/http/client.py:1415: in getresponse
    response.begin()
/usr/local/lib/python3.11/http/client.py:330: in begin
    version, status, reason = self._read_status()
                              ^^^^^^^^^^^^^^^^^^^
/usr/local/lib/python3.11/http/client.py:291: in _read_status
    line = str(self.fp.readline(_MAXLINE + 1), "iso-8859-1")
               ^^^^^^^^^^^^^^^^^^^^^^^^^^^^^^
/usr/local/lib/python3.11/socket.py:718: in readinto
    return self._sock.recv_into(b)
           ^^^^^^^^^^^^^^^^^^^^^^^
/usr/local/lib/python3.11/ssl.py:1314: in recv_into
    return self.read(nbytes, buffer)
           ^^^^^^^^^^^^^^^^^^^^^^^^^
/usr/local/lib/python3.11/ssl.py:1166: in read
    return self._sslobj.read(len, buffer)
           ^^^^^^^^^^^^^^^^^^^^^^^^^^^^^^
E   TimeoutError: The read operation timed out

The above exception was the direct cause of the following exception:
/root/.venv/lib/python3.11/site-packages/requests/adapters.py:696: in send
    resp = conn.urlopen(
/root/.venv/lib/python3.11/site-packages/urllib3/connectionpool.py:842: in urlopen
    retries = retries.increment(
/root/.venv/lib/python3.11/site-packages/urllib3/util/retry.py:498: in increment
    raise reraise(type(error), error, _stacktrace)
          ^^^^^^^^^^^^^^^^^^^^^^^^^^^^^^^^^^^^^^^^
/root/.venv/lib/python3.11/site-packages/urllib3/util/util.py:39: in reraise
    raise value
/root/.venv/lib/python3.11/site-packages/urllib3/connectionpool.py:788: in urlopen
    response = self._make_request(
/root/.venv/lib/python3.11/site-packages/urllib3/connectionpool.py:536: in _make_request
    self._raise_timeout(err=e, url=url, timeout_value=read_timeout)
/root/.venv/lib/python3.11/site-packages/urllib3/connectionpool.py:367: in _raise_timeout
    raise ReadTimeoutError(
E   urllib3.exceptions.ReadTimeoutError: HTTPSConnectionPool(host='a1-dispatch.preview.emergentagent.com', port=443): Read timed out. (read timeout=20)

During handling of the above exception, another exception occurred:
tests/test_phase_crm.py:273: in test_timeline_merges_and_sorts
    r = owner.post(f"{API}/customers/{customer['id']}/files", files=files, timeout=20)
        ^^^^^^^^^^^^^^^^^^^^^^^^^^^^^^^^^^^^^^^^^^^^^^^^^^^^^^^^^^^^^^^^^^^^^^^^^^^^^^
/root/.venv/lib/python3.11/site-packages/requests/sessions.py:712: in post
    return self.request("POST", url, data=data, json=json, **kwargs)
           ^^^^^^^^^^^^^^^^^^^^^^^^^^^^^^^^^^^^^^^^^^^^^^^^^^^^^^^^^
/root/.venv/lib/python3.11/site-packages/requests/sessions.py:651: in request
    resp = self.send(prep, **send_kwargs)
           ^^^^^^^^^^^^^^^^^^^^^^^^^^^^^^
/root/.venv/lib/python3.11/site-packages/requests/sessions.py:784: in send
    r = adapter.send(request, **kwargs)
        ^^^^^^^^^^^^^^^^^^^^^^^^^^^^^^^
/root/.venv/lib/python3.11/site-packages/requests/adapters.py:742: in send
    raise ReadTimeout(e, request=request)
E   requests.exceptions.ReadTimeout: HTTPSConnectionPool(host='a1-dispatch.preview.emergentagent.com', port=443): Read timed out. (read timeout=20)</failure></testcase><testcase classname="tests.test_phase_crm.TestFiles" name="test_upload_list_delete_file" time="16.373" /><testcase classname="tests.test_phase_crm.TestAISummary" name="test_summary_returns_model_or_fallback" time="7.684" /><testcase classname="tests.test_phase_crm.TestTenantIsolation" name="test_other_tenant_cannot_see_customer_subresources" time="0.365" /><testcase classname="tests.test_phase_crm.TestRegression" name="test_me" time="0.060" /></testsuite></testsuites>