<?xml version="1.0" encoding="utf-8"?><testsuites name="pytest tests"><testsuite name="pytest" errors="0" failures="0" skipped="0" tests="146" time="60.048" timestamp="2026-05-17T06:27:16.258283+00:00" hostname="agent-env-542b8ab2-8e98-4fed-a55f-672a78fcb0a9"><testcase classname="tests.test_a1fieldpro" name="test_health" time="0.129" /><testcase classname="tests.test_a1fieldpro" name="test_login_owner_sets_cookie" time="0.327" /><testcase classname="tests.test_a1fieldpro" name="test_login_invalid" time="0.341" /><testcase classname="tests.test_a1fieldpro" name="test_me_returns_user_and_company" time="0.379" /><testcase classname="tests.test_a1fieldpro" name="test_me_unauthenticated" time="0.100" /><testcase classname="tests.test_a1fieldpro" name="test_logout_clears_cookie" time="0.511" /><testcase classname="tests.test_a1fieldpro" name="test_register_creates_company_and_owner" time="0.379" /><testcase classname="tests.test_a1fieldpro" name="test_list_jobs_seeded" time="0.051" /><testcase classname="tests.test_a1fieldpro" name="test_jobs_mine_for_technician" time="0.430" /><testcase classname="tests.test_a1fieldpro" name="test_job_crud" time="0.255" /><testcase classname="tests.test_a1fieldpro" name="test_technician_cannot_delete_job" time="0.150" /><testcase classname="tests.test_a1fieldpro" name="test_dashboard_stats" time="0.049" /><testcase classname="tests.test_a1fieldpro" name="test_team_list" time="0.050" /><testcase classname="tests.test_a1fieldpro" name="test_team_create_and_delete" time="0.333" /><testcase classname="tests.test_a1fieldpro" name="test_tech_cannot_create_team" time="0.049" /><testcase classname="tests.test_a1fieldpro" name="test_customers_create_list" time="0.105" /><testcase classname="tests.test_a1fieldpro" name="test_multi_tenant_isolation" time="0.392" /><testcase classname="tests.test_a1fieldpro" name="test_payment_checkout" time="0.544" /><testcase classname="tests.test_iteration_8.TestPasswordStrength" name="test_register_short_password_422" time="0.096" /><testcase classname="tests.test_iteration_8.TestPasswordStrength" name="test_register_no_letter_password_422" time="0.092" /><testcase classname="tests.test_iteration_8.TestPasswordStrength" name="test_register_no_digit_password_422" time="0.100" /><testcase classname="tests.test_iteration_8.TestPasswordStrength" name="test_register_valid_password_200" time="0.337" /><testcase classname="tests.test_iteration_8.TestPasswordStrength" name="test_reset_invalid_password_422" time="0.125" /><testcase classname="tests.test_iteration_8.TestBrandingHexPattern" name="test_patch_branding_invalid_word" time="0.505" /><testcase classname="tests.test_iteration_8.TestBrandingHexPattern" name="test_patch_branding_short_hex" time="0.111" /><testcase classname="tests.test_iteration_8.TestBrandingHexPattern" name="test_patch_branding_invalid_chars" time="0.107" /><testcase classname="tests.test_iteration_8.TestBrandingHexPattern" name="test_patch_branding_valid_hex" time="0.109" /><testcase classname="tests.test_iteration_8.TestCheckoutEmailGate" name="test_checkout_unverified_user_403" time="0.615" /><testcase classname="tests.test_iteration_8.TestCheckoutEmailGate" name="test_checkout_verified_owner_returns_url" time="0.727" /><testcase classname="tests.test_iteration_8.TestJobActivityEvents" name="test_jobs_created_activity_logged" time="0.739" /><testcase classname="tests.test_iteration_8.TestJobActivityEvents" name="test_jobs_status_change_activity_logged[scheduled]" time="0.857" /><testcase classname="tests.test_iteration_8.TestJobActivityEvents" name="test_jobs_status_change_activity_logged[in_progress]" time="0.802" /><testcase classname="tests.test_iteration_8.TestJobActivityEvents" name="test_jobs_status_change_activity_logged[completed]" time="0.851" /><testcase classname="tests.test_iteration_8.TestJobActivityEvents" name="test_jobs_status_change_activity_logged[cancelled]" time="0.803" /><testcase classname="tests.test_iteration_8.TestPublicBookingFullJob" name="test_public_booking_returns_job_object" time="0.108" /><testcase classname="tests.test_iteration_8.TestRegressionSmoke" name="test_login_demo" time="0.000" /><testcase classname="tests.test_iteration_8.TestRegressionSmoke" name="test_auth_me" time="0.103" /><testcase classname="tests.test_iteration_8.TestRegressionSmoke" name="test_list_jobs" time="0.106" /><testcase classname="tests.test_iteration_8.TestRegressionSmoke" name="test_list_customers_paginated" time="0.103" /><testcase classname="tests.test_iteration_8.TestRegressionSmoke" name="test_dashboard_stats" time="0.099" /><testcase classname="tests.test_iteration_8.TestRegressionSmoke" name="test_activity_feed" time="0.099" /><testcase classname="tests.test_iteration_8.TestRegressionSmoke" name="test_sessions_list" time="0.100" /><testcase classname="tests.test_iteration_8.TestRegressionSmoke" name="test_users_list" time="0.104" /><testcase classname="tests.test_iteration_8.TestRegressionSmoke" name="test_invoice_pdf" time="0.263" /><testcase classname="tests.test_iteration_9.TestRegressionAfterRefactor" name="test_root_api" time="0.094" /><testcase classname="tests.test_iteration_9.TestRegressionAfterRefactor" name="test_login_demo_owner" time="0.384" /><testcase classname="tests.test_iteration_9.TestRegressionAfterRefactor" name="test_login_superadmin" time="0.382" /><testcase classname="tests.test_iteration_9.TestRegressionAfterRefactor" name="test_jobs_list" time="0.388" /><testcase classname="tests.test_iteration_9.TestRegressionAfterRefactor" name="test_dashboard_stats" time="0.411" /><testcase classname="tests.test_iteration_9.TestRegressionAfterRefactor" name="test_activity_endpoint" time="0.442" /><testcase classname="tests.test_iteration_9.TestRegressionAfterRefactor" name="test_sessions_list" time="0.414" /><testcase classname="tests.test_iteration_9.TestEmailSentActivity" name="test_forgot_emits_email_sent_activity" time="2.549" /><testcase classname="tests.test_iteration_9.TestPortalRate" name="test_rate_forbidden_for_non_customer" time="1.124" /><testcase classname="tests.test_iteration_9.TestPortalRate" name="test_rate_404_for_foreign_job" time="0.754" /><testcase classname="tests.test_iteration_9.TestPortalRate" name="test_rate_400_when_not_completed" time="0.371" /><testcase classname="tests.test_iteration_9.TestPortalRate" name="test_rate_422_invalid_rating" time="0.526" /><testcase classname="tests.test_iteration_9.TestPortalRate" name="test_rate_200_persists_and_logs_activity" time="0.388" /><testcase classname="tests.test_iteration_9.TestPortalTipCheckout" name="test_tip_checkout_forbidden_for_non_customer" time="0.365" /><testcase classname="tests.test_iteration_9.TestPortalTipCheckout" name="test_tip_checkout_404_for_foreign_job" time="0.371" /><testcase classname="tests.test_iteration_9.TestPortalTipCheckout" name="test_tip_checkout_400_on_non_completed" time="0.378" /><testcase classname="tests.test_iteration_9.TestPortalTipCheckout" name="test_tip_checkout_400_on_non_positive_amount" time="0.427" /><testcase classname="tests.test_iteration_9.TestPortalTipCheckout" name="test_tip_checkout_200_returns_url_and_inserts_tx" time="0.835" /><testcase classname="tests.test_iteration_9.TestPortalPaymentStatus" name="test_status_404_for_foreign_tx" time="0.398" /><testcase classname="tests.test_iteration_9.TestPortalPaymentStatus" name="test_status_returns_paid_tx_when_already_processed" time="0.429" /><testcase classname="tests.test_iteration_9.TestPortalPaymentStatus" name="test_status_requires_customer_role" time="0.374" /><testcase classname="tests.test_iteration_9.TestPublicCompanyIndustry" name="test_industry_present" time="0.472" /><testcase classname="tests.test_iteration_9.TestPublicCompanyIndustry" name="test_public_company_404" time="0.102" /><testcase classname="tests.test_iteration_9.TestV16RulesStillEnforced" name="test_hex_color_regex_enforced" time="0.422" /><testcase classname="tests.test_iteration_9.TestV16RulesStillEnforced" name="test_password_strength_register" time="0.217" /><testcase classname="tests.test_iteration_9.TestV16RulesStillEnforced" name="test_email_verify_gate_before_checkout" time="0.767" /><testcase classname="tests.test_phase1" name="test_patch_scheduled_at_promotes_unscheduled" time="0.536" /><testcase classname="tests.test_phase1" name="test_photo_upload_and_delete" time="0.509" /><testcase classname="tests.test_phase1" name="test_photo_upload_rejects_non_image" time="0.154" /><testcase classname="tests.test_phase1" name="test_signature_save" time="0.318" /><testcase classname="tests.test_phase1" name="test_signature_invalid_base64" time="0.153" /><testcase classname="tests.test_phase1" name="test_files_unauthenticated_rejected" time="0.138" /><testcase classname="tests.test_phase1" name="test_files_cross_tenant_forbidden" time="0.104" /><testcase classname="tests.test_phase1" name="test_files_serves_own_photo" time="0.418" /><testcase classname="tests.test_phase1" name="test_public_company_returns_no_owner_id" time="0.106" /><testcase classname="tests.test_phase1" name="test_public_company_404" time="0.106" /><testcase classname="tests.test_phase1" name="test_public_booking_creates_unscheduled_job" time="0.195" /><testcase classname="tests.test_phase1" name="test_public_booking_invalid_company" time="0.098" /><testcase classname="tests.test_phase2" name="test_companies_me_returns_company" time="0.369" /><testcase classname="tests.test_phase2" name="test_patch_branding_owner" time="0.111" /><testcase classname="tests.test_phase2" name="test_patch_branding_non_owner_forbidden" time="0.381" /><testcase classname="tests.test_phase2" name="test_patch_branding_unauthenticated" time="0.104" /><testcase classname="tests.test_phase2" name="test_upload_logo_owner" time="0.212" /><testcase classname="tests.test_phase2" name="test_upload_logo_non_owner_forbidden" time="0.064" /><testcase classname="tests.test_phase2" name="test_invoice_pdf_unauthenticated" time="0.112" /><testcase classname="tests.test_phase2" name="test_invoice_pdf_returns_pdf" time="0.156" /><testcase classname="tests.test_phase2" name="test_invoice_pdf_paid_stamp" time="0.143" /><testcase classname="tests.test_phase2" name="test_invoice_pdf_cross_tenant_404" time="0.437" /><testcase classname="tests.test_phase2b.TestSuperAdminSeed" name="test_super_admin_login" time="0.413" /><testcase classname="tests.test_phase2b.TestMFAFlow" name="test_mfa_setup_returns_secret_and_qr" time="0.421" /><testcase classname="tests.test_phase2b.TestMFAFlow" name="test_mfa_enable_with_valid_code_and_login_required_then_accepted" time="2.066" /><testcase classname="tests.test_phase2b.TestMFAFlow" name="test_mfa_disable_wrong_password_rejected" time="0.662" /><testcase classname="tests.test_phase2b.TestPasswordReset" name="test_forgot_known_returns_reset_url" time="0.293" /><testcase classname="tests.test_phase2b.TestPasswordReset" name="test_forgot_unknown_returns_ok_no_url" time="0.104" /><testcase classname="tests.test_phase2b.TestPasswordReset" name="test_reset_with_valid_token_revokes_sessions" time="1.090" /><testcase classname="tests.test_phase2b.TestPasswordReset" name="test_reset_invalid_token" time="0.098" /><testcase classname="tests.test_phase2b.TestSessions" name="test_list_sessions_marks_current" time="0.411" /><testcase classname="tests.test_phase2b.TestSessions" name="test_revoke_session_blocks_access" time="0.786" /><testcase classname="tests.test_phase2b.TestActivity" name="test_owner_can_read_activity" time="0.368" /><testcase classname="tests.test_phase2b.TestActivity" name="test_tech_cannot_read_activity" time="0.371" /><testcase classname="tests.test_phase2b.TestActivity" name="test_unauth_activity" time="0.124" /><testcase classname="tests.test_phase2b.TestUsersAdmin" name="test_owner_lists_only_own_company" time="0.393" /><testcase classname="tests.test_phase2b.TestUsersAdmin" name="test_super_admin_all_tenants" time="0.392" /><testcase classname="tests.test_phase2b.TestUsersAdmin" name="test_owner_can_change_role_of_non_owner" time="0.483" /><testcase classname="tests.test_phase2b.TestUsersAdmin" name="test_owner_cannot_modify_owner" time="0.776" /><testcase classname="tests.test_phase2b.TestUsersAdmin" name="test_cross_tenant_edit_blocked" time="0.714" /><testcase classname="tests.test_phase2b.TestInvite" name="test_owner_can_invite_dispatcher" time="0.802" /><testcase classname="tests.test_phase2b.TestInvite" name="test_invite_duplicate_email_rejected" time="0.813" /><testcase classname="tests.test_phase2b.TestInvite" name="test_owner_cannot_invite_super_admin" time="0.375" /><testcase classname="tests.test_phase2b.TestInvite" name="test_tech_cannot_invite" time="0.364" /><testcase classname="tests.test_phase2b.TestConfigRoles" name="test_roles_endpoint" time="0.497" /><testcase classname="tests.test_phase2c.TestRegistrationVerify" name="test_register_sets_email_verified_false" time="0.328" /><testcase classname="tests.test_phase2c.TestRegistrationVerify" name="test_verify_endpoint_with_invalid_token" time="0.117" /><testcase classname="tests.test_phase2c.TestRegistrationVerify" name="test_verify_resend_and_then_verify" time="0.701" /><testcase classname="tests.test_phase2c.TestRegistrationVerify" name="test_verify_resend_requires_auth" time="0.104" /><testcase classname="tests.test_phase2c.TestGoogleExchange" name="test_google_exchange_bad_session_returns_400" time="0.203" /><testcase classname="tests.test_phase2c.TestGoogleExchange" name="test_google_exchange_happy_path_creates_customer" time="0.263" /><testcase classname="tests.test_phase2c.TestPortal" name="test_portal_jobs_forbidden_for_owner" time="0.380" /><testcase classname="tests.test_phase2c.TestPortal" name="test_portal_companies_forbidden_for_tech" time="0.881" /><testcase classname="tests.test_phase2c.TestPortal" name="test_portal_jobs_unauth" time="0.109" /><testcase classname="tests.test_phase2c.TestPortal" name="test_portal_flow_with_booking_and_customer" time="1.238" /><testcase classname="tests.test_phase2c.TestBookingEmail" name="test_booking_creates_job_with_customer_email" time="0.506" /><testcase classname="tests.test_phase2c.TestBookingEmail" name="test_booking_without_email_still_works" time="0.482" /><testcase classname="tests.test_phase2c.TestRegression" name="test_login_still_works" time="0.400" /><testcase classname="tests.test_phase2c.TestRegression" name="test_super_admin_login" time="0.418" /><testcase classname="tests.test_phase_crm.TestCustomers" name="test_create_persists_status_and_tags" time="0.453" /><testcase classname="tests.test_phase_crm.TestCustomers" name="test_patch_updates_fields" time="0.156" /><testcase classname="tests.test_phase_crm.TestCustomers" name="test_search_q_matches_name_phone_email_address" time="0.168" /><testcase classname="tests.test_phase_crm.TestCustomers" name="test_filter_by_status" time="0.160" /><testcase classname="tests.test_phase_crm.TestCustomers" name="test_filter_by_tag" time="0.105" /><testcase classname="tests.test_phase_crm.TestCustomers" name="test_tenant_isolation_customer" time="0.550" /><testcase classname="tests.test_phase_crm.TestProperties" name="test_create_list_delete_property" time="0.255" /><testcase classname="tests.test_phase_crm.TestProperties" name="test_create_property_unknown_customer_returns_404" time="0.050" /><testcase classname="tests.test_phase_crm.TestEquipment" name="test_equipment_requires_valid_property_in_same_customer" time="0.457" /><testcase classname="tests.test_phase_crm.TestCommunicationsAndJobAutoLog" name="test_create_and_list_manual_communication" time="0.150" /><testcase classname="tests.test_phase_crm.TestCommunicationsAndJobAutoLog" name="test_job_created_auto_logs_system_communication" time="0.158" /><testcase classname="tests.test_phase_crm.TestCommunicationsAndJobAutoLog" name="test_job_completed_auto_logs" time="0.207" /><testcase classname="tests.test_phase_crm.TestTimeline" name="test_timeline_merges_and_sorts" time="0.389" /><testcase classname="tests.test_phase_crm.TestFiles" name="test_upload_list_delete_file" time="0.368" /><testcase classname="tests.test_phase_crm.TestAISummary" name="test_summary_returns_model_or_fallback" time="5.455" /><testcase classname="tests.test_phase_crm.TestTenantIsolation" name="test_other_tenant_cannot_see_customer_subresources" time="0.367" /><testcase classname="tests.test_phase_crm.TestRegression" name="test_me" time="0.060" /></testsuite></testsuites>