<?xml version="1.0" encoding="utf-8"?><testsuites name="pytest tests"><testsuite name="pytest" errors="0" failures="0" skipped="0" tests="17" time="4.158" timestamp="2026-05-23T16:03:01.173003+00:00" hostname="agent-env-542b8ab2-8e98-4fed-a55f-672a78fcb0a9"><testcase classname="backend.tests.test_iteration_18.TestSmsEndpoints" name="test_sms_status_disabled" time="0.528" /><testcase classname="backend.tests.test_iteration_18.TestSmsEndpoints" name="test_sms_send_503_when_disabled" time="0.050" /><testcase classname="backend.tests.test_iteration_18.TestSmsEndpoints" name="test_sms_job_reminder_503_when_disabled" time="0.050" /><testcase classname="backend.tests.test_iteration_18.TestSmsEndpoints" name="test_sms_send_due_reminders_503" time="0.051" /><testcase classname="backend.tests.test_iteration_18.TestSmsEndpoints" name="test_sms_log_returns_list" time="0.053" /><testcase classname="backend.tests.test_iteration_18.TestSmsRbac" name="test_technician_send_forbidden" time="0.409" /><testcase classname="backend.tests.test_iteration_18.TestSmsRbac" name="test_technician_job_reminder_forbidden" time="0.049" /><testcase classname="backend.tests.test_iteration_18.TestSmsRbac" name="test_technician_send_due_reminders_forbidden" time="0.051" /><testcase classname="backend.tests.test_iteration_18.TestPipelineStatusTransitions" name="test_get_jobs_includes_created" time="0.106" /><testcase classname="backend.tests.test_iteration_18.TestPipelineStatusTransitions" name="test_patch_to_in_progress" time="0.101" /><testcase classname="backend.tests.test_iteration_18.TestPipelineStatusTransitions" name="test_patch_to_completed" time="0.107" /><testcase classname="backend.tests.test_iteration_18.TestPipelineStatusTransitions" name="test_cleanup_delete" time="0.096" /><testcase classname="backend.tests.test_iteration_18.TestGeocodeBackground" name="test_create_job_triggers_geocode" time="2.212" /><testcase classname="backend.tests.test_iteration_18.TestRegression" name="test_auth_me" time="0.049" /><testcase classname="backend.tests.test_iteration_18.TestRegression" name="test_jobs_list" time="0.051" /><testcase classname="backend.tests.test_iteration_18.TestRegression" name="test_estimates_list" time="0.057" /><testcase classname="backend.tests.test_iteration_18.TestRegression" name="test_invoices_list" time="0.050" /></testsuite></testsuites>