<?xml version="1.0" encoding="utf-8"?><testsuites name="pytest tests"><testsuite name="pytest" errors="0" failures="0" skipped="0" tests="17" time="2.101" timestamp="2026-05-23T18:00:52.106855+00:00" hostname="agent-env-542b8ab2-8e98-4fed-a55f-672a78fcb0a9"><testcase classname="backend.tests.test_iteration_24_finance_programs.TestProgramsCatalog" name="test_seeds_16_system_defaults" time="0.476" /><testcase classname="backend.tests.test_iteration_24_finance_programs.TestProgramsCatalog" name="test_default_programs_have_kind_field" time="0.000" /><testcase classname="backend.tests.test_iteration_24_finance_programs.TestProgramsCatalog" name="test_filter_by_kind" time="0.056" /><testcase classname="backend.tests.test_iteration_24_finance_programs.TestProgramQuote" name="test_standard_60_term_240_amort" time="0.055" /><testcase classname="backend.tests.test_iteration_24_finance_programs.TestProgramQuote" name="test_buydown_savings_vs_base" time="0.058" /><testcase classname="backend.tests.test_iteration_24_finance_programs.TestProgramQuote" name="test_promo_12_zero_interest" time="0.138" /><testcase classname="backend.tests.test_iteration_24_finance_programs.TestProgramQuote" name="test_defer_6_interest_accrues" time="0.058" /><testcase classname="backend.tests.test_iteration_24_finance_programs.TestProgramQuote" name="test_defer_6_int_free" time="0.110" /><testcase classname="backend.tests.test_iteration_24_finance_programs.TestProgramQuote" name="test_inline_program_no_persistence" time="0.113" /><testcase classname="backend.tests.test_iteration_24_finance_programs.TestProgramQuote" name="test_missing_program_and_inline_400" time="0.051" /><testcase classname="backend.tests.test_iteration_24_finance_programs.TestProgramCRUD" name="test_create_patch_delete_custom" time="0.269" /><testcase classname="backend.tests.test_iteration_24_finance_programs.TestProgramCRUD" name="test_delete_system_default_soft_disables" time="0.107" /><testcase classname="backend.tests.test_iteration_24_finance_programs.TestApplicationMinAmount" name="test_amount_4000_rejected" time="0.057" /><testcase classname="backend.tests.test_iteration_24_finance_programs.TestApplicationMinAmount" name="test_amount_4500_accepted" time="0.050" /><testcase classname="backend.tests.test_iteration_24_finance_programs.TestPublicSubmitExtendedFields" name="test_submit_with_new_fields" time="0.171" /><testcase classname="backend.tests.test_iteration_24_finance_programs.TestAIPitch" name="test_pitch_returns_3_variations" time="0.055" /><testcase classname="backend.tests.test_iteration_24_finance_programs.TestFromJobWithProgram" name="test_from_job_with_program" time="0.165" /></testsuite></testsuites>