<?xml version="1.0" encoding="utf-8"?><testsuites name="pytest tests"><testsuite name="pytest" errors="0" failures="0" skipped="0" tests="23" time="4.411" timestamp="2026-05-23T19:00:02.465545+00:00" hostname="agent-env-542b8ab2-8e98-4fed-a55f-672a78fcb0a9"><testcase classname="backend.tests.test_iteration_26_integrations.TestCatalog" name="test_list_returns_9_providers" time="0.443" /><testcase classname="backend.tests.test_iteration_26_integrations.TestCatalog" name="test_technician_forbidden" time="0.379" /><testcase classname="backend.tests.test_iteration_26_integrations.TestApiTokenIntegrations" name="test_helcim_save_encrypted_redacted" time="0.111" /><testcase classname="backend.tests.test_iteration_26_integrations.TestApiTokenIntegrations" name="test_google_maps_save" time="0.058" /><testcase classname="backend.tests.test_iteration_26_integrations.TestApiTokenIntegrations" name="test_twilio_save" time="0.052" /><testcase classname="backend.tests.test_iteration_26_integrations.TestApiTokenIntegrations" name="test_zoom_save" time="0.051" /><testcase classname="backend.tests.test_iteration_26_integrations.TestApiTokenIntegrations" name="test_oauth_start_graceful_400" time="0.052" /><testcase classname="backend.tests.test_iteration_26_integrations.TestApiTokenIntegrations" name="test_helcim_test_endpoint" time="0.245" /><testcase classname="backend.tests.test_iteration_26_integrations.TestApiTokenIntegrations" name="test_helcim_sync_endpoint" time="0.050" /><testcase classname="backend.tests.test_iteration_26_integrations.TestApiTokenIntegrations" name="test_helcim_delete_and_verify" time="0.118" /><testcase classname="backend.tests.test_iteration_26_integrations.TestApiTokenIntegrations" name="test_technician_cannot_save" time="0.059" /><testcase classname="backend.tests.test_iteration_26_integrations.TestWebhookSubscriptions" name="test_create_returns_secret_once" time="0.123" /><testcase classname="backend.tests.test_iteration_26_integrations.TestWebhookSubscriptions" name="test_list_redacts_secret" time="0.058" /><testcase classname="backend.tests.test_iteration_26_integrations.TestWebhookSubscriptions" name="test_invalid_event_rejected" time="0.055" /><testcase classname="backend.tests.test_iteration_26_integrations.TestWebhookSubscriptions" name="test_test_ping_sends_hmac" time="0.208" /><testcase classname="backend.tests.test_iteration_26_integrations.TestWebhookSubscriptions" name="test_patch_toggle_active" time="0.170" /><testcase classname="backend.tests.test_iteration_26_integrations.TestOutboundDispatch" name="test_job_created_emits_delivery" time="0.488" /><testcase classname="backend.tests.test_iteration_26_integrations.TestOutboundDispatch" name="test_deliveries_sorted_desc" time="0.050" /><testcase classname="backend.tests.test_iteration_26_integrations.TestInboundWebhooks" name="test_stripe_no_secret_graceful" time="0.150" /><testcase classname="backend.tests.test_iteration_26_integrations.TestInboundWebhooks" name="test_quickbooks_logged" time="0.656" /><testcase classname="backend.tests.test_iteration_26_integrations.TestInboundWebhooks" name="test_outlook_validation_token" time="0.143" /><testcase classname="backend.tests.test_iteration_26_integrations.TestInboundWebhooks" name="test_path_no_collision_with_subscriptions" time="0.059" /><testcase classname="backend.tests.test_iteration_26_integrations.TestTenantIsolation" name="test_super_admin_does_not_see_demo_helcim" time="0.534" /></testsuite></testsuites>