<?xml version="1.0" encoding="utf-8"?><testsuites name="pytest tests"><testsuite name="pytest" errors="0" failures="0" skipped="0" tests="9" time="1.740" timestamp="2026-05-23T17:29:52.268888+00:00" hostname="agent-env-542b8ab2-8e98-4fed-a55f-672a78fcb0a9"><testcase classname="backend.tests.test_iteration_23_finance_from_job.TestFinanceFromJob" name="test_owner_create_basic" time="0.515" /><testcase classname="backend.tests.test_iteration_23_finance_from_job.TestFinanceFromJob" name="test_idempotent_same_job_returns_same_app" time="0.148" /><testcase classname="backend.tests.test_iteration_23_finance_from_job.TestFinanceFromJob" name="test_amount_too_small_returns_400" time="0.097" /><testcase classname="backend.tests.test_iteration_23_finance_from_job.TestFinanceFromJob" name="test_amount_override_too_small_returns_400" time="0.104" /><testcase classname="backend.tests.test_iteration_23_finance_from_job.TestFinanceFromJob" name="test_bogus_job_returns_404" time="0.049" /><testcase classname="backend.tests.test_iteration_23_finance_from_job.TestFinanceFromJob" name="test_technician_can_create" time="0.450" /><testcase classname="backend.tests.test_iteration_23_finance_from_job.TestFinanceFromJob" name="test_send_sms_twilio_not_configured" time="0.098" /><testcase classname="backend.tests.test_iteration_23_finance_from_job.TestFinanceFromJob" name="test_send_sms_no_customer_phone" time="0.098" /><testcase classname="backend.tests.test_iteration_23_finance_from_job.TestFinanceFromJob" name="test_custom_amount_overrides_job_price" time="0.099" /></testsuite></testsuites>