<?xml version="1.0" encoding="utf-8"?><testsuites name="pytest tests"><testsuite name="pytest" errors="0" failures="0" skipped="0" tests="222" time="131.641" timestamp="2026-05-17T07:34:15.766936+00:00" hostname="agent-env-542b8ab2-8e98-4fed-a55f-672a78fcb0a9"><testcase classname="tests.test_a1fieldpro" name="test_health" time="0.116" /><testcase classname="tests.test_a1fieldpro" name="test_login_owner_sets_cookie" time="0.329" /><testcase classname="tests.test_a1fieldpro" name="test_login_invalid" time="0.333" /><testcase classname="tests.test_a1fieldpro" name="test_me_returns_user_and_company" time="0.375" /><testcase classname="tests.test_a1fieldpro" name="test_me_unauthenticated" time="0.120" /><testcase classname="tests.test_a1fieldpro" name="test_logout_clears_cookie" time="0.456" /><testcase classname="tests.test_a1fieldpro" name="test_register_creates_company_and_owner" time="0.378" /><testcase classname="tests.test_a1fieldpro" name="test_list_jobs_seeded" time="0.047" /><testcase classname="tests.test_a1fieldpro" name="test_jobs_mine_for_technician" time="0.418" /><testcase classname="tests.test_a1fieldpro" name="test_job_crud" time="0.242" /><testcase classname="tests.test_a1fieldpro" name="test_technician_cannot_delete_job" time="0.142" /><testcase classname="tests.test_a1fieldpro" name="test_dashboard_stats" time="0.048" /><testcase classname="tests.test_a1fieldpro" name="test_team_list" time="0.048" /><testcase classname="tests.test_a1fieldpro" name="test_team_create_and_delete" time="0.319" /><testcase classname="tests.test_a1fieldpro" name="test_tech_cannot_create_team" time="0.045" /><testcase classname="tests.test_a1fieldpro" name="test_customers_create_list" time="0.094" /><testcase classname="tests.test_a1fieldpro" name="test_multi_tenant_isolation" time="0.367" /><testcase classname="tests.test_a1fieldpro" name="test_payment_checkout" time="0.628" /><testcase classname="tests.test_iteration_10.TestRegressionSmoke" name="test_auth_me" time="0.382" /><testcase classname="tests.test_iteration_10.TestRegressionSmoke" name="test_list_jobs" time="0.048" /><testcase classname="tests.test_iteration_10.TestRegressionSmoke" name="test_list_customers" time="0.049" /><testcase classname="tests.test_iteration_10.TestRegressionSmoke" name="test_list_users" time="0.059" /><testcase classname="tests.test_iteration_10.TestRegressionSmoke" name="test_activity_feed" time="0.049" /><testcase classname="tests.test_iteration_10.TestRegressionSmoke" name="test_roles_config" time="0.047" /><testcase classname="tests.test_iteration_10.TestInviteVerifyGate" name="test_unverified_owner_invite_blocked" time="0.408" /><testcase classname="tests.test_iteration_10.TestInviteVerifyGate" name="test_verified_demo_owner_can_invite" time="0.522" /><testcase classname="tests.test_iteration_10.TestRecurringJobs" name="test_list_recurring_empty_ok" time="0.052" /><testcase classname="tests.test_iteration_10.TestRecurringJobs" name="test_create_monthly_autofills_interval" time="0.054" /><testcase classname="tests.test_iteration_10.TestRecurringJobs" name="test_create_custom_requires_interval" time="0.046" /><testcase classname="tests.test_iteration_10.TestRecurringJobs" name="test_create_custom_with_interval" time="0.053" /><testcase classname="tests.test_iteration_10.TestRecurringJobs" name="test_create_all_cadences" time="0.250" /><testcase classname="tests.test_iteration_10.TestRecurringJobs" name="test_patch_updates_interval_when_cadence_changes" time="0.101" /><testcase classname="tests.test_iteration_10.TestRecurringJobs" name="test_patch_custom_changes_interval" time="0.102" /><testcase classname="tests.test_iteration_10.TestRecurringJobs" name="test_patch_no_fields_400" time="0.100" /><testcase classname="tests.test_iteration_10.TestRecurringJobs" name="test_patch_not_found" time="0.051" /><testcase classname="tests.test_iteration_10.TestRecurringJobs" name="test_run_force_materializes" time="0.158" /><testcase classname="tests.test_iteration_10.TestRecurringJobs" name="test_get_jobs_materializes_due" time="0.100" /><testcase classname="tests.test_iteration_10.TestRecurringJobs" name="test_activity_events_logged" time="0.153" /><testcase classname="tests.test_iteration_10.TestRecurringJobs" name="test_delete_owner_ok" time="0.148" /><testcase classname="tests.test_iteration_10.TestRecurringJobs" name="test_delete_dispatcher_ok" time="0.428" /><testcase classname="tests.test_iteration_10.TestRecurringJobs" name="test_delete_technician_forbidden" time="0.425" /><testcase classname="tests.test_iteration_10.TestRecurringJobs" name="test_run_not_found" time="0.047" /><testcase classname="tests.test_iteration_10.TestCSVExports" name="test_export_owner_ok[jobs-id]" time="0.047" /><testcase classname="tests.test_iteration_10.TestCSVExports" name="test_export_owner_ok[customers-id]" time="0.046" /><testcase classname="tests.test_iteration_10.TestCSVExports" name="test_export_owner_ok[payments-id]" time="0.045" /><testcase classname="tests.test_iteration_10.TestCSVExports" name="test_export_technician_forbidden" time="0.152" /><testcase classname="tests.test_iteration_10.TestCSVExports" name="test_export_dispatcher_forbidden" time="0.047" /><testcase classname="tests.test_iteration_10.TestCSVExports" name="test_export_date_filter" time="0.049" /><testcase classname="tests.test_iteration_10.TestRouteOptimize" name="test_optimize_dry_run_returns_plan_no_write" time="0.295" /><testcase classname="tests.test_iteration_10.TestRouteOptimize" name="test_optimize_writes_and_logs" time="0.343" /><testcase classname="tests.test_iteration_10.TestRouteOptimize" name="test_optimize_technician_forbidden" time="0.279" /><testcase classname="tests.test_iteration_10.TestRouteOptimize" name="test_optimize_dispatcher_allowed" time="0.243" /><testcase classname="tests.test_iteration_10.TestRouteOptimize" name="test_optimize_no_jobs_returns_empty" time="0.260" /><testcase classname="tests.test_iteration_11.TestRequirements" name="test_pywebpush_listed" time="0.000" /><testcase classname="tests.test_iteration_11.TestRequirements" name="test_pyvapid_listed" time="0.000" /><testcase classname="tests.test_iteration_11.TestPublicKey" name="test_public_key_no_auth" time="0.117" /><testcase classname="tests.test_iteration_11.TestPublicKey" name="test_public_key_matches_env" time="0.175" /><testcase classname="tests.test_iteration_11.TestSubscribeCrud" name="test_subscribe_requires_auth" time="0.096" /><testcase classname="tests.test_iteration_11.TestSubscribeCrud" name="test_subscribe_creates_row" time="0.427" /><testcase classname="tests.test_iteration_11.TestSubscribeCrud" name="test_subscribe_is_idempotent" time="0.115" /><testcase classname="tests.test_iteration_11.TestSubscribeCrud" name="test_list_my_subscriptions_excludes_keys" time="0.097" /><testcase classname="tests.test_iteration_11.TestSubscribeCrud" name="test_delete_my_subscription" time="0.114" /><testcase classname="tests.test_iteration_11.TestSubscribeCrud" name="test_delete_not_my_subscription_noop" time="0.414" /><testcase classname="tests.test_iteration_11.TestPushTest" name="test_self_send_sent_zero" time="0.101" /><testcase classname="tests.test_iteration_11.TestPushTest" name="test_technician_forbidden_other_user" time="0.044" /><testcase classname="tests.test_iteration_11.TestPushTest" name="test_dispatcher_can_send_to_tech" time="0.415" /><testcase classname="tests.test_iteration_11.TestPushTest" name="test_owner_can_send_to_tech" time="0.053" /><testcase classname="tests.test_iteration_11.TestPushTest" name="test_cross_tenant_404_for_owner" time="0.057" /><testcase classname="tests.test_iteration_11.TestPushTest" name="test_super_admin_bypasses_tenant_guard" time="0.377" /><testcase classname="tests.test_iteration_11.TestJobHooks" name="test_create_job_with_assignment_doesnt_500" time="0.497" /><testcase classname="tests.test_iteration_11.TestJobHooks" name="test_create_job_without_assignment_ok" time="0.049" /><testcase classname="tests.test_iteration_11.TestJobHooks" name="test_create_job_self_assigned_skips_push" time="0.050" /><testcase classname="tests.test_iteration_11.TestJobHooks" name="test_patch_job_reassign_doesnt_500" time="0.150" /><testcase classname="tests.test_iteration_11.TestJobHooks" name="test_patch_job_reschedule_doesnt_500" time="0.104" /><testcase classname="tests.test_iteration_11.TestRegressionSmoke" name="test_login_owner" time="0.000" /><testcase classname="tests.test_iteration_11.TestRegressionSmoke" name="test_auth_me_owner" time="0.049" /><testcase classname="tests.test_iteration_11.TestRegressionSmoke" name="test_jobs_listing" time="0.056" /><testcase classname="tests.test_iteration_11.TestRegressionSmoke" name="test_customers_listing" time="0.052" /><testcase classname="tests.test_iteration_11.TestRegressionSmoke" name="test_dashboard_stats" time="0.059" /><testcase classname="tests.test_iteration_12.TestRatePushHook" name="test_rate_high_returns_ok_and_logs_activity" time="1.273" /><testcase classname="tests.test_iteration_12.TestRatePushHook" name="test_rate_low_still_returns_ok_owner_push_silent_fail" time="0.877" /><testcase classname="tests.test_iteration_12.TestRatePushHook" name="test_rate_with_no_assigned_to_still_ok" time="0.420" /><testcase classname="tests.test_iteration_12.TestPaymentStatusPushHook" name="test_status_short_circuit_on_already_paid_tx" time="0.387" /><testcase classname="tests.test_iteration_12.TestPaymentStatusPushHook" name="test_status_404_for_unknown_session" time="0.372" /><testcase classname="tests.test_iteration_12.TestStripeWebhookSurface" name="test_webhook_bad_signature_returns_400_not_500" time="0.095" /><testcase classname="tests.test_iteration_12.TestPortalTipStatus" name="test_portal_status_already_paid_returns_tx_no_push" time="0.383" /><testcase classname="tests.test_iteration_12.TestRecurringRunPushHook" name="test_force_run_assigned_to_tech_returns_job_and_logs_activity" time="0.382" /><testcase classname="tests.test_iteration_12.TestRecurringRunPushHook" name="test_force_run_self_assigned_no_push_still_ok" time="0.404" /><testcase classname="tests.test_iteration_12.TestLazyMaterializePushHook" name="test_get_jobs_materializes_due_recurring_with_push_silent_fail" time="0.374" /><testcase classname="tests.test_iteration_12.TestLazyMaterializePushHook" name="test_get_recurring_jobs_materializes_due_with_push_silent_fail" time="0.417" /><testcase classname="tests.test_iteration_12.TestRegressionSmoke" name="test_root" time="0.097" /><testcase classname="tests.test_iteration_12.TestRegressionSmoke" name="test_demo_login_and_me" time="0.361" /><testcase classname="tests.test_iteration_12.TestRegressionSmoke" name="test_jobs_list_owner" time="0.369" /><testcase classname="tests.test_iteration_12.TestRegressionSmoke" name="test_recurring_list_owner" time="0.396" /><testcase classname="tests.test_iteration_8.TestPasswordStrength" name="test_register_short_password_422" time="0.095" /><testcase classname="tests.test_iteration_8.TestPasswordStrength" name="test_register_no_letter_password_422" time="0.101" /><testcase classname="tests.test_iteration_8.TestPasswordStrength" name="test_register_no_digit_password_422" time="0.099" /><testcase classname="tests.test_iteration_8.TestPasswordStrength" name="test_register_valid_password_200" time="0.328" /><testcase classname="tests.test_iteration_8.TestPasswordStrength" name="test_reset_invalid_password_422" time="0.136" /><testcase classname="tests.test_iteration_8.TestBrandingHexPattern" name="test_patch_branding_invalid_word" time="0.430" /><testcase classname="tests.test_iteration_8.TestBrandingHexPattern" name="test_patch_branding_short_hex" time="0.105" /><testcase classname="tests.test_iteration_8.TestBrandingHexPattern" name="test_patch_branding_invalid_chars" time="0.105" /><testcase classname="tests.test_iteration_8.TestBrandingHexPattern" name="test_patch_branding_valid_hex" time="0.123" /><testcase classname="tests.test_iteration_8.TestCheckoutEmailGate" name="test_checkout_unverified_user_403" time="0.529" /><testcase classname="tests.test_iteration_8.TestCheckoutEmailGate" name="test_checkout_verified_owner_returns_url" time="0.713" /><testcase classname="tests.test_iteration_8.TestJobActivityEvents" name="test_jobs_created_activity_logged" time="0.728" /><testcase classname="tests.test_iteration_8.TestJobActivityEvents" name="test_jobs_status_change_activity_logged[scheduled]" time="0.809" /><testcase classname="tests.test_iteration_8.TestJobActivityEvents" name="test_jobs_status_change_activity_logged[in_progress]" time="0.799" /><testcase classname="tests.test_iteration_8.TestJobActivityEvents" name="test_jobs_status_change_activity_logged[completed]" time="0.843" /><testcase classname="tests.test_iteration_8.TestJobActivityEvents" name="test_jobs_status_change_activity_logged[cancelled]" time="0.820" /><testcase classname="tests.test_iteration_8.TestPublicBookingFullJob" name="test_public_booking_returns_job_object" time="0.126" /><testcase classname="tests.test_iteration_8.TestRegressionSmoke" name="test_login_demo" time="0.000" /><testcase classname="tests.test_iteration_8.TestRegressionSmoke" name="test_auth_me" time="0.129" /><testcase classname="tests.test_iteration_8.TestRegressionSmoke" name="test_list_jobs" time="0.113" /><testcase classname="tests.test_iteration_8.TestRegressionSmoke" name="test_list_customers_paginated" time="0.116" /><testcase classname="tests.test_iteration_8.TestRegressionSmoke" name="test_dashboard_stats" time="0.112" /><testcase classname="tests.test_iteration_8.TestRegressionSmoke" name="test_activity_feed" time="0.106" /><testcase classname="tests.test_iteration_8.TestRegressionSmoke" name="test_sessions_list" time="0.388" /><testcase classname="tests.test_iteration_8.TestRegressionSmoke" name="test_users_list" time="0.138" /><testcase classname="tests.test_iteration_8.TestRegressionSmoke" name="test_invoice_pdf" time="0.309" /><testcase classname="tests.test_iteration_9.TestRegressionAfterRefactor" name="test_root_api" time="0.100" /><testcase classname="tests.test_iteration_9.TestRegressionAfterRefactor" name="test_login_demo_owner" time="0.388" /><testcase classname="tests.test_iteration_9.TestRegressionAfterRefactor" name="test_login_superadmin" time="0.366" /><testcase classname="tests.test_iteration_9.TestRegressionAfterRefactor" name="test_jobs_list" time="0.457" /><testcase classname="tests.test_iteration_9.TestRegressionAfterRefactor" name="test_dashboard_stats" time="0.401" /><testcase classname="tests.test_iteration_9.TestRegressionAfterRefactor" name="test_activity_endpoint" time="0.406" /><testcase classname="tests.test_iteration_9.TestRegressionAfterRefactor" name="test_sessions_list" time="0.413" /><testcase classname="tests.test_iteration_9.TestEmailSentActivity" name="test_forgot_emits_email_sent_activity" time="2.225" /><testcase classname="tests.test_iteration_9.TestPortalRate" name="test_rate_forbidden_for_non_customer" time="0.849" /><testcase classname="tests.test_iteration_9.TestPortalRate" name="test_rate_404_for_foreign_job" time="0.753" /><testcase classname="tests.test_iteration_9.TestPortalRate" name="test_rate_400_when_not_completed" time="0.405" /><testcase classname="tests.test_iteration_9.TestPortalRate" name="test_rate_422_invalid_rating" time="0.521" /><testcase classname="tests.test_iteration_9.TestPortalRate" name="test_rate_200_persists_and_logs_activity" time="0.489" /><testcase classname="tests.test_iteration_9.TestPortalTipCheckout" name="test_tip_checkout_forbidden_for_non_customer" time="0.456" /><testcase classname="tests.test_iteration_9.TestPortalTipCheckout" name="test_tip_checkout_404_for_foreign_job" time="0.378" /><testcase classname="tests.test_iteration_9.TestPortalTipCheckout" name="test_tip_checkout_400_on_non_completed" time="0.374" /><testcase classname="tests.test_iteration_9.TestPortalTipCheckout" name="test_tip_checkout_400_on_non_positive_amount" time="0.431" /><testcase classname="tests.test_iteration_9.TestPortalTipCheckout" name="test_tip_checkout_200_returns_url_and_inserts_tx" time="0.806" /><testcase classname="tests.test_iteration_9.TestPortalPaymentStatus" name="test_status_404_for_foreign_tx" time="0.381" /><testcase classname="tests.test_iteration_9.TestPortalPaymentStatus" name="test_status_returns_paid_tx_when_already_processed" time="0.375" /><testcase classname="tests.test_iteration_9.TestPortalPaymentStatus" name="test_status_requires_customer_role" time="0.384" /><testcase classname="tests.test_iteration_9.TestPublicCompanyIndustry" name="test_industry_present" time="0.522" /><testcase classname="tests.test_iteration_9.TestPublicCompanyIndustry" name="test_public_company_404" time="0.101" /><testcase classname="tests.test_iteration_9.TestV16RulesStillEnforced" name="test_hex_color_regex_enforced" time="0.430" /><testcase classname="tests.test_iteration_9.TestV16RulesStillEnforced" name="test_password_strength_register" time="0.203" /><testcase classname="tests.test_iteration_9.TestV16RulesStillEnforced" name="test_email_verify_gate_before_checkout" time="0.767" /><testcase classname="tests.test_phase1" name="test_patch_scheduled_at_promotes_unscheduled" time="0.516" /><testcase classname="tests.test_phase1" name="test_photo_upload_and_delete" time="0.527" /><testcase classname="tests.test_phase1" name="test_photo_upload_rejects_non_image" time="0.144" /><testcase classname="tests.test_phase1" name="test_signature_save" time="0.297" /><testcase classname="tests.test_phase1" name="test_signature_invalid_base64" time="0.162" /><testcase classname="tests.test_phase1" name="test_files_unauthenticated_rejected" time="0.102" /><testcase classname="tests.test_phase1" name="test_files_cross_tenant_forbidden" time="0.097" /><testcase classname="tests.test_phase1" name="test_files_serves_own_photo" time="0.395" /><testcase classname="tests.test_phase1" name="test_public_company_returns_no_owner_id" time="0.104" /><testcase classname="tests.test_phase1" name="test_public_company_404" time="0.098" /><testcase classname="tests.test_phase1" name="test_public_booking_creates_unscheduled_job" time="0.198" /><testcase classname="tests.test_phase1" name="test_public_booking_invalid_company" time="0.123" /><testcase classname="tests.test_phase2" name="test_companies_me_returns_company" time="0.380" /><testcase classname="tests.test_phase2" name="test_patch_branding_owner" time="0.094" /><testcase classname="tests.test_phase2" name="test_patch_branding_non_owner_forbidden" time="0.416" /><testcase classname="tests.test_phase2" name="test_patch_branding_unauthenticated" time="0.101" /><testcase classname="tests.test_phase2" name="test_upload_logo_owner" time="0.245" /><testcase classname="tests.test_phase2" name="test_upload_logo_non_owner_forbidden" time="0.048" /><testcase classname="tests.test_phase2" name="test_invoice_pdf_unauthenticated" time="0.094" /><testcase classname="tests.test_phase2" name="test_invoice_pdf_returns_pdf" time="0.098" /><testcase classname="tests.test_phase2" name="test_invoice_pdf_paid_stamp" time="0.147" /><testcase classname="tests.test_phase2" name="test_invoice_pdf_cross_tenant_404" time="0.441" /><testcase classname="tests.test_phase2b.TestSuperAdminSeed" name="test_super_admin_login" time="0.423" /><testcase classname="tests.test_phase2b.TestMFAFlow" name="test_mfa_setup_returns_secret_and_qr" time="0.432" /><testcase classname="tests.test_phase2b.TestMFAFlow" name="test_mfa_enable_with_valid_code_and_login_required_then_accepted" time="2.063" /><testcase classname="tests.test_phase2b.TestMFAFlow" name="test_mfa_disable_wrong_password_rejected" time="0.658" /><testcase classname="tests.test_phase2b.TestPasswordReset" name="test_forgot_known_returns_reset_url" time="0.393" /><testcase classname="tests.test_phase2b.TestPasswordReset" name="test_forgot_unknown_returns_ok_no_url" time="0.109" /><testcase classname="tests.test_phase2b.TestPasswordReset" name="test_reset_with_valid_token_revokes_sessions" time="1.047" /><testcase classname="tests.test_phase2b.TestPasswordReset" name="test_reset_invalid_token" time="0.126" /><testcase classname="tests.test_phase2b.TestSessions" name="test_list_sessions_marks_current" time="0.383" /><testcase classname="tests.test_phase2b.TestSessions" name="test_revoke_session_blocks_access" time="0.820" /><testcase classname="tests.test_phase2b.TestActivity" name="test_owner_can_read_activity" time="0.372" /><testcase classname="tests.test_phase2b.TestActivity" name="test_tech_cannot_read_activity" time="0.366" /><testcase classname="tests.test_phase2b.TestActivity" name="test_unauth_activity" time="0.113" /><testcase classname="tests.test_phase2b.TestUsersAdmin" name="test_owner_lists_only_own_company" time="0.422" /><testcase classname="tests.test_phase2b.TestUsersAdmin" name="test_super_admin_all_tenants" time="0.390" /><testcase classname="tests.test_phase2b.TestUsersAdmin" name="test_owner_can_change_role_of_non_owner" time="15.540" /><testcase classname="tests.test_phase2b.TestUsersAdmin" name="test_owner_cannot_modify_owner" time="0.906" /><testcase classname="tests.test_phase2b.TestUsersAdmin" name="test_cross_tenant_edit_blocked" time="23.251" /><testcase classname="tests.test_phase2b.TestInvite" name="test_owner_can_invite_dispatcher" time="15.870" /><testcase classname="tests.test_phase2b.TestInvite" name="test_invite_duplicate_email_rejected" time="1.065" /><testcase classname="tests.test_phase2b.TestInvite" name="test_owner_cannot_invite_super_admin" time="0.396" /><testcase classname="tests.test_phase2b.TestInvite" name="test_tech_cannot_invite" time="0.363" /><testcase classname="tests.test_phase2b.TestConfigRoles" name="test_roles_endpoint" time="0.513" /><testcase classname="tests.test_phase2c.TestRegistrationVerify" name="test_register_sets_email_verified_false" time="0.404" /><testcase classname="tests.test_phase2c.TestRegistrationVerify" name="test_verify_endpoint_with_invalid_token" time="0.128" /><testcase classname="tests.test_phase2c.TestRegistrationVerify" name="test_verify_resend_and_then_verify" time="0.753" /><testcase classname="tests.test_phase2c.TestRegistrationVerify" name="test_verify_resend_requires_auth" time="0.106" /><testcase classname="tests.test_phase2c.TestGoogleExchange" name="test_google_exchange_bad_session_returns_400" time="0.197" /><testcase classname="tests.test_phase2c.TestGoogleExchange" name="test_google_exchange_happy_path_creates_customer" time="0.435" /><testcase classname="tests.test_phase2c.TestPortal" name="test_portal_jobs_forbidden_for_owner" time="0.401" /><testcase classname="tests.test_phase2c.TestPortal" name="test_portal_companies_forbidden_for_tech" time="0.487" /><testcase classname="tests.test_phase2c.TestPortal" name="test_portal_jobs_unauth" time="0.128" /><testcase classname="tests.test_phase2c.TestPortal" name="test_portal_flow_with_booking_and_customer" time="1.323" /><testcase classname="tests.test_phase2c.TestBookingEmail" name="test_booking_creates_job_with_customer_email" time="0.532" /><testcase classname="tests.test_phase2c.TestBookingEmail" name="test_booking_without_email_still_works" time="0.518" /><testcase classname="tests.test_phase2c.TestRegression" name="test_login_still_works" time="0.418" /><testcase classname="tests.test_phase2c.TestRegression" name="test_super_admin_login" time="0.384" /><testcase classname="tests.test_phase_crm.TestCustomers" name="test_create_persists_status_and_tags" time="0.435" /><testcase classname="tests.test_phase_crm.TestCustomers" name="test_patch_updates_fields" time="0.143" /><testcase classname="tests.test_phase_crm.TestCustomers" name="test_search_q_matches_name_phone_email_address" time="0.169" /><testcase classname="tests.test_phase_crm.TestCustomers" name="test_filter_by_status" time="0.146" /><testcase classname="tests.test_phase_crm.TestCustomers" name="test_filter_by_tag" time="0.095" /><testcase classname="tests.test_phase_crm.TestCustomers" name="test_tenant_isolation_customer" time="0.509" /><testcase classname="tests.test_phase_crm.TestProperties" name="test_create_list_delete_property" time="0.241" /><testcase classname="tests.test_phase_crm.TestProperties" name="test_create_property_unknown_customer_returns_404" time="0.048" /><testcase classname="tests.test_phase_crm.TestEquipment" name="test_equipment_requires_valid_property_in_same_customer" time="0.468" /><testcase classname="tests.test_phase_crm.TestCommunicationsAndJobAutoLog" name="test_create_and_list_manual_communication" time="0.147" /><testcase classname="tests.test_phase_crm.TestCommunicationsAndJobAutoLog" name="test_job_created_auto_logs_system_communication" time="0.155" /><testcase classname="tests.test_phase_crm.TestCommunicationsAndJobAutoLog" name="test_job_completed_auto_logs" time="0.198" /><testcase classname="tests.test_phase_crm.TestTimeline" name="test_timeline_merges_and_sorts" time="0.421" /><testcase classname="tests.test_phase_crm.TestFiles" name="test_upload_list_delete_file" time="0.369" /><testcase classname="tests.test_phase_crm.TestAISummary" name="test_summary_returns_model_or_fallback" time="8.258" /><testcase classname="tests.test_phase_crm.TestTenantIsolation" name="test_other_tenant_cannot_see_customer_subresources" time="0.353" /><testcase classname="tests.test_phase_crm.TestRegression" name="test_me" time="0.054" /></testsuite></testsuites>