<?xml version="1.0" encoding="utf-8"?><testsuites name="pytest tests"><testsuite name="pytest" errors="0" failures="0" skipped="0" tests="15" time="6.554" timestamp="2026-05-17T07:33:55.024952+00:00" hostname="agent-env-542b8ab2-8e98-4fed-a55f-672a78fcb0a9"><testcase classname="tests.test_iteration_12.TestRatePushHook" name="test_rate_high_returns_ok_and_logs_activity" time="1.493" /><testcase classname="tests.test_iteration_12.TestRatePushHook" name="test_rate_low_still_returns_ok_owner_push_silent_fail" time="0.381" /><testcase classname="tests.test_iteration_12.TestRatePushHook" name="test_rate_with_no_assigned_to_still_ok" time="0.397" /><testcase classname="tests.test_iteration_12.TestPaymentStatusPushHook" name="test_status_short_circuit_on_already_paid_tx" time="0.397" /><testcase classname="tests.test_iteration_12.TestPaymentStatusPushHook" name="test_status_404_for_unknown_session" time="0.411" /><testcase classname="tests.test_iteration_12.TestStripeWebhookSurface" name="test_webhook_bad_signature_returns_400_not_500" time="0.130" /><testcase classname="tests.test_iteration_12.TestPortalTipStatus" name="test_portal_status_already_paid_returns_tx_no_push" time="0.423" /><testcase classname="tests.test_iteration_12.TestRecurringRunPushHook" name="test_force_run_assigned_to_tech_returns_job_and_logs_activity" time="0.375" /><testcase classname="tests.test_iteration_12.TestRecurringRunPushHook" name="test_force_run_self_assigned_no_push_still_ok" time="0.386" /><testcase classname="tests.test_iteration_12.TestLazyMaterializePushHook" name="test_get_jobs_materializes_due_recurring_with_push_silent_fail" time="0.392" /><testcase classname="tests.test_iteration_12.TestLazyMaterializePushHook" name="test_get_recurring_jobs_materializes_due_with_push_silent_fail" time="0.383" /><testcase classname="tests.test_iteration_12.TestRegressionSmoke" name="test_root" time="0.100" /><testcase classname="tests.test_iteration_12.TestRegressionSmoke" name="test_demo_login_and_me" time="0.382" /><testcase classname="tests.test_iteration_12.TestRegressionSmoke" name="test_jobs_list_owner" time="0.403" /><testcase classname="tests.test_iteration_12.TestRegressionSmoke" name="test_recurring_list_owner" time="0.405" /></testsuite></testsuites>