<?xml version="1.0" encoding="utf-8"?><testsuites name="pytest tests"><testsuite name="pytest" errors="0" failures="0" skipped="0" tests="51" time="9.636" timestamp="2026-05-31T15:17:42.988484+00:00" hostname="agent-env-542b8ab2-8e98-4fed-a55f-672a78fcb0a9"><testcase classname="backend.tests.test_iteration_27_hardening" name="test_health_endpoint" time="0.185" /><testcase classname="backend.tests.test_iteration_27_hardening" name="test_readiness_endpoint" time="0.108" /><testcase classname="backend.tests.test_iteration_27_hardening" name="test_metrics_json" time="0.103" /><testcase classname="backend.tests.test_iteration_27_hardening" name="test_metrics_prometheus_format" time="0.100" /><testcase classname="backend.tests.test_iteration_27_hardening" name="test_security_headers_present" time="0.099" /><testcase classname="backend.tests.test_iteration_27_hardening" name="test_request_id_round_trip" time="0.101" /><testcase classname="backend.tests.test_iteration_27_hardening" name="test_gzip_compresses_large_response" time="0.112" /><testcase classname="backend.tests.test_iteration_27_hardening" name="test_rate_limit_disabled_routes_for_options" time="0.065" /><testcase classname="backend.tests.test_iteration_25_analytics.TestOwnerAnalytics" name="test_overview" time="0.392" /><testcase classname="backend.tests.test_iteration_25_analytics.TestOwnerAnalytics" name="test_revenue_day" time="0.056" /><testcase classname="backend.tests.test_iteration_25_analytics.TestOwnerAnalytics" name="test_revenue_week" time="0.051" /><testcase classname="backend.tests.test_iteration_25_analytics.TestOwnerAnalytics" name="test_revenue_month" time="0.049" /><testcase classname="backend.tests.test_iteration_25_analytics.TestOwnerAnalytics" name="test_technicians" time="0.047" /><testcase classname="backend.tests.test_iteration_25_analytics.TestOwnerAnalytics" name="test_marketing" time="0.050" /><testcase classname="backend.tests.test_iteration_25_analytics.TestOwnerAnalytics" name="test_calls" time="0.051" /><testcase classname="backend.tests.test_iteration_25_analytics.TestOwnerAnalytics" name="test_financing_conversion" time="0.051" /><testcase classname="backend.tests.test_iteration_25_analytics.TestOwnerAnalytics" name="test_memberships" time="0.052" /><testcase classname="backend.tests.test_iteration_25_analytics.TestOwnerAnalytics" name="test_leaderboard_revenue" time="0.049" /><testcase classname="backend.tests.test_iteration_25_analytics.TestOwnerAnalytics" name="test_leaderboard_jobs" time="0.050" /><testcase classname="backend.tests.test_iteration_25_analytics.TestOwnerAnalytics" name="test_leaderboard_rating" time="0.047" /><testcase classname="backend.tests.test_iteration_25_analytics.TestOwnerAnalytics" name="test_realtime" time="0.048" /><testcase classname="backend.tests.test_iteration_25_analytics.TestOwnerAnalytics" name="test_export_csv_revenue" time="0.050" /><testcase classname="backend.tests.test_iteration_25_analytics.TestOwnerAnalytics" name="test_export_csv_technicians" time="0.052" /><testcase classname="backend.tests.test_iteration_25_analytics.TestOwnerAnalytics" name="test_export_csv_marketing" time="0.055" /><testcase classname="backend.tests.test_iteration_25_analytics.TestOwnerAnalytics" name="test_export_csv_financing" time="0.048" /><testcase classname="backend.tests.test_iteration_25_analytics.TestOwnerAnalytics" name="test_export_csv_leaderboard" time="0.050" /><testcase classname="backend.tests.test_iteration_25_analytics.TestTenantIsolation" name="test_super_admin_overview" time="0.377" /><testcase classname="backend.tests.test_iteration_25_analytics.TestTenantIsolation" name="test_unauthenticated_blocked" time="0.111" /><testcase classname="backend.tests.test_iteration_26_integrations.TestCatalog" name="test_list_returns_9_providers" time="0.366" /><testcase classname="backend.tests.test_iteration_26_integrations.TestCatalog" name="test_technician_forbidden" time="0.379" /><testcase classname="backend.tests.test_iteration_26_integrations.TestApiTokenIntegrations" name="test_helcim_save_encrypted_redacted" time="0.097" /><testcase classname="backend.tests.test_iteration_26_integrations.TestApiTokenIntegrations" name="test_google_maps_save" time="0.047" /><testcase classname="backend.tests.test_iteration_26_integrations.TestApiTokenIntegrations" name="test_twilio_save" time="0.048" /><testcase classname="backend.tests.test_iteration_26_integrations.TestApiTokenIntegrations" name="test_zoom_save" time="0.049" /><testcase classname="backend.tests.test_iteration_26_integrations.TestApiTokenIntegrations" name="test_oauth_start_graceful_400" time="0.049" /><testcase classname="backend.tests.test_iteration_26_integrations.TestApiTokenIntegrations" name="test_helcim_test_endpoint" time="0.195" /><testcase classname="backend.tests.test_iteration_26_integrations.TestApiTokenIntegrations" name="test_helcim_sync_endpoint" time="0.049" /><testcase classname="backend.tests.test_iteration_26_integrations.TestApiTokenIntegrations" name="test_helcim_delete_and_verify" time="0.147" /><testcase classname="backend.tests.test_iteration_26_integrations.TestApiTokenIntegrations" name="test_technician_cannot_save" time="0.050" /><testcase classname="backend.tests.test_iteration_26_integrations.TestWebhookSubscriptions" name="test_create_returns_secret_once" time="0.049" /><testcase classname="backend.tests.test_iteration_26_integrations.TestWebhookSubscriptions" name="test_list_redacts_secret" time="0.045" /><testcase classname="backend.tests.test_iteration_26_integrations.TestWebhookSubscriptions" name="test_invalid_event_rejected" time="0.050" /><testcase classname="backend.tests.test_iteration_26_integrations.TestWebhookSubscriptions" name="test_test_ping_sends_hmac" time="0.205" /><testcase classname="backend.tests.test_iteration_26_integrations.TestWebhookSubscriptions" name="test_patch_toggle_active" time="0.140" /><testcase classname="backend.tests.test_iteration_26_integrations.TestOutboundDispatch" name="test_job_created_emits_delivery" time="3.448" /><testcase classname="backend.tests.test_iteration_26_integrations.TestOutboundDispatch" name="test_deliveries_sorted_desc" time="0.053" /><testcase classname="backend.tests.test_iteration_26_integrations.TestInboundWebhooks" name="test_stripe_no_secret_graceful" time="0.115" /><testcase classname="backend.tests.test_iteration_26_integrations.TestInboundWebhooks" name="test_quickbooks_logged" time="0.652" /><testcase classname="backend.tests.test_iteration_26_integrations.TestInboundWebhooks" name="test_outlook_validation_token" time="0.116" /><testcase classname="backend.tests.test_iteration_26_integrations.TestInboundWebhooks" name="test_path_no_collision_with_subscriptions" time="0.057" /><testcase classname="backend.tests.test_iteration_26_integrations.TestTenantIsolation" name="test_super_admin_does_not_see_demo_helcim" time="0.518" /></testsuite></testsuites>