<?xml version="1.0" encoding="utf-8"?><testsuites name="pytest tests"><testsuite name="pytest" errors="0" failures="0" skipped="0" tests="35" time="6.238" timestamp="2026-05-17T06:47:54.554406+00:00" hostname="agent-env-542b8ab2-8e98-4fed-a55f-672a78fcb0a9"><testcase classname="tests.test_iteration_10.TestRegressionSmoke" name="test_auth_me" time="0.517" /><testcase classname="tests.test_iteration_10.TestRegressionSmoke" name="test_list_jobs" time="0.055" /><testcase classname="tests.test_iteration_10.TestRegressionSmoke" name="test_list_customers" time="0.051" /><testcase classname="tests.test_iteration_10.TestRegressionSmoke" name="test_list_users" time="0.051" /><testcase classname="tests.test_iteration_10.TestRegressionSmoke" name="test_activity_feed" time="0.048" /><testcase classname="tests.test_iteration_10.TestRegressionSmoke" name="test_roles_config" time="0.051" /><testcase classname="tests.test_iteration_10.TestInviteVerifyGate" name="test_unverified_owner_invite_blocked" time="0.547" /><testcase classname="tests.test_iteration_10.TestInviteVerifyGate" name="test_verified_demo_owner_can_invite" time="0.524" /><testcase classname="tests.test_iteration_10.TestRecurringJobs" name="test_list_recurring_empty_ok" time="0.051" /><testcase classname="tests.test_iteration_10.TestRecurringJobs" name="test_create_monthly_autofills_interval" time="0.060" /><testcase classname="tests.test_iteration_10.TestRecurringJobs" name="test_create_custom_requires_interval" time="0.056" /><testcase classname="tests.test_iteration_10.TestRecurringJobs" name="test_create_custom_with_interval" time="0.054" /><testcase classname="tests.test_iteration_10.TestRecurringJobs" name="test_create_all_cadences" time="0.260" /><testcase classname="tests.test_iteration_10.TestRecurringJobs" name="test_patch_updates_interval_when_cadence_changes" time="0.121" /><testcase classname="tests.test_iteration_10.TestRecurringJobs" name="test_patch_custom_changes_interval" time="0.112" /><testcase classname="tests.test_iteration_10.TestRecurringJobs" name="test_patch_no_fields_400" time="0.104" /><testcase classname="tests.test_iteration_10.TestRecurringJobs" name="test_patch_not_found" time="0.053" /><testcase classname="tests.test_iteration_10.TestRecurringJobs" name="test_run_force_materializes" time="0.161" /><testcase classname="tests.test_iteration_10.TestRecurringJobs" name="test_get_jobs_materializes_due" time="0.102" /><testcase classname="tests.test_iteration_10.TestRecurringJobs" name="test_activity_events_logged" time="0.166" /><testcase classname="tests.test_iteration_10.TestRecurringJobs" name="test_delete_owner_ok" time="0.149" /><testcase classname="tests.test_iteration_10.TestRecurringJobs" name="test_delete_dispatcher_ok" time="0.470" /><testcase classname="tests.test_iteration_10.TestRecurringJobs" name="test_delete_technician_forbidden" time="0.453" /><testcase classname="tests.test_iteration_10.TestRecurringJobs" name="test_run_not_found" time="0.052" /><testcase classname="tests.test_iteration_10.TestCSVExports" name="test_export_owner_ok[jobs-id]" time="0.051" /><testcase classname="tests.test_iteration_10.TestCSVExports" name="test_export_owner_ok[customers-id]" time="0.052" /><testcase classname="tests.test_iteration_10.TestCSVExports" name="test_export_owner_ok[payments-id]" time="0.050" /><testcase classname="tests.test_iteration_10.TestCSVExports" name="test_export_technician_forbidden" time="0.148" /><testcase classname="tests.test_iteration_10.TestCSVExports" name="test_export_dispatcher_forbidden" time="0.049" /><testcase classname="tests.test_iteration_10.TestCSVExports" name="test_export_date_filter" time="0.051" /><testcase classname="tests.test_iteration_10.TestRouteOptimize" name="test_optimize_dry_run_returns_plan_no_write" time="0.309" /><testcase classname="tests.test_iteration_10.TestRouteOptimize" name="test_optimize_writes_and_logs" time="0.358" /><testcase classname="tests.test_iteration_10.TestRouteOptimize" name="test_optimize_technician_forbidden" time="0.270" /><testcase classname="tests.test_iteration_10.TestRouteOptimize" name="test_optimize_dispatcher_allowed" time="0.253" /><testcase classname="tests.test_iteration_10.TestRouteOptimize" name="test_optimize_no_jobs_returns_empty" time="0.252" /></testsuite></testsuites>