<?xml version="1.0" encoding="utf-8"?><testsuites name="pytest tests"><testsuite name="pytest" errors="0" failures="0" skipped="0" tests="26" time="10.585" timestamp="2026-05-17T06:00:37.519393+00:00" hostname="agent-env-542b8ab2-8e98-4fed-a55f-672a78fcb0a9"><testcase classname="backend.tests.test_iteration_8.TestPasswordStrength" name="test_register_short_password_422" time="0.254" /><testcase classname="backend.tests.test_iteration_8.TestPasswordStrength" name="test_register_no_letter_password_422" time="0.111" /><testcase classname="backend.tests.test_iteration_8.TestPasswordStrength" name="test_register_no_digit_password_422" time="0.133" /><testcase classname="backend.tests.test_iteration_8.TestPasswordStrength" name="test_register_valid_password_200" time="0.363" /><testcase classname="backend.tests.test_iteration_8.TestPasswordStrength" name="test_reset_invalid_password_422" time="0.097" /><testcase classname="backend.tests.test_iteration_8.TestBrandingHexPattern" name="test_patch_branding_invalid_word" time="0.465" /><testcase classname="backend.tests.test_iteration_8.TestBrandingHexPattern" name="test_patch_branding_short_hex" time="0.112" /><testcase classname="backend.tests.test_iteration_8.TestBrandingHexPattern" name="test_patch_branding_invalid_chars" time="0.108" /><testcase classname="backend.tests.test_iteration_8.TestBrandingHexPattern" name="test_patch_branding_valid_hex" time="0.119" /><testcase classname="backend.tests.test_iteration_8.TestCheckoutEmailGate" name="test_checkout_unverified_user_403" time="0.540" /><testcase classname="backend.tests.test_iteration_8.TestCheckoutEmailGate" name="test_checkout_verified_owner_returns_url" time="0.942" /><testcase classname="backend.tests.test_iteration_8.TestJobActivityEvents" name="test_jobs_created_activity_logged" time="0.705" /><testcase classname="backend.tests.test_iteration_8.TestJobActivityEvents" name="test_jobs_status_change_activity_logged[scheduled]" time="0.792" /><testcase classname="backend.tests.test_iteration_8.TestJobActivityEvents" name="test_jobs_status_change_activity_logged[in_progress]" time="2.845" /><testcase classname="backend.tests.test_iteration_8.TestJobActivityEvents" name="test_jobs_status_change_activity_logged[completed]" time="0.813" /><testcase classname="backend.tests.test_iteration_8.TestJobActivityEvents" name="test_jobs_status_change_activity_logged[cancelled]" time="0.806" /><testcase classname="backend.tests.test_iteration_8.TestPublicBookingFullJob" name="test_public_booking_returns_job_object" time="0.151" /><testcase classname="backend.tests.test_iteration_8.TestRegressionSmoke" name="test_login_demo" time="0.000" /><testcase classname="backend.tests.test_iteration_8.TestRegressionSmoke" name="test_auth_me" time="0.105" /><testcase classname="backend.tests.test_iteration_8.TestRegressionSmoke" name="test_list_jobs" time="0.101" /><testcase classname="backend.tests.test_iteration_8.TestRegressionSmoke" name="test_list_customers_paginated" time="0.128" /><testcase classname="backend.tests.test_iteration_8.TestRegressionSmoke" name="test_dashboard_stats" time="0.104" /><testcase classname="backend.tests.test_iteration_8.TestRegressionSmoke" name="test_activity_feed" time="0.112" /><testcase classname="backend.tests.test_iteration_8.TestRegressionSmoke" name="test_sessions_list" time="0.100" /><testcase classname="backend.tests.test_iteration_8.TestRegressionSmoke" name="test_users_list" time="0.098" /><testcase classname="backend.tests.test_iteration_8.TestRegressionSmoke" name="test_invoice_pdf" time="0.409" /></testsuite></testsuites>