<?xml version="1.0" encoding="utf-8"?><testsuites name="pytest tests"><testsuite name="pytest" errors="0" failures="0" skipped="0" tests="23" time="13.255" timestamp="2026-05-21T20:33:59.170118+00:00" hostname="agent-env-542b8ab2-8e98-4fed-a55f-672a78fcb0a9"><testcase classname="backend.tests.test_estimates_invoices.TestMath" name="test_totals_with_tax_and_discount" time="0.759" /><testcase classname="backend.tests.test_estimates_invoices.TestEstimates" name="test_create_and_format" time="0.131" /><testcase classname="backend.tests.test_estimates_invoices.TestEstimates" name="test_list_excludes_secrets" time="0.218" /><testcase classname="backend.tests.test_estimates_invoices.TestEstimates" name="test_get_single" time="0.204" /><testcase classname="backend.tests.test_estimates_invoices.TestEstimates" name="test_update_partial" time="0.225" /><testcase classname="backend.tests.test_estimates_invoices.TestEstimates" name="test_delete" time="0.195" /><testcase classname="backend.tests.test_estimates_invoices.TestEstimates" name="test_send_requires_email_and_returns_link" time="0.525" /><testcase classname="backend.tests.test_estimates_invoices.TestEstimates" name="test_send_without_email_fails" time="0.212" /><testcase classname="backend.tests.test_estimates_invoices.TestEstimates" name="test_pdf" time="0.208" /><testcase classname="backend.tests.test_estimates_invoices.TestPublicAndConvert" name="test_full_cross_flow" time="5.367" /><testcase classname="backend.tests.test_estimates_invoices.TestPublicAndConvert" name="test_decline_flow" time="0.658" /><testcase classname="backend.tests.test_estimates_invoices.TestPublicAndConvert" name="test_convert_requires_approved" time="0.261" /><testcase classname="backend.tests.test_estimates_invoices.TestInvoices" name="test_create_format" time="0.138" /><testcase classname="backend.tests.test_estimates_invoices.TestInvoices" name="test_list_excludes_token" time="0.245" /><testcase classname="backend.tests.test_estimates_invoices.TestInvoices" name="test_update_and_delete" time="0.224" /><testcase classname="backend.tests.test_estimates_invoices.TestInvoices" name="test_send_and_pdf" time="0.435" /><testcase classname="backend.tests.test_estimates_invoices.TestInvoices" name="test_checkout_deposit" time="0.756" /><testcase classname="backend.tests.test_estimates_invoices.TestInvoices" name="test_public_invoice_viewed" time="0.376" /><testcase classname="backend.tests.test_estimates_invoices.TestTemplates" name="test_estimate_template_crud" time="0.349" /><testcase classname="backend.tests.test_estimates_invoices.TestTemplates" name="test_invoice_template" time="0.212" /><testcase classname="backend.tests.test_estimates_invoices.TestIsolation" name="test_other_tenant_cannot_access" time="0.781" /><testcase classname="backend.tests.test_estimates_invoices.TestIsolation" name="test_invoice_isolation" time="0.200" /><testcase classname="backend.tests.test_invoice_webhook_hook" name="test_handle_invoice_payment_flow" time="0.496" /></testsuite></testsuites>