<?xml version="1.0" encoding="utf-8"?><testsuites name="pytest tests"><testsuite name="pytest" errors="0" failures="5" skipped="0" tests="120" time="89.907" timestamp="2026-05-17T06:02:24.493255+00:00" hostname="agent-env-542b8ab2-8e98-4fed-a55f-672a78fcb0a9"><testcase classname="backend.tests.test_a1fieldpro" name="test_health" time="0.115" /><testcase classname="backend.tests.test_a1fieldpro" name="test_login_owner_sets_cookie" time="0.357" /><testcase classname="backend.tests.test_a1fieldpro" name="test_login_invalid" time="0.326" /><testcase classname="backend.tests.test_a1fieldpro" name="test_me_returns_user_and_company" time="0.372" /><testcase classname="backend.tests.test_a1fieldpro" name="test_me_unauthenticated" time="0.095" /><testcase classname="backend.tests.test_a1fieldpro" name="test_logout_clears_cookie" time="0.489" /><testcase classname="backend.tests.test_a1fieldpro" name="test_register_creates_company_and_owner" time="0.373" /><testcase classname="backend.tests.test_a1fieldpro" name="test_list_jobs_seeded" time="0.046" /><testcase classname="backend.tests.test_a1fieldpro" name="test_jobs_mine_for_technician" time="0.422" /><testcase classname="backend.tests.test_a1fieldpro" name="test_job_crud" time="0.238" /><testcase classname="backend.tests.test_a1fieldpro" name="test_technician_cannot_delete_job" time="0.137" /><testcase classname="backend.tests.test_a1fieldpro" name="test_dashboard_stats" time="0.048" /><testcase classname="backend.tests.test_a1fieldpro" name="test_team_list" time="0.050" /><testcase classname="backend.tests.test_a1fieldpro" name="test_team_create_and_delete" time="0.318" /><testcase classname="backend.tests.test_a1fieldpro" name="test_tech_cannot_create_team" time="0.047" /><testcase classname="backend.tests.test_a1fieldpro" name="test_customers_create_list" time="0.106"><failure message="TypeError: string indices must be integers, not 'str'">E   TypeError: string indices must be integers, not 'str'</failure></testcase><testcase classname="backend.tests.test_a1fieldpro" name="test_multi_tenant_isolation" time="15.388" /><testcase classname="backend.tests.test_a1fieldpro" name="test_payment_checkout" time="0.626" /><testcase classname="backend.tests.test_iteration_8.TestPasswordStrength" name="test_register_short_password_422" time="30.167" /><testcase classname="backend.tests.test_iteration_8.TestPasswordStrength" name="test_register_no_letter_password_422" time="0.157" /><testcase classname="backend.tests.test_iteration_8.TestPasswordStrength" name="test_register_no_digit_password_422" time="0.094" /><testcase classname="backend.tests.test_iteration_8.TestPasswordStrength" name="test_register_valid_password_200" time="0.330" /><testcase classname="backend.tests.test_iteration_8.TestPasswordStrength" name="test_reset_invalid_password_422" time="0.100" /><testcase classname="backend.tests.test_iteration_8.TestBrandingHexPattern" name="test_patch_branding_invalid_word" time="0.423" /><testcase classname="backend.tests.test_iteration_8.TestBrandingHexPattern" name="test_patch_branding_short_hex" time="0.105" /><testcase classname="backend.tests.test_iteration_8.TestBrandingHexPattern" name="test_patch_branding_invalid_chars" time="0.101" /><testcase classname="backend.tests.test_iteration_8.TestBrandingHexPattern" name="test_patch_branding_valid_hex" time="0.099" /><testcase classname="backend.tests.test_iteration_8.TestCheckoutEmailGate" name="test_checkout_unverified_user_403" time="0.516" /><testcase classname="backend.tests.test_iteration_8.TestCheckoutEmailGate" name="test_checkout_verified_owner_returns_url" time="0.726" /><testcase classname="backend.tests.test_iteration_8.TestJobActivityEvents" name="test_jobs_created_activity_logged" time="0.706" /><testcase classname="backend.tests.test_iteration_8.TestJobActivityEvents" name="test_jobs_status_change_activity_logged[scheduled]" time="0.806" /><testcase classname="backend.tests.test_iteration_8.TestJobActivityEvents" name="test_jobs_status_change_activity_logged[in_progress]" time="0.811" /><testcase classname="backend.tests.test_iteration_8.TestJobActivityEvents" name="test_jobs_status_change_activity_logged[completed]" time="0.833" /><testcase classname="backend.tests.test_iteration_8.TestJobActivityEvents" name="test_jobs_status_change_activity_logged[cancelled]" time="0.804" /><testcase classname="backend.tests.test_iteration_8.TestPublicBookingFullJob" name="test_public_booking_returns_job_object" time="0.109" /><testcase classname="backend.tests.test_iteration_8.TestRegressionSmoke" name="test_login_demo" time="0.000" /><testcase classname="backend.tests.test_iteration_8.TestRegressionSmoke" name="test_auth_me" time="0.104" /><testcase classname="backend.tests.test_iteration_8.TestRegressionSmoke" name="test_list_jobs" time="0.103" /><testcase classname="backend.tests.test_iteration_8.TestRegressionSmoke" name="test_list_customers_paginated" time="0.125" /><testcase classname="backend.tests.test_iteration_8.TestRegressionSmoke" name="test_dashboard_stats" time="0.121" /><testcase classname="backend.tests.test_iteration_8.TestRegressionSmoke" name="test_activity_feed" time="0.099" /><testcase classname="backend.tests.test_iteration_8.TestRegressionSmoke" name="test_sessions_list" time="0.096" /><testcase classname="backend.tests.test_iteration_8.TestRegressionSmoke" name="test_users_list" time="0.100" /><testcase classname="backend.tests.test_iteration_8.TestRegressionSmoke" name="test_invoice_pdf" time="0.226" /><testcase classname="backend.tests.test_phase1" name="test_patch_scheduled_at_promotes_unscheduled" time="0.468" /><testcase classname="backend.tests.test_phase1" name="test_photo_upload_and_delete" time="0.504" /><testcase classname="backend.tests.test_phase1" name="test_photo_upload_rejects_non_image" time="0.139" /><testcase classname="backend.tests.test_phase1" name="test_signature_save" time="0.335" /><testcase classname="backend.tests.test_phase1" name="test_signature_invalid_base64" time="0.142" /><testcase classname="backend.tests.test_phase1" name="test_files_unauthenticated_rejected" time="0.098" /><testcase classname="backend.tests.test_phase1" name="test_files_cross_tenant_forbidden" time="0.101" /><testcase classname="backend.tests.test_phase1" name="test_files_serves_own_photo" time="0.403" /><testcase classname="backend.tests.test_phase1" name="test_public_company_returns_no_owner_id" time="0.106" /><testcase classname="backend.tests.test_phase1" name="test_public_company_404" time="0.096" /><testcase classname="backend.tests.test_phase1" name="test_public_booking_creates_unscheduled_job" time="0.220" /><testcase classname="backend.tests.test_phase1" name="test_public_booking_invalid_company" time="0.102" /><testcase classname="backend.tests.test_phase2" name="test_companies_me_returns_company" time="0.398" /><testcase classname="backend.tests.test_phase2" name="test_patch_branding_owner" time="0.095" /><testcase classname="backend.tests.test_phase2" name="test_patch_branding_non_owner_forbidden" time="0.366" /><testcase classname="backend.tests.test_phase2" name="test_patch_branding_unauthenticated" time="0.107" /><testcase classname="backend.tests.test_phase2" name="test_upload_logo_owner" time="0.192" /><testcase classname="backend.tests.test_phase2" name="test_upload_logo_non_owner_forbidden" time="0.045" /><testcase classname="backend.tests.test_phase2" name="test_invoice_pdf_unauthenticated" time="0.098" /><testcase classname="backend.tests.test_phase2" name="test_invoice_pdf_returns_pdf" time="0.113" /><testcase classname="backend.tests.test_phase2" name="test_invoice_pdf_paid_stamp" time="0.141" /><testcase classname="backend.tests.test_phase2" name="test_invoice_pdf_cross_tenant_404" time="0.424" /><testcase classname="backend.tests.test_phase2b.TestSuperAdminSeed" name="test_super_admin_login" time="0.379" /><testcase classname="backend.tests.test_phase2b.TestMFAFlow" name="test_mfa_setup_returns_secret_and_qr" time="0.378" /><testcase classname="backend.tests.test_phase2b.TestMFAFlow" name="test_mfa_enable_with_valid_code_and_login_required_then_accepted" time="2.013" /><testcase classname="backend.tests.test_phase2b.TestMFAFlow" name="test_mfa_disable_wrong_password_rejected" time="0.679" /><testcase classname="backend.tests.test_phase2b.TestPasswordReset" name="test_forgot_known_returns_reset_url" time="0.366" /><testcase classname="backend.tests.test_phase2b.TestPasswordReset" name="test_forgot_unknown_returns_ok_no_url" time="0.109" /><testcase classname="backend.tests.test_phase2b.TestPasswordReset" name="test_reset_with_valid_token_revokes_sessions" time="1.009" /><testcase classname="backend.tests.test_phase2b.TestPasswordReset" name="test_reset_invalid_token" time="0.106" /><testcase classname="backend.tests.test_phase2b.TestSessions" name="test_list_sessions_marks_current" time="0.409" /><testcase classname="backend.tests.test_phase2b.TestSessions" name="test_revoke_session_blocks_access" time="0.791" /><testcase classname="backend.tests.test_phase2b.TestActivity" name="test_owner_can_read_activity" time="0.389" /><testcase classname="backend.tests.test_phase2b.TestActivity" name="test_tech_cannot_read_activity" time="0.369" /><testcase classname="backend.tests.test_phase2b.TestActivity" name="test_unauth_activity" time="0.104" /><testcase classname="backend.tests.test_phase2b.TestUsersAdmin" name="test_owner_lists_only_own_company" time="0.377" /><testcase classname="backend.tests.test_phase2b.TestUsersAdmin" name="test_super_admin_all_tenants" time="0.630" /><testcase classname="backend.tests.test_phase2b.TestUsersAdmin" name="test_owner_can_change_role_of_non_owner" time="0.498" /><testcase classname="backend.tests.test_phase2b.TestUsersAdmin" name="test_owner_cannot_modify_owner" time="0.759" /><testcase classname="backend.tests.test_phase2b.TestUsersAdmin" name="test_cross_tenant_edit_blocked" time="0.693" /><testcase classname="backend.tests.test_phase2b.TestInvite" name="test_owner_can_invite_dispatcher" time="0.770" /><testcase classname="backend.tests.test_phase2b.TestInvite" name="test_invite_duplicate_email_rejected" time="0.807" /><testcase classname="backend.tests.test_phase2b.TestInvite" name="test_owner_cannot_invite_super_admin" time="0.379" /><testcase classname="backend.tests.test_phase2b.TestInvite" name="test_tech_cannot_invite" time="0.371" /><testcase classname="backend.tests.test_phase2b.TestConfigRoles" name="test_roles_endpoint" time="0.469" /><testcase classname="backend.tests.test_phase2c.TestRegistrationVerify" name="test_register_sets_email_verified_false" time="0.326" /><testcase classname="backend.tests.test_phase2c.TestRegistrationVerify" name="test_verify_endpoint_with_invalid_token" time="0.125" /><testcase classname="backend.tests.test_phase2c.TestRegistrationVerify" name="test_verify_resend_and_then_verify" time="0.664" /><testcase classname="backend.tests.test_phase2c.TestRegistrationVerify" name="test_verify_resend_requires_auth" time="0.101" /><testcase classname="backend.tests.test_phase2c.TestGoogleExchange" name="test_google_exchange_bad_session_returns_400" time="0.209" /><testcase classname="backend.tests.test_phase2c.TestGoogleExchange" name="test_google_exchange_happy_path_creates_customer" time="0.520" /><testcase classname="backend.tests.test_phase2c.TestPortal" name="test_portal_jobs_forbidden_for_owner" time="0.384" /><testcase classname="backend.tests.test_phase2c.TestPortal" name="test_portal_companies_forbidden_for_tech" time="0.369" /><testcase classname="backend.tests.test_phase2c.TestPortal" name="test_portal_jobs_unauth" time="0.098" /><testcase classname="backend.tests.test_phase2c.TestPortal" name="test_portal_flow_with_booking_and_customer" time="1.256" /><testcase classname="backend.tests.test_phase2c.TestBookingEmail" name="test_booking_creates_job_with_customer_email" time="0.472" /><testcase classname="backend.tests.test_phase2c.TestBookingEmail" name="test_booking_without_email_still_works" time="0.522" /><testcase classname="backend.tests.test_phase2c.TestRegression" name="test_login_still_works" time="0.370" /><testcase classname="backend.tests.test_phase2c.TestRegression" name="test_super_admin_login" time="0.385" /><testcase classname="backend.tests.test_phase_crm.TestCustomers" name="test_create_persists_status_and_tags" time="0.447" /><testcase classname="backend.tests.test_phase_crm.TestCustomers" name="test_patch_updates_fields" time="0.145" /><testcase classname="backend.tests.test_phase_crm.TestCustomers" name="test_search_q_matches_name_phone_email_address" time="0.097"><failure message="TypeError: string indices must be integers, not 'str'">E   TypeError: string indices must be integers, not 'str'</failure></testcase><testcase classname="backend.tests.test_phase_crm.TestCustomers" name="test_filter_by_status" time="0.148"><failure message="TypeError: string indices must be integers, not 'str'">E   TypeError: string indices must be integers, not 'str'</failure></testcase><testcase classname="backend.tests.test_phase_crm.TestCustomers" name="test_filter_by_tag" time="0.096"><failure message="AttributeError: 'str' object has no attribute 'get'">E   AttributeError: 'str' object has no attribute 'get'</failure></testcase><testcase classname="backend.tests.test_phase_crm.TestCustomers" name="test_tenant_isolation_customer" time="0.479" /><testcase classname="backend.tests.test_phase_crm.TestProperties" name="test_create_list_delete_property" time="0.247" /><testcase classname="backend.tests.test_phase_crm.TestProperties" name="test_create_property_unknown_customer_returns_404" time="0.050" /><testcase classname="backend.tests.test_phase_crm.TestEquipment" name="test_equipment_requires_valid_property_in_same_customer" time="0.442" /><testcase classname="backend.tests.test_phase_crm.TestCommunicationsAndJobAutoLog" name="test_create_and_list_manual_communication" time="0.152" /><testcase classname="backend.tests.test_phase_crm.TestCommunicationsAndJobAutoLog" name="test_job_created_auto_logs_system_communication" time="0.148" /><testcase classname="backend.tests.test_phase_crm.TestCommunicationsAndJobAutoLog" name="test_job_completed_auto_logs" time="0.197" /><testcase classname="backend.tests.test_phase_crm.TestTimeline" name="test_timeline_merges_and_sorts" time="0.451" /><testcase classname="backend.tests.test_phase_crm.TestFiles" name="test_upload_list_delete_file" time="0.344" /><testcase classname="backend.tests.test_phase_crm.TestAISummary" name="test_summary_returns_model_or_fallback" time="5.068"><failure message="AssertionError: assert 'claude-sonnet-4-5-20250929' in (None, 'claude-sonnet-4-5')">E   AssertionError: assert 'claude-sonnet-4-5-20250929' in (None, 'claude-sonnet-4-5')</failure></testcase><testcase classname="backend.tests.test_phase_crm.TestTenantIsolation" name="test_other_tenant_cannot_see_customer_subresources" time="0.376" /><testcase classname="backend.tests.test_phase_crm.TestRegression" name="test_me" time="0.062" /></testsuite></testsuites>