<?xml version="1.0" encoding="utf-8"?><testsuites name="pytest tests"><testsuite name="pytest" errors="0" failures="0" skipped="0" tests="12" time="3.070" timestamp="2026-05-16T17:09:10.813300+00:00" hostname="agent-env-542b8ab2-8e98-4fed-a55f-672a78fcb0a9"><testcase classname="backend.tests.test_phase1" name="test_patch_scheduled_at_promotes_unscheduled" time="0.641" /><testcase classname="backend.tests.test_phase1" name="test_photo_upload_and_delete" time="0.437" /><testcase classname="backend.tests.test_phase1" name="test_photo_upload_rejects_non_image" time="0.140" /><testcase classname="backend.tests.test_phase1" name="test_signature_save" time="0.330" /><testcase classname="backend.tests.test_phase1" name="test_signature_invalid_base64" time="0.147" /><testcase classname="backend.tests.test_phase1" name="test_files_unauthenticated_rejected" time="0.143" /><testcase classname="backend.tests.test_phase1" name="test_files_cross_tenant_forbidden" time="0.090" /><testcase classname="backend.tests.test_phase1" name="test_files_serves_own_photo" time="0.429" /><testcase classname="backend.tests.test_phase1" name="test_public_company_returns_no_owner_id" time="0.143" /><testcase classname="backend.tests.test_phase1" name="test_public_company_404" time="0.126" /><testcase classname="backend.tests.test_phase1" name="test_public_booking_creates_unscheduled_job" time="0.203" /><testcase classname="backend.tests.test_phase1" name="test_public_booking_invalid_company" time="0.177" /></testsuite></testsuites>