<?xml version="1.0" encoding="utf-8"?><testsuites name="pytest tests"><testsuite name="pytest" errors="0" failures="0" skipped="0" tests="23" time="14.124" timestamp="2026-05-16T18:13:09.604069+00:00" hostname="agent-env-542b8ab2-8e98-4fed-a55f-672a78fcb0a9"><testcase classname="backend.tests.test_phase2b.TestSuperAdminSeed" name="test_super_admin_login" time="0.525" /><testcase classname="backend.tests.test_phase2b.TestMFAFlow" name="test_mfa_setup_returns_secret_and_qr" time="0.432" /><testcase classname="backend.tests.test_phase2b.TestMFAFlow" name="test_mfa_enable_with_valid_code_and_login_required_then_accepted" time="2.235" /><testcase classname="backend.tests.test_phase2b.TestMFAFlow" name="test_mfa_disable_wrong_password_rejected" time="0.669" /><testcase classname="backend.tests.test_phase2b.TestPasswordReset" name="test_forgot_known_returns_reset_url" time="0.691" /><testcase classname="backend.tests.test_phase2b.TestPasswordReset" name="test_forgot_unknown_returns_ok_no_url" time="0.107" /><testcase classname="backend.tests.test_phase2b.TestPasswordReset" name="test_reset_with_valid_token_revokes_sessions" time="1.057" /><testcase classname="backend.tests.test_phase2b.TestPasswordReset" name="test_reset_invalid_token" time="0.114" /><testcase classname="backend.tests.test_phase2b.TestSessions" name="test_list_sessions_marks_current" time="0.417" /><testcase classname="backend.tests.test_phase2b.TestSessions" name="test_revoke_session_blocks_access" time="0.943" /><testcase classname="backend.tests.test_phase2b.TestActivity" name="test_owner_can_read_activity" time="0.457" /><testcase classname="backend.tests.test_phase2b.TestActivity" name="test_tech_cannot_read_activity" time="0.403" /><testcase classname="backend.tests.test_phase2b.TestActivity" name="test_unauth_activity" time="0.108" /><testcase classname="backend.tests.test_phase2b.TestUsersAdmin" name="test_owner_lists_only_own_company" time="0.388" /><testcase classname="backend.tests.test_phase2b.TestUsersAdmin" name="test_super_admin_all_tenants" time="0.379" /><testcase classname="backend.tests.test_phase2b.TestUsersAdmin" name="test_owner_can_change_role_of_non_owner" time="0.523" /><testcase classname="backend.tests.test_phase2b.TestUsersAdmin" name="test_owner_cannot_modify_owner" time="0.777" /><testcase classname="backend.tests.test_phase2b.TestUsersAdmin" name="test_cross_tenant_edit_blocked" time="0.775" /><testcase classname="backend.tests.test_phase2b.TestInvite" name="test_owner_can_invite_dispatcher" time="0.853" /><testcase classname="backend.tests.test_phase2b.TestInvite" name="test_invite_duplicate_email_rejected" time="0.831" /><testcase classname="backend.tests.test_phase2b.TestInvite" name="test_owner_cannot_invite_super_admin" time="0.383" /><testcase classname="backend.tests.test_phase2b.TestInvite" name="test_tech_cannot_invite" time="0.384" /><testcase classname="backend.tests.test_phase2b.TestConfigRoles" name="test_roles_endpoint" time="0.505" /></testsuite></testsuites>