<?xml version="1.0" encoding="utf-8"?><testsuites name="pytest tests"><testsuite name="pytest" errors="0" failures="0" skipped="0" tests="40" time="10.192" timestamp="2026-05-16T17:27:13.380306+00:00" hostname="agent-env-542b8ab2-8e98-4fed-a55f-672a78fcb0a9"><testcase classname="backend.tests.test_a1fieldpro" name="test_health" time="0.171" /><testcase classname="backend.tests.test_a1fieldpro" name="test_login_owner_sets_cookie" time="0.344" /><testcase classname="backend.tests.test_a1fieldpro" name="test_login_invalid" time="0.336" /><testcase classname="backend.tests.test_a1fieldpro" name="test_me_returns_user_and_company" time="0.393" /><testcase classname="backend.tests.test_a1fieldpro" name="test_me_unauthenticated" time="0.114" /><testcase classname="backend.tests.test_a1fieldpro" name="test_logout_clears_cookie" time="0.506" /><testcase classname="backend.tests.test_a1fieldpro" name="test_register_creates_company_and_owner" time="0.386" /><testcase classname="backend.tests.test_a1fieldpro" name="test_list_jobs_seeded" time="0.049" /><testcase classname="backend.tests.test_a1fieldpro" name="test_jobs_mine_for_technician" time="0.436" /><testcase classname="backend.tests.test_a1fieldpro" name="test_job_crud" time="0.247" /><testcase classname="backend.tests.test_a1fieldpro" name="test_technician_cannot_delete_job" time="0.151" /><testcase classname="backend.tests.test_a1fieldpro" name="test_dashboard_stats" time="0.077" /><testcase classname="backend.tests.test_a1fieldpro" name="test_team_list" time="0.047" /><testcase classname="backend.tests.test_a1fieldpro" name="test_team_create_and_delete" time="0.337" /><testcase classname="backend.tests.test_a1fieldpro" name="test_tech_cannot_create_team" time="0.051" /><testcase classname="backend.tests.test_a1fieldpro" name="test_customers_create_list" time="0.101" /><testcase classname="backend.tests.test_a1fieldpro" name="test_multi_tenant_isolation" time="0.385" /><testcase classname="backend.tests.test_a1fieldpro" name="test_payment_checkout" time="0.794" /><testcase classname="backend.tests.test_phase1" name="test_patch_scheduled_at_promotes_unscheduled" time="0.557" /><testcase classname="backend.tests.test_phase1" name="test_photo_upload_and_delete" time="0.419" /><testcase classname="backend.tests.test_phase1" name="test_photo_upload_rejects_non_image" time="0.154" /><testcase classname="backend.tests.test_phase1" name="test_signature_save" time="0.339" /><testcase classname="backend.tests.test_phase1" name="test_signature_invalid_base64" time="0.154" /><testcase classname="backend.tests.test_phase1" name="test_files_unauthenticated_rejected" time="0.282" /><testcase classname="backend.tests.test_phase1" name="test_files_cross_tenant_forbidden" time="0.102" /><testcase classname="backend.tests.test_phase1" name="test_files_serves_own_photo" time="0.446" /><testcase classname="backend.tests.test_phase1" name="test_public_company_returns_no_owner_id" time="0.161" /><testcase classname="backend.tests.test_phase1" name="test_public_company_404" time="0.105" /><testcase classname="backend.tests.test_phase1" name="test_public_booking_creates_unscheduled_job" time="0.244" /><testcase classname="backend.tests.test_phase1" name="test_public_booking_invalid_company" time="0.108" /><testcase classname="backend.tests.test_phase2" name="test_companies_me_returns_company" time="0.377" /><testcase classname="backend.tests.test_phase2" name="test_patch_branding_owner" time="0.096" /><testcase classname="backend.tests.test_phase2" name="test_patch_branding_non_owner_forbidden" time="0.377" /><testcase classname="backend.tests.test_phase2" name="test_patch_branding_unauthenticated" time="0.108" /><testcase classname="backend.tests.test_phase2" name="test_upload_logo_owner" time="0.226" /><testcase classname="backend.tests.test_phase2" name="test_upload_logo_non_owner_forbidden" time="0.056" /><testcase classname="backend.tests.test_phase2" name="test_invoice_pdf_unauthenticated" time="0.105" /><testcase classname="backend.tests.test_phase2" name="test_invoice_pdf_returns_pdf" time="0.120" /><testcase classname="backend.tests.test_phase2" name="test_invoice_pdf_paid_stamp" time="0.153" /><testcase classname="backend.tests.test_phase2" name="test_invoice_pdf_cross_tenant_404" time="0.451" /></testsuite></testsuites>