<?xml version="1.0" encoding="utf-8"?><testsuites name="pytest tests"><testsuite name="pytest" errors="0" failures="0" skipped="0" tests="14" time="7.071" timestamp="2026-05-16T18:31:39.468311+00:00" hostname="agent-env-542b8ab2-8e98-4fed-a55f-672a78fcb0a9"><testcase classname="tests.test_phase2c.TestRegistrationVerify" name="test_register_sets_email_verified_false" time="0.513" /><testcase classname="tests.test_phase2c.TestRegistrationVerify" name="test_verify_endpoint_with_invalid_token" time="0.137" /><testcase classname="tests.test_phase2c.TestRegistrationVerify" name="test_verify_resend_and_then_verify" time="0.892" /><testcase classname="tests.test_phase2c.TestRegistrationVerify" name="test_verify_resend_requires_auth" time="0.113" /><testcase classname="tests.test_phase2c.TestGoogleExchange" name="test_google_exchange_bad_session_returns_400" time="0.531" /><testcase classname="tests.test_phase2c.TestGoogleExchange" name="test_google_exchange_happy_path_creates_customer" time="0.532" /><testcase classname="tests.test_phase2c.TestPortal" name="test_portal_jobs_forbidden_for_owner" time="0.414" /><testcase classname="tests.test_phase2c.TestPortal" name="test_portal_companies_forbidden_for_tech" time="0.430" /><testcase classname="tests.test_phase2c.TestPortal" name="test_portal_jobs_unauth" time="0.113" /><testcase classname="tests.test_phase2c.TestPortal" name="test_portal_flow_with_booking_and_customer" time="1.438" /><testcase classname="tests.test_phase2c.TestBookingEmail" name="test_booking_creates_job_with_customer_email" time="0.538" /><testcase classname="tests.test_phase2c.TestBookingEmail" name="test_booking_without_email_still_works" time="0.497" /><testcase classname="tests.test_phase2c.TestRegression" name="test_login_still_works" time="0.379" /><testcase classname="tests.test_phase2c.TestRegression" name="test_super_admin_login" time="0.390" /></testsuite></testsuites>