<?xml version="1.0" encoding="utf-8"?><testsuites name="pytest tests"><testsuite name="pytest" errors="0" failures="5" skipped="0" tests="94" time="43.361" timestamp="2026-05-16T19:30:15.068770+00:00" hostname="agent-env-542b8ab2-8e98-4fed-a55f-672a78fcb0a9"><testcase classname="backend.tests.test_a1fieldpro" name="test_health" time="0.180" /><testcase classname="backend.tests.test_a1fieldpro" name="test_login_owner_sets_cookie" time="0.377" /><testcase classname="backend.tests.test_a1fieldpro" name="test_login_invalid" time="0.348" /><testcase classname="backend.tests.test_a1fieldpro" name="test_me_returns_user_and_company" time="0.427" /><testcase classname="backend.tests.test_a1fieldpro" name="test_me_unauthenticated" time="0.111" /><testcase classname="backend.tests.test_a1fieldpro" name="test_logout_clears_cookie" time="1.028" /><testcase classname="backend.tests.test_a1fieldpro" name="test_register_creates_company_and_owner" time="0.465" /><testcase classname="backend.tests.test_a1fieldpro" name="test_list_jobs_seeded" time="0.073" /><testcase classname="backend.tests.test_a1fieldpro" name="test_jobs_mine_for_technician" time="0.426" /><testcase classname="backend.tests.test_a1fieldpro" name="test_job_crud" time="0.362" /><testcase classname="backend.tests.test_a1fieldpro" name="test_technician_cannot_delete_job" time="0.193" /><testcase classname="backend.tests.test_a1fieldpro" name="test_dashboard_stats" time="0.072" /><testcase classname="backend.tests.test_a1fieldpro" name="test_team_list" time="0.083" /><testcase classname="backend.tests.test_a1fieldpro" name="test_team_create_and_delete" time="0.372" /><testcase classname="backend.tests.test_a1fieldpro" name="test_tech_cannot_create_team" time="0.052" /><testcase classname="backend.tests.test_a1fieldpro" name="test_customers_create_list" time="0.140"><failure message="TypeError: string indices must be integers, not 'str'">backend/tests/test_a1fieldpro.py:198: in test_customers_create_list
    assert any(c["name"] == "TEST_Cust" for c in r.json())
           ^^^^^^^^^^^^^^^^^^^^^^^^^^^^^^^^^^^^^^^^^^^^^^^
backend/tests/test_a1fieldpro.py:198: in &lt;genexpr&gt;
    assert any(c["name"] == "TEST_Cust" for c in r.json())
               ^^^^^^^^^
E   TypeError: string indices must be integers, not 'str'</failure></testcase><testcase classname="backend.tests.test_a1fieldpro" name="test_multi_tenant_isolation" time="0.453" /><testcase classname="backend.tests.test_a1fieldpro" name="test_payment_checkout" time="0.743" /><testcase classname="backend.tests.test_phase1" name="test_patch_scheduled_at_promotes_unscheduled" time="0.530" /><testcase classname="backend.tests.test_phase1" name="test_photo_upload_and_delete" time="0.458" /><testcase classname="backend.tests.test_phase1" name="test_photo_upload_rejects_non_image" time="0.152" /><testcase classname="backend.tests.test_phase1" name="test_signature_save" time="0.320" /><testcase classname="backend.tests.test_phase1" name="test_signature_invalid_base64" time="0.149" /><testcase classname="backend.tests.test_phase1" name="test_files_unauthenticated_rejected" time="0.128" /><testcase classname="backend.tests.test_phase1" name="test_files_cross_tenant_forbidden" time="0.140" /><testcase classname="backend.tests.test_phase1" name="test_files_serves_own_photo" time="0.436" /><testcase classname="backend.tests.test_phase1" name="test_public_company_returns_no_owner_id" time="0.125" /><testcase classname="backend.tests.test_phase1" name="test_public_company_404" time="0.190" /><testcase classname="backend.tests.test_phase1" name="test_public_booking_creates_unscheduled_job" time="0.236" /><testcase classname="backend.tests.test_phase1" name="test_public_booking_invalid_company" time="0.116" /><testcase classname="backend.tests.test_phase2" name="test_companies_me_returns_company" time="0.391" /><testcase classname="backend.tests.test_phase2" name="test_patch_branding_owner" time="0.105" /><testcase classname="backend.tests.test_phase2" name="test_patch_branding_non_owner_forbidden" time="0.430" /><testcase classname="backend.tests.test_phase2" name="test_patch_branding_unauthenticated" time="0.118" /><testcase classname="backend.tests.test_phase2" name="test_upload_logo_owner" time="0.230" /><testcase classname="backend.tests.test_phase2" name="test_upload_logo_non_owner_forbidden" time="0.059" /><testcase classname="backend.tests.test_phase2" name="test_invoice_pdf_unauthenticated" time="0.100" /><testcase classname="backend.tests.test_phase2" name="test_invoice_pdf_returns_pdf" time="0.191" /><testcase classname="backend.tests.test_phase2" name="test_invoice_pdf_paid_stamp" time="0.184" /><testcase classname="backend.tests.test_phase2" name="test_invoice_pdf_cross_tenant_404" time="0.467" /><testcase classname="backend.tests.test_phase2b.TestSuperAdminSeed" name="test_super_admin_login" time="0.502" /><testcase classname="backend.tests.test_phase2b.TestMFAFlow" name="test_mfa_setup_returns_secret_and_qr" time="0.402" /><testcase classname="backend.tests.test_phase2b.TestMFAFlow" name="test_mfa_enable_with_valid_code_and_login_required_then_accepted" time="2.131" /><testcase classname="backend.tests.test_phase2b.TestMFAFlow" name="test_mfa_disable_wrong_password_rejected" time="0.729" /><testcase classname="backend.tests.test_phase2b.TestPasswordReset" name="test_forgot_known_returns_reset_url" time="0.415" /><testcase classname="backend.tests.test_phase2b.TestPasswordReset" name="test_forgot_unknown_returns_ok_no_url" time="0.127" /><testcase classname="backend.tests.test_phase2b.TestPasswordReset" name="test_reset_with_valid_token_revokes_sessions" time="1.298" /><testcase classname="backend.tests.test_phase2b.TestPasswordReset" name="test_reset_invalid_token" time="0.111" /><testcase classname="backend.tests.test_phase2b.TestSessions" name="test_list_sessions_marks_current" time="0.430" /><testcase classname="backend.tests.test_phase2b.TestSessions" name="test_revoke_session_blocks_access" time="0.872" /><testcase classname="backend.tests.test_phase2b.TestActivity" name="test_owner_can_read_activity" time="0.421" /><testcase classname="backend.tests.test_phase2b.TestActivity" name="test_tech_cannot_read_activity" time="0.396" /><testcase classname="backend.tests.test_phase2b.TestActivity" name="test_unauth_activity" time="0.125" /><testcase classname="backend.tests.test_phase2b.TestUsersAdmin" name="test_owner_lists_only_own_company" time="0.392" /><testcase classname="backend.tests.test_phase2b.TestUsersAdmin" name="test_super_admin_all_tenants" time="0.398" /><testcase classname="backend.tests.test_phase2b.TestUsersAdmin" name="test_owner_can_change_role_of_non_owner" time="0.496" /><testcase classname="backend.tests.test_phase2b.TestUsersAdmin" name="test_owner_cannot_modify_owner" time="0.783" /><testcase classname="backend.tests.test_phase2b.TestUsersAdmin" name="test_cross_tenant_edit_blocked" time="0.798" /><testcase classname="backend.tests.test_phase2b.TestInvite" name="test_owner_can_invite_dispatcher" time="0.838" /><testcase classname="backend.tests.test_phase2b.TestInvite" name="test_invite_duplicate_email_rejected" time="0.920" /><testcase classname="backend.tests.test_phase2b.TestInvite" name="test_owner_cannot_invite_super_admin" time="0.430" /><testcase classname="backend.tests.test_phase2b.TestInvite" name="test_tech_cannot_invite" time="0.426" /><testcase classname="backend.tests.test_phase2b.TestConfigRoles" name="test_roles_endpoint" time="0.539" /><testcase classname="backend.tests.test_phase2c.TestRegistrationVerify" name="test_register_sets_email_verified_false" time="0.360" /><testcase classname="backend.tests.test_phase2c.TestRegistrationVerify" name="test_verify_endpoint_with_invalid_token" time="0.130" /><testcase classname="backend.tests.test_phase2c.TestRegistrationVerify" name="test_verify_resend_and_then_verify" time="0.700" /><testcase classname="backend.tests.test_phase2c.TestRegistrationVerify" name="test_verify_resend_requires_auth" time="0.114" /><testcase classname="backend.tests.test_phase2c.TestGoogleExchange" name="test_google_exchange_bad_session_returns_400" time="0.202" /><testcase classname="backend.tests.test_phase2c.TestGoogleExchange" name="test_google_exchange_happy_path_creates_customer" time="0.606" /><testcase classname="backend.tests.test_phase2c.TestPortal" name="test_portal_jobs_forbidden_for_owner" time="0.413" /><testcase classname="backend.tests.test_phase2c.TestPortal" name="test_portal_companies_forbidden_for_tech" time="0.474" /><testcase classname="backend.tests.test_phase2c.TestPortal" name="test_portal_jobs_unauth" time="0.181" /><testcase classname="backend.tests.test_phase2c.TestPortal" name="test_portal_flow_with_booking_and_customer" time="1.784" /><testcase classname="backend.tests.test_phase2c.TestBookingEmail" name="test_booking_creates_job_with_customer_email" time="0.536" /><testcase classname="backend.tests.test_phase2c.TestBookingEmail" name="test_booking_without_email_still_works" time="0.516" /><testcase classname="backend.tests.test_phase2c.TestRegression" name="test_login_still_works" time="0.390" /><testcase classname="backend.tests.test_phase2c.TestRegression" name="test_super_admin_login" time="0.388" /><testcase classname="backend.tests.test_phase_crm.TestCustomers" name="test_create_persists_status_and_tags" time="0.487" /><testcase classname="backend.tests.test_phase_crm.TestCustomers" name="test_patch_updates_fields" time="0.152" /><testcase classname="backend.tests.test_phase_crm.TestCustomers" name="test_search_q_matches_name_phone_email_address" time="0.108"><failure message="TypeError: string indices must be integers, not 'str'">backend/tests/test_phase_crm.py:126: in test_search_q_matches_name_phone_email_address
    names = [c["name"] for c in r.json()]
            ^^^^^^^^^^^^^^^^^^^^^^^^^^^^^
backend/tests/test_phase_crm.py:126: in &lt;listcomp&gt;
    names = [c["name"] for c in r.json()]
             ^^^^^^^^^
E   TypeError: string indices must be integers, not 'str'</failure></testcase><testcase classname="backend.tests.test_phase_crm.TestCustomers" name="test_filter_by_status" time="0.159"><failure message="TypeError: string indices must be integers, not 'str'">backend/tests/test_phase_crm.py:138: in test_filter_by_status
    statuses = {c["status"] for c in r.json()}
               ^^^^^^^^^^^^^^^^^^^^^^^^^^^^^^^
backend/tests/test_phase_crm.py:138: in &lt;setcomp&gt;
    statuses = {c["status"] for c in r.json()}
                ^^^^^^^^^^^
E   TypeError: string indices must be integers, not 'str'</failure></testcase><testcase classname="backend.tests.test_phase_crm.TestCustomers" name="test_filter_by_tag" time="0.110"><failure message="AttributeError: 'str' object has no attribute 'get'">backend/tests/test_phase_crm.py:148: in test_filter_by_tag
    assert all(tag in c.get("tags", []) for c in out)
           ^^^^^^^^^^^^^^^^^^^^^^^^^^^^^^^^^^^^^^^^^^
backend/tests/test_phase_crm.py:148: in &lt;genexpr&gt;
    assert all(tag in c.get("tags", []) for c in out)
                      ^^^^^
E   AttributeError: 'str' object has no attribute 'get'</failure></testcase><testcase classname="backend.tests.test_phase_crm.TestCustomers" name="test_tenant_isolation_customer" time="0.520" /><testcase classname="backend.tests.test_phase_crm.TestProperties" name="test_create_list_delete_property" time="0.275" /><testcase classname="backend.tests.test_phase_crm.TestProperties" name="test_create_property_unknown_customer_returns_404" time="0.052" /><testcase classname="backend.tests.test_phase_crm.TestEquipment" name="test_equipment_requires_valid_property_in_same_customer" time="0.487" /><testcase classname="backend.tests.test_phase_crm.TestCommunicationsAndJobAutoLog" name="test_create_and_list_manual_communication" time="0.166" /><testcase classname="backend.tests.test_phase_crm.TestCommunicationsAndJobAutoLog" name="test_job_created_auto_logs_system_communication" time="0.167" /><testcase classname="backend.tests.test_phase_crm.TestCommunicationsAndJobAutoLog" name="test_job_completed_auto_logs" time="0.225" /><testcase classname="backend.tests.test_phase_crm.TestTimeline" name="test_timeline_merges_and_sorts" time="0.450" /><testcase classname="backend.tests.test_phase_crm.TestFiles" name="test_upload_list_delete_file" time="0.380" /><testcase classname="backend.tests.test_phase_crm.TestAISummary" name="test_summary_returns_model_or_fallback" time="6.894"><failure message="AssertionError: assert 'claude-sonnet-4-5-20250929' in (None, 'claude-sonnet-4-5')">backend/tests/test_phase_crm.py:309: in test_summary_returns_model_or_fallback
    assert body["model"] in (None, "claude-sonnet-4-5")
E   AssertionError: assert 'claude-sonnet-4-5-20250929' in (None, 'claude-sonnet-4-5')</failure></testcase><testcase classname="backend.tests.test_phase_crm.TestTenantIsolation" name="test_other_tenant_cannot_see_customer_subresources" time="0.353" /><testcase classname="backend.tests.test_phase_crm.TestRegression" name="test_me" time="0.093" /></testsuite></testsuites>