<?xml version="1.0" encoding="utf-8"?><testsuites name="pytest tests"><testsuite name="pytest" errors="0" failures="1" skipped="0" tests="18" time="5.309" timestamp="2026-05-16T16:55:15.140199+00:00" hostname="agent-env-542b8ab2-8e98-4fed-a55f-672a78fcb0a9"><testcase classname="backend.tests.test_a1fieldpro" name="test_health" time="0.250" /><testcase classname="backend.tests.test_a1fieldpro" name="test_login_owner_sets_cookie" time="0.375" /><testcase classname="backend.tests.test_a1fieldpro" name="test_login_invalid" time="0.343" /><testcase classname="backend.tests.test_a1fieldpro" name="test_me_returns_user_and_company" time="0.412" /><testcase classname="backend.tests.test_a1fieldpro" name="test_me_unauthenticated" time="0.144" /><testcase classname="backend.tests.test_a1fieldpro" name="test_logout_clears_cookie" time="0.532" /><testcase classname="backend.tests.test_a1fieldpro" name="test_register_creates_company_and_owner" time="0.333"><failure message="AssertionError: assert 'test_98cee613@example.com' == 'TEST_98cee613@example.com'&#10;  &#10;  - TEST_98cee613@example.com&#10;  ? ^^^^&#10;  + test_98cee613@example.com&#10;  ? ^^^^">backend/tests/test_a1fieldpro.py:85: in test_register_creates_company_and_owner
    assert body["user"]["email"] == email
E   AssertionError: assert 'test_98cee613@example.com' == 'TEST_98cee613@example.com'
E     
E     - TEST_98cee613@example.com
E     ? ^^^^
E     + test_98cee613@example.com
E     ? ^^^^</failure></testcase><testcase classname="backend.tests.test_a1fieldpro" name="test_list_jobs_seeded" time="0.050" /><testcase classname="backend.tests.test_a1fieldpro" name="test_jobs_mine_for_technician" time="0.456" /><testcase classname="backend.tests.test_a1fieldpro" name="test_job_crud" time="0.251" /><testcase classname="backend.tests.test_a1fieldpro" name="test_technician_cannot_delete_job" time="0.168" /><testcase classname="backend.tests.test_a1fieldpro" name="test_dashboard_stats" time="0.053" /><testcase classname="backend.tests.test_a1fieldpro" name="test_team_list" time="0.051" /><testcase classname="backend.tests.test_a1fieldpro" name="test_team_create_and_delete" time="0.320" /><testcase classname="backend.tests.test_a1fieldpro" name="test_tech_cannot_create_team" time="0.050" /><testcase classname="backend.tests.test_a1fieldpro" name="test_customers_create_list" time="0.105" /><testcase classname="backend.tests.test_a1fieldpro" name="test_multi_tenant_isolation" time="0.378" /><testcase classname="backend.tests.test_a1fieldpro" name="test_payment_checkout" time="0.833" /></testsuite></testsuites>